Running Manager running on directory "/home/ubuntu/nfs/Hammr"
Registered launcher with ID Launcherb9eeed8:1344e545f7c:-7ffe
Time to parse graph for application pagerank: 3 msec
Identified node group bundles:
{
	[worker-3]
}
{
	[worker-2]
}
{
	[worker-0]
}
{
	[worker-1]
}
Scheduling node group bundle {
	[worker-0]
}
Scheduling node group bundle {
	[worker-2]
}
Scheduling node group bundle {
	[worker-1]
}
Scheduling node group bundle {
	[worker-3]
}
prepareIteration
Scheduling node group bundle {
	[worker-0]
}
Scheduling node group bundle {
	[worker-2]
}
Scheduling node group bundle {
	[worker-1]
}
Scheduling node group bundle {
	[worker-3]
}
prepareIteration
Scheduling node group bundle {
	[worker-0]
}
Scheduling node group bundle {
	[worker-2]
}
Scheduling node group bundle {
	[worker-1]
}
Scheduling node group bundle {
	[worker-3]
}
prepareIteration
Scheduling node group bundle {
	[worker-0]
}
Scheduling node group bundle {
	[worker-2]
}
Scheduling node group bundle {
	[worker-1]
}
Scheduling node group bundle {
	[worker-3]
}
prepareIteration
Scheduling node group bundle {
	[worker-0]
}
Scheduling node group bundle {
	[worker-2]
}
Scheduling node group bundle {
	[worker-1]
}
Scheduling node group bundle {
	[worker-3]
}
prepareIteration
Scheduling node group bundle {
	[worker-0]
}
Scheduling node group bundle {
	[worker-2]
}
Scheduling node group bundle {
	[worker-1]
}
Scheduling node group bundle {
	[worker-3]
}
prepareIteration
Scheduling node group bundle {
	[worker-0]
}
Scheduling node group bundle {
	[worker-2]
}
Scheduling node group bundle {
	[worker-1]
}
Scheduling node group bundle {
	[worker-3]
}
prepareIteration
Scheduling node group bundle {
	[worker-0]
}
Scheduling node group bundle {
	[worker-2]
}
Scheduling node group bundle {
	[worker-1]
}
Scheduling node group bundle {
	[worker-3]
}
prepareIteration
Scheduling node group bundle {
	[worker-0]
}
Scheduling node group bundle {
	[worker-2]
}
Scheduling node group bundle {
	[worker-1]
}
Scheduling node group bundle {
	[worker-3]
}
prepareIteration
Scheduling node group bundle {
	[worker-0]
}
Scheduling node group bundle {
	[worker-2]
}
Scheduling node group bundle {
	[worker-1]
}
Scheduling node group bundle {
	[worker-3]
}
terminateApplication
