Running Launcher-205da37c:13449e31e78:-7ffe
Executing worker-28
[2011/12/17 02:39:33]worker-28: perfortInitialization
[2011/12/17 02:39:33]worker-28: load cache
[2011/12/17 02:39:33]worker-28: finish loading cache
[2011/12/17 02:39:33]worker-28: loading graph...
Executing worker-40
[2011/12/17 02:39:37]worker-40: perfortInitialization
[2011/12/17 02:39:37]worker-40: load cache
[2011/12/17 02:39:37]worker-40: finish loading cache
[2011/12/17 02:39:37]worker-40: loading graph...
Executing worker-6
[2011/12/17 02:39:40]worker-6: perfortInitialization
[2011/12/17 02:39:40]worker-6: load cache
[2011/12/17 02:39:40]worker-6: finish loading cache
[2011/12/17 02:39:40]worker-6: loading graph...
Executing worker-41
[2011/12/17 02:39:45]worker-41: perfortInitialization
[2011/12/17 02:39:45]worker-41: load cache
[2011/12/17 02:39:45]worker-41: finish loading cache
[2011/12/17 02:39:45]worker-41: loading graph...
[2011/12/17 02:40:32]worker-28: done
[2011/12/17 02:40:38]worker-28: start receiving message
[2011/12/17 02:40:42]worker-28: performActionNothingPresent
[2011/12/17 02:40:43]worker-28: processed 10000 vertex
[2011/12/17 02:40:43]worker-28: processed 20000 vertex
[2011/12/17 02:40:43]worker-28: processed 30000 vertex
[2011/12/17 02:40:43]worker-28: processed 40000 vertex
[2011/12/17 02:40:43]worker-28: processed 50000 vertex
[2011/12/17 02:40:43]worker-28: processed 60000 vertex
[2011/12/17 02:40:43]worker-28: processed 70000 vertex
[2011/12/17 02:40:43]worker-28: processed 80000 vertex
[2011/12/17 02:40:43]worker-28: processed 90000 vertex
[2011/12/17 02:40:43]worker-28: processed 100000 vertex
[2011/12/17 02:40:51]worker-28: performTermination
[2011/12/17 02:40:52]worker-40: done
[2011/12/17 02:40:55]worker-28: done
[2011/12/17 02:40:56]Launcher: finish execution
[2011/12/17 02:40:56]Launcher: free memory 3892464688
[2011/12/17 02:40:57]worker-40: start receiving message
[2011/12/17 02:40:57]worker-40: performActionNothingPresent
[2011/12/17 02:40:57]worker-40: processed 10000 vertex
[2011/12/17 02:40:57]worker-40: processed 20000 vertex
[2011/12/17 02:40:57]worker-40: processed 30000 vertex
[2011/12/17 02:40:57]worker-40: processed 40000 vertex
[2011/12/17 02:40:57]worker-40: processed 50000 vertex
[2011/12/17 02:40:57]worker-40: processed 60000 vertex
[2011/12/17 02:40:57]worker-40: processed 70000 vertex
[2011/12/17 02:40:57]worker-40: processed 80000 vertex
[2011/12/17 02:40:57]worker-40: processed 90000 vertex
[2011/12/17 02:40:57]worker-40: processed 100000 vertex
[2011/12/17 02:41:07]worker-40: performTermination
[2011/12/17 02:41:08]worker-6: done
[2011/12/17 02:41:11]worker-41: done
[2011/12/17 02:41:11]worker-40: done
[2011/12/17 02:41:12]Launcher: finish execution
[2011/12/17 02:41:12]Launcher: free memory 3638389832
[2011/12/17 02:41:12]worker-6: start receiving message
[2011/12/17 02:41:12]worker-6: performActionNothingPresent
[2011/12/17 02:41:12]worker-6: processed 10000 vertex
[2011/12/17 02:41:12]worker-6: processed 20000 vertex
[2011/12/17 02:41:12]worker-6: processed 30000 vertex
[2011/12/17 02:41:12]worker-6: processed 40000 vertex
[2011/12/17 02:41:12]worker-6: processed 50000 vertex
[2011/12/17 02:41:12]worker-6: processed 60000 vertex
[2011/12/17 02:41:12]worker-6: processed 70000 vertex
[2011/12/17 02:41:12]worker-6: processed 80000 vertex
[2011/12/17 02:41:12]worker-6: processed 90000 vertex
[2011/12/17 02:41:12]worker-6: processed 100000 vertex
[2011/12/17 02:41:26]worker-6: performTermination
[2011/12/17 02:41:27]worker-41: start receiving message
[2011/12/17 02:41:27]worker-41: performActionNothingPresent
[2011/12/17 02:41:27]worker-41: processed 10000 vertex
[2011/12/17 02:41:27]worker-41: processed 20000 vertex
[2011/12/17 02:41:28]worker-41: processed 30000 vertex
[2011/12/17 02:41:28]worker-41: processed 40000 vertex
[2011/12/17 02:41:28]worker-41: processed 50000 vertex
[2011/12/17 02:41:28]worker-41: processed 60000 vertex
[2011/12/17 02:41:28]worker-41: processed 70000 vertex
[2011/12/17 02:41:28]worker-41: processed 80000 vertex
[2011/12/17 02:41:28]worker-41: processed 90000 vertex
[2011/12/17 02:41:28]worker-41: processed 100000 vertex
[2011/12/17 02:41:38]worker-41: performTermination
[2011/12/17 02:41:39]worker-6: done
[2011/12/17 02:41:39]Launcher: finish execution
[2011/12/17 02:41:39]Launcher: free memory 3742037024
[2011/12/17 02:41:40]worker-41: done
[2011/12/17 02:41:41]Launcher: finish execution
[2011/12/17 02:41:41]Launcher: free memory 3714123152
Executing worker-28
[2011/12/17 02:42:43]worker-28: perfortInitialization
[2011/12/17 02:42:43]worker-28: load cache
[2011/12/17 02:42:43]worker-28: finish loading cache
[2011/12/17 02:42:43]worker-28: start receiving message
Executing worker-40
[2011/12/17 02:42:43]worker-40: perfortInitialization
[2011/12/17 02:42:43]worker-40: load cache
[2011/12/17 02:42:43]worker-40: finish loading cache
[2011/12/17 02:42:43]worker-40: start receiving message
[2011/12/17 02:42:43]worker-28: performActionNothingPresent
[2011/12/17 02:42:43]worker-28: processed 10000 vertex
[2011/12/17 02:42:43]worker-28: processed 20000 vertex
[2011/12/17 02:42:43]worker-28: processed 30000 vertex
[2011/12/17 02:42:43]worker-28: processed 40000 vertex
[2011/12/17 02:42:43]worker-28: processed 50000 vertex
[2011/12/17 02:42:43]worker-28: processed 60000 vertex
[2011/12/17 02:42:43]worker-28: processed 70000 vertex
[2011/12/17 02:42:44]worker-28: processed 80000 vertex
[2011/12/17 02:42:44]worker-28: processed 90000 vertex
[2011/12/17 02:42:44]worker-28: processed 100000 vertex
[2011/12/17 02:42:54]worker-40: performActionNothingPresent
[2011/12/17 02:42:54]worker-40: processed 10000 vertex
[2011/12/17 02:42:54]worker-28: performTermination
[2011/12/17 02:42:54]worker-40: processed 20000 vertex
[2011/12/17 02:42:54]worker-40: processed 30000 vertex
[2011/12/17 02:42:54]worker-40: processed 40000 vertex
[2011/12/17 02:42:54]worker-40: processed 50000 vertex
[2011/12/17 02:42:54]worker-40: processed 60000 vertex
Executing worker-6
[2011/12/17 02:42:54]worker-6: perfortInitialization
[2011/12/17 02:42:54]worker-6: load cache
[2011/12/17 02:42:54]worker-6: finish loading cache
[2011/12/17 02:42:54]worker-40: processed 70000 vertex
[2011/12/17 02:42:54]worker-40: processed 80000 vertex
[2011/12/17 02:42:54]worker-40: processed 90000 vertex
[2011/12/17 02:42:54]worker-6: start receiving message
[2011/12/17 02:42:54]worker-40: processed 100000 vertex
[2011/12/17 02:43:05]worker-40: performTermination
Executing worker-41
[2011/12/17 02:43:05]worker-41: perfortInitialization
[2011/12/17 02:43:05]worker-41: load cache
[2011/12/17 02:43:05]worker-41: finish loading cache
[2011/12/17 02:43:05]worker-41: start receiving message
[2011/12/17 02:43:06]worker-6: performActionNothingPresent
[2011/12/17 02:43:06]worker-6: processed 10000 vertex
[2011/12/17 02:43:06]worker-6: processed 20000 vertex
[2011/12/17 02:43:06]worker-6: processed 30000 vertex
[2011/12/17 02:43:06]worker-6: processed 40000 vertex
[2011/12/17 02:43:06]worker-6: processed 50000 vertex
[2011/12/17 02:43:06]worker-6: processed 60000 vertex
[2011/12/17 02:43:06]worker-6: processed 70000 vertex
[2011/12/17 02:43:06]worker-6: processed 80000 vertex
[2011/12/17 02:43:06]worker-6: processed 90000 vertex
[2011/12/17 02:43:06]worker-6: processed 100000 vertex
[2011/12/17 02:43:20]worker-6: performTermination
[2011/12/17 02:43:20]worker-41: performActionNothingPresent
[2011/12/17 02:43:20]worker-41: processed 10000 vertex
[2011/12/17 02:43:20]worker-41: processed 20000 vertex
[2011/12/17 02:43:20]worker-41: processed 30000 vertex
[2011/12/17 02:43:20]worker-41: processed 40000 vertex
[2011/12/17 02:43:20]worker-41: processed 50000 vertex
[2011/12/17 02:43:20]worker-41: processed 60000 vertex
[2011/12/17 02:43:20]worker-41: processed 70000 vertex
[2011/12/17 02:43:20]worker-41: processed 80000 vertex
[2011/12/17 02:43:20]worker-41: processed 90000 vertex
[2011/12/17 02:43:20]worker-41: processed 100000 vertex
[2011/12/17 02:43:31]worker-41: performTermination
[2011/12/17 02:43:32]worker-28: done
[2011/12/17 02:43:32]Launcher: finish execution
[2011/12/17 02:43:32]Launcher: free memory 3724440024
[2011/12/17 02:43:32]worker-40: done
[2011/12/17 02:43:32]Launcher: finish execution
[2011/12/17 02:43:32]Launcher: free memory 3706400304
[2011/12/17 02:43:33]worker-6: done
[2011/12/17 02:43:33]worker-41: done
[2011/12/17 02:43:33]Launcher: finish execution
[2011/12/17 02:43:33]Launcher: free memory 3684336968
[2011/12/17 02:43:34]Launcher: finish execution
[2011/12/17 02:43:34]Launcher: free memory 3682391016
Executing worker-28
[2011/12/17 02:43:49]worker-28: perfortInitialization
[2011/12/17 02:43:49]worker-28: load cache
[2011/12/17 02:43:49]worker-28: finish loading cache
[2011/12/17 02:43:49]worker-28: start receiving message
Executing worker-40
[2011/12/17 02:43:49]worker-40: perfortInitialization
[2011/12/17 02:43:49]worker-40: load cache
[2011/12/17 02:43:49]worker-40: finish loading cache
[2011/12/17 02:43:49]worker-40: start receiving message
[2011/12/17 02:43:50]worker-28: performActionNothingPresent
[2011/12/17 02:43:50]worker-28: processed 10000 vertex
[2011/12/17 02:43:50]worker-28: processed 20000 vertex
[2011/12/17 02:43:50]worker-28: processed 30000 vertex
[2011/12/17 02:43:50]worker-28: processed 40000 vertex
[2011/12/17 02:43:50]worker-28: processed 50000 vertex
[2011/12/17 02:43:50]worker-28: processed 60000 vertex
Executing worker-6
[2011/12/17 02:43:50]worker-6: perfortInitialization
[2011/12/17 02:43:50]worker-6: load cache
[2011/12/17 02:43:50]worker-6: finish loading cache
[2011/12/17 02:43:50]worker-28: processed 70000 vertex
[2011/12/17 02:43:50]worker-6: start receiving message
[2011/12/17 02:43:50]worker-28: processed 80000 vertex
[2011/12/17 02:43:50]worker-28: processed 90000 vertex
[2011/12/17 02:43:50]worker-28: processed 100000 vertex
[2011/12/17 02:44:01]worker-6: performActionNothingPresent
[2011/12/17 02:44:01]worker-28: performTermination
[2011/12/17 02:44:01]worker-40: performActionNothingPresent
[2011/12/17 02:44:01]worker-6: processed 10000 vertex
[2011/12/17 02:44:01]worker-6: processed 20000 vertex
[2011/12/17 02:44:01]worker-6: processed 30000 vertex
[2011/12/17 02:44:01]worker-40: processed 10000 vertex
[2011/12/17 02:44:01]worker-40: processed 20000 vertex
[2011/12/17 02:44:01]worker-40: processed 30000 vertex
[2011/12/17 02:44:01]worker-40: processed 40000 vertex
[2011/12/17 02:44:01]worker-6: processed 40000 vertex
[2011/12/17 02:44:01]worker-6: processed 50000 vertex
Executing worker-41
[2011/12/17 02:44:01]worker-6: processed 60000 vertex
[2011/12/17 02:44:01]worker-41: perfortInitialization
[2011/12/17 02:44:01]worker-41: load cache
[2011/12/17 02:44:01]worker-41: finish loading cache
[2011/12/17 02:44:01]worker-40: processed 50000 vertex
[2011/12/17 02:44:01]worker-40: processed 60000 vertex
[2011/12/17 02:44:01]worker-40: processed 70000 vertex
[2011/12/17 02:44:01]worker-6: processed 70000 vertex
[2011/12/17 02:44:01]worker-40: processed 80000 vertex
[2011/12/17 02:44:01]worker-41: start receiving message
[2011/12/17 02:44:01]worker-6: processed 80000 vertex
[2011/12/17 02:44:01]worker-40: processed 90000 vertex
[2011/12/17 02:44:01]worker-6: processed 90000 vertex
[2011/12/17 02:44:01]worker-6: processed 100000 vertex
[2011/12/17 02:44:01]worker-40: processed 100000 vertex
[2011/12/17 02:44:11]worker-6: performTermination
[2011/12/17 02:44:24]worker-40: performTermination
[2011/12/17 02:44:24]worker-41: performActionNothingPresent
[2011/12/17 02:44:24]worker-41: processed 10000 vertex
[2011/12/17 02:44:24]worker-41: processed 20000 vertex
[2011/12/17 02:44:24]worker-41: processed 30000 vertex
[2011/12/17 02:44:24]worker-41: processed 40000 vertex
[2011/12/17 02:44:24]worker-41: processed 50000 vertex
[2011/12/17 02:44:24]worker-41: processed 60000 vertex
[2011/12/17 02:44:24]worker-41: processed 70000 vertex
[2011/12/17 02:44:24]worker-41: processed 80000 vertex
[2011/12/17 02:44:24]worker-41: processed 90000 vertex
[2011/12/17 02:44:24]worker-41: processed 100000 vertex
[2011/12/17 02:44:35]worker-41: performTermination
[2011/12/17 02:44:38]worker-28: done
[2011/12/17 02:44:38]worker-41: done
[2011/12/17 02:44:38]worker-6: done
[2011/12/17 02:44:38]worker-40: done
[2011/12/17 02:44:39]Launcher: finish execution
[2011/12/17 02:44:39]Launcher: free memory 3645475944
[2011/12/17 02:44:39]Launcher: finish execution
[2011/12/17 02:44:39]Launcher: free memory 3641039112
[2011/12/17 02:44:39]Launcher: finish execution
[2011/12/17 02:44:39]Launcher: finish execution
[2011/12/17 02:44:39]Launcher: free memory 3637147208
[2011/12/17 02:44:39]Launcher: free memory 3637147208
Executing worker-28
[2011/12/17 02:44:54]worker-28: perfortInitialization
[2011/12/17 02:44:54]worker-28: load cache
[2011/12/17 02:44:54]worker-28: finish loading cache
[2011/12/17 02:44:55]worker-28: start receiving message
Executing worker-40
[2011/12/17 02:44:55]worker-40: perfortInitialization
[2011/12/17 02:44:55]worker-40: load cache
[2011/12/17 02:44:55]worker-40: finish loading cache
[2011/12/17 02:44:55]worker-40: start receiving message
[2011/12/17 02:44:55]worker-28: performActionNothingPresent
[2011/12/17 02:44:55]worker-28: processed 10000 vertex
[2011/12/17 02:44:55]worker-28: processed 20000 vertex
[2011/12/17 02:44:55]worker-28: processed 30000 vertex
[2011/12/17 02:44:55]worker-28: processed 40000 vertex
[2011/12/17 02:44:55]worker-28: processed 50000 vertex
[2011/12/17 02:44:55]worker-28: processed 60000 vertex
[2011/12/17 02:44:55]worker-28: processed 70000 vertex
[2011/12/17 02:44:55]worker-28: processed 80000 vertex
[2011/12/17 02:44:55]worker-28: processed 90000 vertex
[2011/12/17 02:44:55]worker-28: processed 100000 vertex
[2011/12/17 02:45:06]worker-40: performActionNothingPresent
[2011/12/17 02:45:06]worker-28: performTermination
[2011/12/17 02:45:06]worker-40: processed 10000 vertex
[2011/12/17 02:45:06]worker-40: processed 20000 vertex
Executing worker-6
[2011/12/17 02:45:06]worker-6: perfortInitialization
[2011/12/17 02:45:06]worker-6: load cache
[2011/12/17 02:45:06]worker-6: finish loading cache
[2011/12/17 02:45:06]worker-40: processed 30000 vertex
[2011/12/17 02:45:06]worker-40: processed 40000 vertex
[2011/12/17 02:45:06]worker-6: start receiving message
[2011/12/17 02:45:06]worker-40: processed 50000 vertex
[2011/12/17 02:45:06]worker-40: processed 60000 vertex
[2011/12/17 02:45:06]worker-40: processed 70000 vertex
[2011/12/17 02:45:06]worker-40: processed 80000 vertex
[2011/12/17 02:45:06]worker-40: processed 90000 vertex
[2011/12/17 02:45:06]worker-40: processed 100000 vertex
[2011/12/17 02:45:16]worker-40: performTermination
Executing worker-41
[2011/12/17 02:45:16]worker-41: perfortInitialization
[2011/12/17 02:45:16]worker-41: load cache
[2011/12/17 02:45:16]worker-41: finish loading cache
[2011/12/17 02:45:16]worker-41: start receiving message
[2011/12/17 02:45:17]worker-6: performActionNothingPresent
[2011/12/17 02:45:17]worker-6: processed 10000 vertex
[2011/12/17 02:45:17]worker-6: processed 20000 vertex
[2011/12/17 02:45:17]worker-6: processed 30000 vertex
[2011/12/17 02:45:17]worker-6: processed 40000 vertex
[2011/12/17 02:45:17]worker-6: processed 50000 vertex
[2011/12/17 02:45:17]worker-6: processed 60000 vertex
[2011/12/17 02:45:17]worker-6: processed 70000 vertex
[2011/12/17 02:45:17]worker-6: processed 80000 vertex
[2011/12/17 02:45:17]worker-6: processed 90000 vertex
[2011/12/17 02:45:17]worker-6: processed 100000 vertex
[2011/12/17 02:45:30]worker-6: performTermination
[2011/12/17 02:45:30]worker-41: performActionNothingPresent
[2011/12/17 02:45:30]worker-41: processed 10000 vertex
[2011/12/17 02:45:30]worker-41: processed 20000 vertex
[2011/12/17 02:45:30]worker-41: processed 30000 vertex
[2011/12/17 02:45:30]worker-41: processed 40000 vertex
[2011/12/17 02:45:30]worker-41: processed 50000 vertex
[2011/12/17 02:45:30]worker-41: processed 60000 vertex
[2011/12/17 02:45:30]worker-41: processed 70000 vertex
[2011/12/17 02:45:30]worker-41: processed 80000 vertex
[2011/12/17 02:45:30]worker-41: processed 90000 vertex
[2011/12/17 02:45:30]worker-41: processed 100000 vertex
[2011/12/17 02:45:41]worker-41: performTermination
[2011/12/17 02:45:42]worker-40: done
[2011/12/17 02:45:42]worker-28: done
[2011/12/17 02:45:42]Launcher: finish execution
[2011/12/17 02:45:42]Launcher: free memory 3707574776
[2011/12/17 02:45:42]Launcher: finish execution
[2011/12/17 02:45:42]Launcher: free memory 3703990408
[2011/12/17 02:45:43]worker-6: done
[2011/12/17 02:45:43]worker-41: done
[2011/12/17 02:45:43]Launcher: finish execution
[2011/12/17 02:45:43]Launcher: free memory 3667124824
[2011/12/17 02:45:44]Launcher: finish execution
[2011/12/17 02:45:44]Launcher: free memory 3665178872
Executing worker-28
[2011/12/17 02:45:57]worker-28: perfortInitialization
[2011/12/17 02:45:57]worker-28: load cache
[2011/12/17 02:45:57]worker-28: finish loading cache
[2011/12/17 02:45:57]worker-28: start receiving message
Executing worker-40
[2011/12/17 02:45:57]worker-40: perfortInitialization
[2011/12/17 02:45:57]worker-40: load cache
[2011/12/17 02:45:57]worker-40: finish loading cache
[2011/12/17 02:45:57]worker-28: performActionNothingPresent
[2011/12/17 02:45:57]worker-40: start receiving message
[2011/12/17 02:45:57]worker-28: processed 10000 vertex
[2011/12/17 02:45:57]worker-28: processed 20000 vertex
[2011/12/17 02:45:57]worker-28: processed 30000 vertex
[2011/12/17 02:45:57]worker-28: processed 40000 vertex
[2011/12/17 02:45:58]worker-28: processed 50000 vertex
[2011/12/17 02:45:58]worker-28: processed 60000 vertex
[2011/12/17 02:45:58]worker-28: processed 70000 vertex
[2011/12/17 02:45:58]worker-28: processed 80000 vertex
[2011/12/17 02:45:58]worker-28: processed 90000 vertex
Executing worker-6
[2011/12/17 02:45:58]worker-28: processed 100000 vertex
[2011/12/17 02:45:58]worker-6: perfortInitialization
[2011/12/17 02:45:58]worker-6: load cache
[2011/12/17 02:45:58]worker-6: finish loading cache
[2011/12/17 02:46:08]worker-40: performActionNothingPresent
[2011/12/17 02:46:08]worker-28: performTermination
[2011/12/17 02:46:08]worker-40: processed 10000 vertex
[2011/12/17 02:46:08]worker-6: start receiving message
[2011/12/17 02:46:08]worker-40: processed 20000 vertex
[2011/12/17 02:46:08]worker-40: processed 30000 vertex
[2011/12/17 02:46:08]worker-40: processed 40000 vertex
[2011/12/17 02:46:08]worker-40: processed 50000 vertex
[2011/12/17 02:46:08]worker-40: processed 60000 vertex
[2011/12/17 02:46:08]worker-40: processed 70000 vertex
[2011/12/17 02:46:08]worker-40: processed 80000 vertex
[2011/12/17 02:46:08]worker-40: processed 90000 vertex
[2011/12/17 02:46:08]worker-40: processed 100000 vertex
[2011/12/17 02:46:19]worker-40: performTermination
Executing worker-41
[2011/12/17 02:46:19]worker-41: perfortInitialization
[2011/12/17 02:46:19]worker-41: load cache
[2011/12/17 02:46:19]worker-41: finish loading cache
[2011/12/17 02:46:19]worker-6: performActionNothingPresent
[2011/12/17 02:46:19]worker-41: start receiving message
[2011/12/17 02:46:19]worker-6: processed 10000 vertex
[2011/12/17 02:46:19]worker-6: processed 20000 vertex
[2011/12/17 02:46:19]worker-6: processed 30000 vertex
[2011/12/17 02:46:19]worker-6: processed 40000 vertex
[2011/12/17 02:46:19]worker-6: processed 50000 vertex
[2011/12/17 02:46:19]worker-6: processed 60000 vertex
[2011/12/17 02:46:19]worker-6: processed 70000 vertex
[2011/12/17 02:46:19]worker-6: processed 80000 vertex
[2011/12/17 02:46:19]worker-6: processed 90000 vertex
[2011/12/17 02:46:19]worker-6: processed 100000 vertex
[2011/12/17 02:46:31]worker-6: performTermination
[2011/12/17 02:46:31]worker-41: performActionNothingPresent
[2011/12/17 02:46:31]worker-41: processed 10000 vertex
[2011/12/17 02:46:31]worker-41: processed 20000 vertex
[2011/12/17 02:46:31]worker-41: processed 30000 vertex
[2011/12/17 02:46:31]worker-41: processed 40000 vertex
[2011/12/17 02:46:31]worker-41: processed 50000 vertex
[2011/12/17 02:46:31]worker-41: processed 60000 vertex
[2011/12/17 02:46:31]worker-41: processed 70000 vertex
[2011/12/17 02:46:31]worker-41: processed 80000 vertex
[2011/12/17 02:46:31]worker-41: processed 90000 vertex
[2011/12/17 02:46:32]worker-41: processed 100000 vertex
[2011/12/17 02:46:42]worker-41: performTermination
[2011/12/17 02:46:44]worker-28: done
[2011/12/17 02:46:44]worker-40: done
[2011/12/17 02:46:44]Launcher: finish execution
[2011/12/17 02:46:44]Launcher: free memory 3705290552
[2011/12/17 02:46:44]Launcher: finish execution
[2011/12/17 02:46:44]Launcher: free memory 3700853720
[2011/12/17 02:46:45]worker-6: done
[2011/12/17 02:46:45]Launcher: finish execution
[2011/12/17 02:46:45]Launcher: free memory 3681460408
[2011/12/17 02:46:45]worker-41: done
[2011/12/17 02:46:45]Launcher: finish execution
[2011/12/17 02:46:45]Launcher: free memory 3679514456
Executing worker-28
[2011/12/17 02:47:03]worker-28: perfortInitialization
[2011/12/17 02:47:03]worker-28: load cache
[2011/12/17 02:47:03]worker-28: finish loading cache
[2011/12/17 02:47:03]worker-28: start receiving message
[2011/12/17 02:47:03]worker-28: performActionNothingPresent
[2011/12/17 02:47:03]worker-28: processed 10000 vertex
[2011/12/17 02:47:03]worker-28: processed 20000 vertex
[2011/12/17 02:47:03]worker-28: processed 30000 vertex
[2011/12/17 02:47:03]worker-28: processed 40000 vertex
[2011/12/17 02:47:03]worker-28: processed 50000 vertex
[2011/12/17 02:47:03]worker-28: processed 60000 vertex
[2011/12/17 02:47:03]worker-28: processed 70000 vertex
[2011/12/17 02:47:03]worker-28: processed 80000 vertex
[2011/12/17 02:47:03]worker-28: processed 90000 vertex
[2011/12/17 02:47:03]worker-28: processed 100000 vertex
[2011/12/17 02:47:14]worker-28: performTermination
Executing worker-40
[2011/12/17 02:47:14]worker-40: perfortInitialization
[2011/12/17 02:47:14]worker-40: load cache
[2011/12/17 02:47:14]worker-40: finish loading cache
[2011/12/17 02:47:14]worker-40: start receiving message
Executing worker-6
[2011/12/17 02:47:14]worker-6: perfortInitialization
[2011/12/17 02:47:14]worker-6: load cache
[2011/12/17 02:47:14]worker-6: finish loading cache
[2011/12/17 02:47:14]worker-6: start receiving message
[2011/12/17 02:47:14]worker-40: performActionNothingPresent
[2011/12/17 02:47:14]worker-40: processed 10000 vertex
[2011/12/17 02:47:14]worker-40: processed 20000 vertex
[2011/12/17 02:47:14]worker-40: processed 30000 vertex
[2011/12/17 02:47:14]worker-40: processed 40000 vertex
[2011/12/17 02:47:14]worker-40: processed 50000 vertex
[2011/12/17 02:47:14]worker-40: processed 60000 vertex
[2011/12/17 02:47:14]worker-40: processed 70000 vertex
[2011/12/17 02:47:14]worker-40: processed 80000 vertex
[2011/12/17 02:47:14]worker-40: processed 90000 vertex
[2011/12/17 02:47:14]worker-40: processed 100000 vertex
Executing worker-41
[2011/12/17 02:47:14]worker-41: perfortInitialization
[2011/12/17 02:47:14]worker-41: load cache
[2011/12/17 02:47:14]worker-41: finish loading cache
[2011/12/17 02:47:25]worker-40: performTermination
[2011/12/17 02:47:25]worker-6: performActionNothingPresent
[2011/12/17 02:47:25]worker-6: processed 10000 vertex
[2011/12/17 02:47:25]worker-41: start receiving message
[2011/12/17 02:47:25]worker-6: processed 20000 vertex
[2011/12/17 02:47:25]worker-6: processed 30000 vertex
[2011/12/17 02:47:25]worker-6: processed 40000 vertex
[2011/12/17 02:47:25]worker-6: processed 50000 vertex
[2011/12/17 02:47:25]worker-6: processed 60000 vertex
[2011/12/17 02:47:25]worker-6: processed 70000 vertex
[2011/12/17 02:47:25]worker-6: processed 80000 vertex
[2011/12/17 02:47:25]worker-6: processed 90000 vertex
[2011/12/17 02:47:25]worker-6: processed 100000 vertex
[2011/12/17 02:47:37]worker-6: performTermination
[2011/12/17 02:47:37]worker-41: performActionNothingPresent
[2011/12/17 02:47:37]worker-41: processed 10000 vertex
[2011/12/17 02:47:37]worker-41: processed 20000 vertex
[2011/12/17 02:47:37]worker-41: processed 30000 vertex
[2011/12/17 02:47:37]worker-41: processed 40000 vertex
[2011/12/17 02:47:37]worker-41: processed 50000 vertex
[2011/12/17 02:47:37]worker-41: processed 60000 vertex
[2011/12/17 02:47:37]worker-41: processed 70000 vertex
[2011/12/17 02:47:37]worker-41: processed 80000 vertex
[2011/12/17 02:47:37]worker-41: processed 90000 vertex
[2011/12/17 02:47:37]worker-41: processed 100000 vertex
[2011/12/17 02:47:48]worker-41: performTermination
[2011/12/17 02:47:49]worker-28: done
[2011/12/17 02:47:49]Launcher: finish execution
[2011/12/17 02:47:49]Launcher: free memory 3711573160
[2011/12/17 02:47:49]worker-40: done
[2011/12/17 02:47:49]Launcher: finish execution
[2011/12/17 02:47:49]Launcher: free memory 3693205648
[2011/12/17 02:47:50]worker-6: done
[2011/12/17 02:47:50]Launcher: finish execution
[2011/12/17 02:47:50]Launcher: free memory 3667160512
[2011/12/17 02:47:50]worker-41: done
[2011/12/17 02:47:51]Launcher: finish execution
[2011/12/17 02:47:51]Launcher: free memory 3665214560
Executing worker-28
[2011/12/17 02:48:04]worker-28: perfortInitialization
[2011/12/17 02:48:04]worker-28: load cache
[2011/12/17 02:48:04]worker-28: finish loading cache
[2011/12/17 02:48:04]worker-28: start receiving message
Executing worker-40
[2011/12/17 02:48:04]worker-40: perfortInitialization
[2011/12/17 02:48:04]worker-40: load cache
[2011/12/17 02:48:04]worker-40: finish loading cache
[2011/12/17 02:48:04]worker-28: performActionNothingPresent
[2011/12/17 02:48:04]worker-28: processed 10000 vertex
[2011/12/17 02:48:04]worker-28: processed 20000 vertex
[2011/12/17 02:48:04]worker-28: processed 30000 vertex
[2011/12/17 02:48:04]worker-28: processed 40000 vertex
[2011/12/17 02:48:04]worker-40: start receiving message
[2011/12/17 02:48:04]worker-28: processed 50000 vertex
[2011/12/17 02:48:04]worker-28: processed 60000 vertex
[2011/12/17 02:48:04]worker-28: processed 70000 vertex
[2011/12/17 02:48:04]worker-28: processed 80000 vertex
[2011/12/17 02:48:04]worker-28: processed 90000 vertex
[2011/12/17 02:48:04]worker-28: processed 100000 vertex
[2011/12/17 02:48:15]worker-40: performActionNothingPresent
[2011/12/17 02:48:15]worker-28: performTermination
[2011/12/17 02:48:15]worker-40: processed 10000 vertex
[2011/12/17 02:48:15]worker-40: processed 20000 vertex
[2011/12/17 02:48:15]worker-40: processed 30000 vertex
[2011/12/17 02:48:15]worker-40: processed 40000 vertex
[2011/12/17 02:48:15]worker-40: processed 50000 vertex
[2011/12/17 02:48:15]worker-40: processed 60000 vertex
[2011/12/17 02:48:15]worker-40: processed 70000 vertex
[2011/12/17 02:48:15]worker-40: processed 80000 vertex
[2011/12/17 02:48:15]worker-40: processed 90000 vertex
[2011/12/17 02:48:15]worker-40: processed 100000 vertex
[2011/12/17 02:48:26]worker-40: performTermination
Executing worker-6
[2011/12/17 02:48:26]worker-6: perfortInitialization
[2011/12/17 02:48:26]worker-6: load cache
[2011/12/17 02:48:26]worker-6: finish loading cache
[2011/12/17 02:48:26]worker-6: start receiving message
Executing worker-41
[2011/12/17 02:48:27]worker-41: perfortInitialization
[2011/12/17 02:48:27]worker-41: load cache
[2011/12/17 02:48:27]worker-41: finish loading cache
[2011/12/17 02:48:27]worker-41: start receiving message
[2011/12/17 02:48:27]worker-6: performActionNothingPresent
[2011/12/17 02:48:27]worker-6: processed 10000 vertex
[2011/12/17 02:48:27]worker-6: processed 20000 vertex
[2011/12/17 02:48:27]worker-6: processed 30000 vertex
[2011/12/17 02:48:27]worker-6: processed 40000 vertex
[2011/12/17 02:48:27]worker-6: processed 50000 vertex
[2011/12/17 02:48:27]worker-6: processed 60000 vertex
[2011/12/17 02:48:27]worker-6: processed 70000 vertex
[2011/12/17 02:48:27]worker-6: processed 80000 vertex
[2011/12/17 02:48:27]worker-6: processed 90000 vertex
[2011/12/17 02:48:27]worker-6: processed 100000 vertex
[2011/12/17 02:48:28]worker-40: done
[2011/12/17 02:48:38]worker-6: performTermination
[2011/12/17 02:48:38]worker-28: done
[2011/12/17 02:48:38]Launcher: finish execution
[2011/12/17 02:48:38]Launcher: free memory 3742664616
[2011/12/17 02:48:38]Launcher: finish execution
[2011/12/17 02:48:38]Launcher: free memory 3741377280
[2011/12/17 02:48:38]worker-41: performActionNothingPresent
[2011/12/17 02:48:38]worker-41: processed 10000 vertex
[2011/12/17 02:48:38]worker-41: processed 20000 vertex
[2011/12/17 02:48:38]worker-41: processed 30000 vertex
[2011/12/17 02:48:38]worker-41: processed 40000 vertex
[2011/12/17 02:48:38]worker-41: processed 50000 vertex
[2011/12/17 02:48:39]worker-41: processed 60000 vertex
[2011/12/17 02:48:39]worker-41: processed 70000 vertex
[2011/12/17 02:48:39]worker-41: processed 80000 vertex
[2011/12/17 02:48:39]worker-41: processed 90000 vertex
[2011/12/17 02:48:39]worker-41: processed 100000 vertex
[2011/12/17 02:48:49]worker-41: performTermination
[2011/12/17 02:48:51]worker-6: done
[2011/12/17 02:48:51]Launcher: finish execution
[2011/12/17 02:48:51]Launcher: free memory 3710620168
[2011/12/17 02:48:51]worker-41: done
[2011/12/17 02:48:51]Launcher: finish execution
[2011/12/17 02:48:51]Launcher: free memory 3709767352
Executing worker-28
[2011/12/17 02:49:05]worker-28: perfortInitialization
[2011/12/17 02:49:05]worker-28: load cache
[2011/12/17 02:49:05]worker-28: finish loading cache
[2011/12/17 02:49:05]worker-28: start receiving message
Executing worker-40
[2011/12/17 02:49:06]worker-40: perfortInitialization
[2011/12/17 02:49:06]worker-40: load cache
[2011/12/17 02:49:06]worker-40: finish loading cache
[2011/12/17 02:49:06]worker-40: start receiving message
[2011/12/17 02:49:06]worker-28: performActionNothingPresent
[2011/12/17 02:49:06]worker-28: processed 10000 vertex
[2011/12/17 02:49:06]worker-28: processed 20000 vertex
[2011/12/17 02:49:06]worker-28: processed 30000 vertex
[2011/12/17 02:49:06]worker-28: processed 40000 vertex
[2011/12/17 02:49:06]worker-28: processed 50000 vertex
Executing worker-6
[2011/12/17 02:49:06]worker-6: perfortInitialization
[2011/12/17 02:49:06]worker-6: load cache
[2011/12/17 02:49:06]worker-6: finish loading cache
[2011/12/17 02:49:06]worker-28: processed 60000 vertex
[2011/12/17 02:49:06]worker-28: processed 70000 vertex
[2011/12/17 02:49:06]worker-28: processed 80000 vertex
[2011/12/17 02:49:06]worker-6: start receiving message
[2011/12/17 02:49:06]worker-28: processed 90000 vertex
[2011/12/17 02:49:06]worker-28: processed 100000 vertex
[2011/12/17 02:49:16]worker-40: performActionNothingPresent
[2011/12/17 02:49:16]worker-6: performActionNothingPresent
[2011/12/17 02:49:16]worker-6: processed 10000 vertex
[2011/12/17 02:49:16]worker-40: processed 10000 vertex
[2011/12/17 02:49:16]worker-40: processed 20000 vertex
Executing worker-41
[2011/12/17 02:49:16]worker-28: performTermination
[2011/12/17 02:49:16]worker-41: perfortInitialization
[2011/12/17 02:49:16]worker-41: load cache
[2011/12/17 02:49:16]worker-41: finish loading cache
[2011/12/17 02:49:16]worker-6: processed 20000 vertex
[2011/12/17 02:49:16]worker-41: start receiving message
[2011/12/17 02:49:17]worker-6: processed 30000 vertex
[2011/12/17 02:49:17]worker-6: processed 40000 vertex
[2011/12/17 02:49:17]worker-40: processed 30000 vertex
[2011/12/17 02:49:17]worker-6: processed 50000 vertex
[2011/12/17 02:49:17]worker-40: processed 40000 vertex
[2011/12/17 02:49:17]worker-6: processed 60000 vertex
[2011/12/17 02:49:17]worker-6: processed 70000 vertex
[2011/12/17 02:49:17]worker-40: processed 50000 vertex
[2011/12/17 02:49:17]worker-6: processed 80000 vertex
[2011/12/17 02:49:17]worker-40: processed 60000 vertex
[2011/12/17 02:49:17]worker-6: processed 90000 vertex
[2011/12/17 02:49:17]worker-6: processed 100000 vertex
[2011/12/17 02:49:17]worker-40: processed 70000 vertex
[2011/12/17 02:49:17]worker-40: processed 80000 vertex
[2011/12/17 02:49:17]worker-40: processed 90000 vertex
[2011/12/17 02:49:17]worker-40: processed 100000 vertex
[2011/12/17 02:49:27]worker-6: performTermination
[2011/12/17 02:49:38]worker-41: performActionNothingPresent
[2011/12/17 02:49:38]worker-40: performTermination
[2011/12/17 02:49:38]worker-41: processed 10000 vertex
[2011/12/17 02:49:38]worker-41: processed 20000 vertex
[2011/12/17 02:49:38]worker-41: processed 30000 vertex
[2011/12/17 02:49:38]worker-41: processed 40000 vertex
[2011/12/17 02:49:38]worker-41: processed 50000 vertex
[2011/12/17 02:49:38]worker-41: processed 60000 vertex
[2011/12/17 02:49:38]worker-41: processed 70000 vertex
[2011/12/17 02:49:38]worker-41: processed 80000 vertex
[2011/12/17 02:49:38]worker-41: processed 90000 vertex
[2011/12/17 02:49:38]worker-41: processed 100000 vertex
[2011/12/17 02:49:49]worker-41: performTermination
[2011/12/17 02:49:52]worker-28: done
[2011/12/17 02:49:52]worker-41: done
[2011/12/17 02:49:52]worker-40: done
[2011/12/17 02:49:53]worker-6: done
[2011/12/17 02:49:53]Launcher: finish execution
[2011/12/17 02:49:53]Launcher: free memory 3657134976
[2011/12/17 02:49:53]Launcher: finish execution
[2011/12/17 02:49:53]Launcher: free memory 3654199880
[2011/12/17 02:49:53]Launcher: finish execution
[2011/12/17 02:49:53]Launcher: free memory 3653347064
[2011/12/17 02:49:53]Launcher: finish execution
[2011/12/17 02:49:53]Launcher: free memory 3652059728
Executing worker-28
[2011/12/17 02:50:07]worker-28: perfortInitialization
[2011/12/17 02:50:07]worker-28: load cache
[2011/12/17 02:50:07]worker-28: finish loading cache
[2011/12/17 02:50:07]worker-28: start receiving message
[2011/12/17 02:50:08]worker-28: performActionNothingPresent
[2011/12/17 02:50:08]worker-28: processed 10000 vertex
[2011/12/17 02:50:08]worker-28: processed 20000 vertex
[2011/12/17 02:50:08]worker-28: processed 30000 vertex
[2011/12/17 02:50:08]worker-28: processed 40000 vertex
[2011/12/17 02:50:08]worker-28: processed 50000 vertex
[2011/12/17 02:50:08]worker-28: processed 60000 vertex
[2011/12/17 02:50:08]worker-28: processed 70000 vertex
Executing worker-40
[2011/12/17 02:50:08]worker-40: perfortInitialization
[2011/12/17 02:50:08]worker-40: load cache
[2011/12/17 02:50:08]worker-40: finish loading cache
[2011/12/17 02:50:08]worker-28: processed 80000 vertex
[2011/12/17 02:50:08]worker-28: processed 90000 vertex
[2011/12/17 02:50:08]worker-28: processed 100000 vertex
[2011/12/17 02:50:08]worker-40: start receiving message
[2011/12/17 02:50:18]worker-28: performTermination
[2011/12/17 02:50:18]worker-40: performActionNothingPresent
[2011/12/17 02:50:18]worker-40: processed 10000 vertex
[2011/12/17 02:50:18]worker-40: processed 20000 vertex
[2011/12/17 02:50:18]worker-40: processed 30000 vertex
[2011/12/17 02:50:18]worker-40: processed 40000 vertex
[2011/12/17 02:50:18]worker-40: processed 50000 vertex
[2011/12/17 02:50:18]worker-40: processed 60000 vertex
[2011/12/17 02:50:18]worker-40: processed 70000 vertex
[2011/12/17 02:50:18]worker-40: processed 80000 vertex
[2011/12/17 02:50:19]worker-40: processed 90000 vertex
Executing worker-6
[2011/12/17 02:50:19]worker-6: perfortInitialization
[2011/12/17 02:50:19]worker-6: load cache
[2011/12/17 02:50:19]worker-6: finish loading cache
[2011/12/17 02:50:19]worker-40: processed 100000 vertex
[2011/12/17 02:50:29]worker-40: performTermination
[2011/12/17 02:50:29]worker-6: start receiving message
Executing worker-41
[2011/12/17 02:50:30]worker-41: perfortInitialization
[2011/12/17 02:50:30]worker-41: load cache
[2011/12/17 02:50:30]worker-41: finish loading cache
[2011/12/17 02:50:30]worker-41: start receiving message
[2011/12/17 02:50:30]worker-6: performActionNothingPresent
[2011/12/17 02:50:30]worker-6: processed 10000 vertex
[2011/12/17 02:50:30]worker-6: processed 20000 vertex
[2011/12/17 02:50:30]worker-6: processed 30000 vertex
[2011/12/17 02:50:30]worker-6: processed 40000 vertex
[2011/12/17 02:50:30]worker-6: processed 50000 vertex
[2011/12/17 02:50:31]worker-6: processed 60000 vertex
[2011/12/17 02:50:31]worker-6: processed 70000 vertex
[2011/12/17 02:50:31]worker-6: processed 80000 vertex
[2011/12/17 02:50:31]worker-6: processed 90000 vertex
[2011/12/17 02:50:31]worker-6: processed 100000 vertex
[2011/12/17 02:50:42]worker-6: performTermination
[2011/12/17 02:50:42]worker-41: performActionNothingPresent
[2011/12/17 02:50:42]worker-41: processed 10000 vertex
[2011/12/17 02:50:42]worker-41: processed 20000 vertex
[2011/12/17 02:50:42]worker-41: processed 30000 vertex
[2011/12/17 02:50:42]worker-41: processed 40000 vertex
[2011/12/17 02:50:42]worker-41: processed 50000 vertex
[2011/12/17 02:50:42]worker-41: processed 60000 vertex
[2011/12/17 02:50:42]worker-41: processed 70000 vertex
[2011/12/17 02:50:42]worker-41: processed 80000 vertex
[2011/12/17 02:50:42]worker-41: processed 90000 vertex
[2011/12/17 02:50:42]worker-41: processed 100000 vertex
[2011/12/17 02:50:53]worker-41: performTermination
[2011/12/17 02:50:53]worker-28: done
[2011/12/17 02:50:53]worker-40: done
[2011/12/17 02:50:53]Launcher: finish execution
[2011/12/17 02:50:53]Launcher: free memory 3747660616
[2011/12/17 02:50:53]Launcher: finish execution
[2011/12/17 02:50:53]Launcher: free memory 3746807800
[2011/12/17 02:50:54]worker-6: done
[2011/12/17 02:50:55]Launcher: finish execution
[2011/12/17 02:50:55]Launcher: free memory 3704997072
[2011/12/17 02:50:55]worker-41: done
[2011/12/17 02:50:55]Launcher: finish execution
[2011/12/17 02:50:55]Launcher: free memory 3702127752
Executing worker-28
[2011/12/17 02:51:09]worker-28: perfortInitialization
[2011/12/17 02:51:09]worker-28: load cache
[2011/12/17 02:51:09]worker-28: finish loading cache
[2011/12/17 02:51:09]worker-28: start receiving message
[2011/12/17 02:51:09]worker-28: performActionNothingPresent
[2011/12/17 02:51:09]worker-28: processed 10000 vertex
[2011/12/17 02:51:09]worker-28: processed 20000 vertex
[2011/12/17 02:51:09]worker-28: processed 30000 vertex
[2011/12/17 02:51:09]worker-28: processed 40000 vertex
[2011/12/17 02:51:09]worker-28: processed 50000 vertex
[2011/12/17 02:51:09]worker-28: processed 60000 vertex
[2011/12/17 02:51:09]worker-28: processed 70000 vertex
[2011/12/17 02:51:09]worker-28: processed 80000 vertex
Executing worker-40
[2011/12/17 02:51:09]worker-40: perfortInitialization
[2011/12/17 02:51:09]worker-40: load cache
[2011/12/17 02:51:09]worker-40: finish loading cache
[2011/12/17 02:51:09]worker-28: processed 90000 vertex
[2011/12/17 02:51:09]worker-28: processed 100000 vertex
[2011/12/17 02:51:19]worker-28: performTermination
[2011/12/17 02:51:19]worker-40: start receiving message
Executing worker-6
[2011/12/17 02:51:20]worker-6: perfortInitialization
[2011/12/17 02:51:20]worker-6: load cache
[2011/12/17 02:51:20]worker-6: finish loading cache
[2011/12/17 02:51:20]worker-6: start receiving message
Executing worker-41
[2011/12/17 02:51:20]worker-41: perfortInitialization
[2011/12/17 02:51:20]worker-41: load cache
[2011/12/17 02:51:20]worker-41: finish loading cache
[2011/12/17 02:51:20]worker-40: performActionNothingPresent
[2011/12/17 02:51:20]worker-40: processed 10000 vertex
[2011/12/17 02:51:20]worker-40: processed 20000 vertex
[2011/12/17 02:51:20]worker-40: processed 30000 vertex
[2011/12/17 02:51:20]worker-41: start receiving message
[2011/12/17 02:51:20]worker-40: processed 40000 vertex
[2011/12/17 02:51:20]worker-40: processed 50000 vertex
[2011/12/17 02:51:20]worker-40: processed 60000 vertex
[2011/12/17 02:51:20]worker-40: processed 70000 vertex
[2011/12/17 02:51:20]worker-40: processed 80000 vertex
[2011/12/17 02:51:20]worker-40: processed 90000 vertex
[2011/12/17 02:51:20]worker-40: processed 100000 vertex
[2011/12/17 02:51:30]worker-40: performTermination
[2011/12/17 02:51:30]worker-6: performActionNothingPresent
[2011/12/17 02:51:30]worker-6: processed 10000 vertex
[2011/12/17 02:51:30]worker-6: processed 20000 vertex
[2011/12/17 02:51:30]worker-6: processed 30000 vertex
[2011/12/17 02:51:31]worker-6: processed 40000 vertex
[2011/12/17 02:51:31]worker-6: processed 50000 vertex
[2011/12/17 02:51:31]worker-6: processed 60000 vertex
[2011/12/17 02:51:31]worker-6: processed 70000 vertex
[2011/12/17 02:51:31]worker-6: processed 80000 vertex
[2011/12/17 02:51:31]worker-6: processed 90000 vertex
[2011/12/17 02:51:31]worker-6: processed 100000 vertex
[2011/12/17 02:51:41]worker-6: performTermination
[2011/12/17 02:51:41]worker-41: performActionNothingPresent
[2011/12/17 02:51:41]worker-41: processed 10000 vertex
[2011/12/17 02:51:41]worker-41: processed 20000 vertex
[2011/12/17 02:51:41]worker-41: processed 30000 vertex
[2011/12/17 02:51:41]worker-41: processed 40000 vertex
[2011/12/17 02:51:41]worker-41: processed 50000 vertex
[2011/12/17 02:51:41]worker-41: processed 60000 vertex
[2011/12/17 02:51:41]worker-41: processed 70000 vertex
[2011/12/17 02:51:42]worker-41: processed 80000 vertex
[2011/12/17 02:51:42]worker-41: processed 90000 vertex
[2011/12/17 02:51:42]worker-41: processed 100000 vertex
[2011/12/17 02:51:52]worker-41: performTermination
[2011/12/17 02:51:55]worker-6: done
[2011/12/17 02:51:55]Launcher: finish execution
[2011/12/17 02:51:55]Launcher: free memory 3682291264
[2011/12/17 02:51:55]worker-28: done
[2011/12/17 02:51:56]worker-41: done
[2011/12/17 02:51:56]worker-40: done
[2011/12/17 02:51:56]Launcher: finish execution
[2011/12/17 02:51:56]Launcher: free memory 3664383920
[2011/12/17 02:51:56]Launcher: finish execution
[2011/12/17 02:51:56]Launcher: free memory 3663530128
[2011/12/17 02:51:56]Launcher: finish execution
[2011/12/17 02:51:56]Launcher: free memory 3660595032
Executing worker-28
[2011/12/17 02:52:11]worker-28: perfortInitialization
[2011/12/17 02:52:11]worker-28: load cache
[2011/12/17 02:52:11]worker-28: finish loading cache
[2011/12/17 02:52:11]worker-28: start receiving message
[2011/12/17 02:52:11]worker-28: performActionNothingPresent
[2011/12/17 02:52:11]worker-28: processed 10000 vertex
[2011/12/17 02:52:11]worker-28: processed 20000 vertex
[2011/12/17 02:52:11]worker-28: processed 30000 vertex
[2011/12/17 02:52:11]worker-28: processed 40000 vertex
[2011/12/17 02:52:11]worker-28: processed 50000 vertex
[2011/12/17 02:52:11]worker-28: processed 60000 vertex
[2011/12/17 02:52:11]worker-28: processed 70000 vertex
Executing worker-40
[2011/12/17 02:52:11]worker-40: perfortInitialization
[2011/12/17 02:52:11]worker-40: load cache
[2011/12/17 02:52:11]worker-40: finish loading cache
[2011/12/17 02:52:11]worker-28: processed 80000 vertex
[2011/12/17 02:52:11]worker-40: start receiving message
[2011/12/17 02:52:11]worker-28: processed 90000 vertex
[2011/12/17 02:52:11]worker-28: processed 100000 vertex
[2011/12/17 02:52:22]worker-40: performActionNothingPresent
[2011/12/17 02:52:22]worker-28: performTermination
[2011/12/17 02:52:22]worker-40: processed 10000 vertex
[2011/12/17 02:52:22]worker-40: processed 20000 vertex
[2011/12/17 02:52:22]worker-40: processed 30000 vertex
[2011/12/17 02:52:22]worker-40: processed 40000 vertex
[2011/12/17 02:52:22]worker-40: processed 50000 vertex
[2011/12/17 02:52:22]worker-40: processed 60000 vertex
[2011/12/17 02:52:22]worker-40: processed 70000 vertex
[2011/12/17 02:52:22]worker-40: processed 80000 vertex
[2011/12/17 02:52:22]worker-40: processed 90000 vertex
[2011/12/17 02:52:22]worker-40: processed 100000 vertex
Executing worker-6
[2011/12/17 02:52:22]worker-6: perfortInitialization
[2011/12/17 02:52:22]worker-6: load cache
[2011/12/17 02:52:22]worker-6: finish loading cache
[2011/12/17 02:52:33]worker-40: performTermination
[2011/12/17 02:52:33]worker-6: start receiving message
Executing worker-41
[2011/12/17 02:52:33]worker-41: perfortInitialization
[2011/12/17 02:52:33]worker-41: load cache
[2011/12/17 02:52:33]worker-41: finish loading cache
[2011/12/17 02:52:33]worker-41: start receiving message
[2011/12/17 02:52:35]worker-41: performActionNothingPresent
[2011/12/17 02:52:35]worker-41: processed 10000 vertex
[2011/12/17 02:52:35]worker-41: processed 20000 vertex
[2011/12/17 02:52:35]worker-41: processed 30000 vertex
[2011/12/17 02:52:35]worker-41: processed 40000 vertex
[2011/12/17 02:52:35]worker-28: done
[2011/12/17 02:52:35]worker-41: processed 50000 vertex
[2011/12/17 02:52:35]worker-41: processed 60000 vertex
[2011/12/17 02:52:35]worker-41: processed 70000 vertex
[2011/12/17 02:52:35]worker-40: done
[2011/12/17 02:52:35]worker-41: processed 80000 vertex
[2011/12/17 02:52:35]worker-41: processed 90000 vertex
[2011/12/17 02:52:35]worker-41: processed 100000 vertex
[2011/12/17 02:52:46]worker-6: performActionNothingPresent
[2011/12/17 02:52:46]worker-41: performTermination
[2011/12/17 02:52:46]worker-6: processed 10000 vertex
[2011/12/17 02:52:46]worker-6: processed 20000 vertex
[2011/12/17 02:52:46]worker-6: processed 30000 vertex
[2011/12/17 02:52:46]worker-6: processed 40000 vertex
[2011/12/17 02:52:46]worker-6: processed 50000 vertex
[2011/12/17 02:52:46]worker-6: processed 60000 vertex
[2011/12/17 02:52:46]worker-6: processed 70000 vertex
[2011/12/17 02:52:46]worker-6: processed 80000 vertex
[2011/12/17 02:52:46]worker-6: processed 90000 vertex
[2011/12/17 02:52:46]worker-6: processed 100000 vertex
[2011/12/17 02:52:56]worker-6: performTermination
[2011/12/17 02:52:56]Launcher: finish execution
[2011/12/17 02:52:56]Launcher: free memory 3760367208
[2011/12/17 02:52:56]Launcher: finish execution
[2011/12/17 02:52:56]Launcher: free memory 3759802448
[2011/12/17 02:52:58]worker-41: done
[2011/12/17 02:52:58]worker-6: done
[2011/12/17 02:52:58]Launcher: finish execution
[2011/12/17 02:52:58]Launcher: free memory 3703995880
[2011/12/17 02:52:59]Launcher: finish execution
[2011/12/17 02:52:59]Launcher: free memory 3703431768
Executing worker-28
[2011/12/17 02:53:13]worker-28: perfortInitialization
[2011/12/17 02:53:13]worker-28: load cache
[2011/12/17 02:53:13]worker-28: finish loading cache
[2011/12/17 02:53:13]worker-28: start receiving message
Executing worker-40
[2011/12/17 02:53:13]worker-40: perfortInitialization
[2011/12/17 02:53:13]worker-40: load cache
[2011/12/17 02:53:13]worker-40: finish loading cache
[2011/12/17 02:53:13]worker-40: start receiving message
[2011/12/17 02:53:13]worker-28: performActionNothingPresent
[2011/12/17 02:53:13]worker-28: processed 10000 vertex
[2011/12/17 02:53:13]worker-28: processed 20000 vertex
[2011/12/17 02:53:13]worker-28: processed 30000 vertex
[2011/12/17 02:53:13]worker-28: processed 40000 vertex
[2011/12/17 02:53:13]worker-28: processed 50000 vertex
[2011/12/17 02:53:13]worker-28: processed 60000 vertex
[2011/12/17 02:53:13]worker-28: processed 70000 vertex
Executing worker-6
[2011/12/17 02:53:13]worker-6: perfortInitialization
[2011/12/17 02:53:13]worker-6: load cache
[2011/12/17 02:53:13]worker-6: finish loading cache
[2011/12/17 02:53:13]worker-28: processed 80000 vertex
[2011/12/17 02:53:13]worker-28: processed 90000 vertex
[2011/12/17 02:53:13]worker-28: processed 100000 vertex
[2011/12/17 02:53:13]worker-6: start receiving message
[2011/12/17 02:53:24]worker-28: performTermination
[2011/12/17 02:53:24]worker-40: performActionNothingPresent
[2011/12/17 02:53:24]worker-40: processed 10000 vertex
[2011/12/17 02:53:24]worker-40: processed 20000 vertex
[2011/12/17 02:53:24]worker-40: processed 30000 vertex
[2011/12/17 02:53:24]worker-40: processed 40000 vertex
Executing worker-41
[2011/12/17 02:53:24]worker-41: perfortInitialization
[2011/12/17 02:53:24]worker-41: load cache
[2011/12/17 02:53:24]worker-41: finish loading cache
[2011/12/17 02:53:24]worker-40: processed 50000 vertex
[2011/12/17 02:53:24]worker-40: processed 60000 vertex
[2011/12/17 02:53:24]worker-40: processed 70000 vertex
[2011/12/17 02:53:24]worker-40: processed 80000 vertex
[2011/12/17 02:53:24]worker-40: processed 90000 vertex
[2011/12/17 02:53:24]worker-41: start receiving message
[2011/12/17 02:53:24]worker-40: processed 100000 vertex
[2011/12/17 02:53:35]worker-40: performTermination
[2011/12/17 02:53:35]worker-6: performActionNothingPresent
[2011/12/17 02:53:35]worker-6: processed 10000 vertex
[2011/12/17 02:53:35]worker-6: processed 20000 vertex
[2011/12/17 02:53:35]worker-6: processed 30000 vertex
[2011/12/17 02:53:35]worker-6: processed 40000 vertex
[2011/12/17 02:53:35]worker-6: processed 50000 vertex
[2011/12/17 02:53:35]worker-6: processed 60000 vertex
[2011/12/17 02:53:35]worker-6: processed 70000 vertex
[2011/12/17 02:53:35]worker-6: processed 80000 vertex
[2011/12/17 02:53:35]worker-6: processed 90000 vertex
[2011/12/17 02:53:35]worker-6: processed 100000 vertex
[2011/12/17 02:53:35]worker-41: performActionNothingPresent
[2011/12/17 02:53:35]worker-41: processed 10000 vertex
[2011/12/17 02:53:35]worker-41: processed 20000 vertex
[2011/12/17 02:53:35]worker-41: processed 30000 vertex
[2011/12/17 02:53:46]worker-41: processed 40000 vertex
[2011/12/17 02:53:46]worker-6: performTermination
[2011/12/17 02:53:46]worker-41: processed 50000 vertex
[2011/12/17 02:53:46]worker-41: processed 60000 vertex
[2011/12/17 02:53:46]worker-41: processed 70000 vertex
[2011/12/17 02:53:46]worker-41: processed 80000 vertex
[2011/12/17 02:53:46]worker-41: processed 90000 vertex
[2011/12/17 02:53:46]worker-41: processed 100000 vertex
[2011/12/17 02:53:56]worker-41: performTermination
[2011/12/17 02:53:59]worker-40: done
[2011/12/17 02:54:00]worker-28: done
[2011/12/17 02:54:00]worker-6: done
[2011/12/17 02:54:00]Launcher: finish execution
[2011/12/17 02:54:00]Launcher: free memory 3660868120
[2011/12/17 02:54:00]worker-41: done
[2011/12/17 02:54:00]Launcher: finish execution
[2011/12/17 02:54:00]Launcher: free memory 3660493392
[2011/12/17 02:54:00]Launcher: finish execution
[2011/12/17 02:54:00]Launcher: free memory 3660118240
[2011/12/17 02:54:00]Launcher: finish execution
[2011/12/17 02:54:00]Launcher: free memory 3658842544
Executing worker-28
[2011/12/17 02:54:15]worker-28: perfortInitialization
[2011/12/17 02:54:15]worker-28: load cache
[2011/12/17 02:54:15]worker-28: finish loading cache
[2011/12/17 02:54:15]worker-28: start receiving message
Executing worker-40
[2011/12/17 02:54:15]worker-40: perfortInitialization
[2011/12/17 02:54:15]worker-40: load cache
[2011/12/17 02:54:15]worker-40: finish loading cache
[2011/12/17 02:54:15]worker-40: start receiving message
[2011/12/17 02:54:15]worker-28: performActionNothingPresent
[2011/12/17 02:54:15]worker-28: processed 10000 vertex
[2011/12/17 02:54:15]worker-28: processed 20000 vertex
[2011/12/17 02:54:15]worker-28: processed 30000 vertex
[2011/12/17 02:54:15]worker-28: processed 40000 vertex
[2011/12/17 02:54:15]worker-28: processed 50000 vertex
[2011/12/17 02:54:15]worker-28: processed 60000 vertex
[2011/12/17 02:54:15]worker-28: processed 70000 vertex
[2011/12/17 02:54:15]worker-28: processed 80000 vertex
Executing worker-6
[2011/12/17 02:54:15]worker-6: perfortInitialization
[2011/12/17 02:54:15]worker-6: load cache
[2011/12/17 02:54:15]worker-6: finish loading cache
[2011/12/17 02:54:15]worker-28: processed 90000 vertex
[2011/12/17 02:54:15]worker-28: processed 100000 vertex
[2011/12/17 02:54:15]worker-6: start receiving message
[2011/12/17 02:54:26]worker-28: performTermination
[2011/12/17 02:54:26]worker-6: performActionNothingPresent
[2011/12/17 02:54:26]worker-6: processed 10000 vertex
[2011/12/17 02:54:26]worker-40: performActionNothingPresent
[2011/12/17 02:54:26]worker-40: processed 10000 vertex
[2011/12/17 02:54:26]worker-40: processed 20000 vertex
[2011/12/17 02:54:26]worker-40: processed 30000 vertex
[2011/12/17 02:54:26]worker-40: processed 40000 vertex
[2011/12/17 02:54:26]worker-6: processed 20000 vertex
[2011/12/17 02:54:26]worker-6: processed 30000 vertex
Executing worker-41
[2011/12/17 02:54:26]worker-41: perfortInitialization
[2011/12/17 02:54:26]worker-6: processed 40000 vertex
[2011/12/17 02:54:26]worker-41: load cache
[2011/12/17 02:54:26]worker-41: finish loading cache
[2011/12/17 02:54:26]worker-40: processed 50000 vertex
[2011/12/17 02:54:26]worker-6: processed 50000 vertex
[2011/12/17 02:54:26]worker-40: processed 60000 vertex
[2011/12/17 02:54:26]worker-41: start receiving message
[2011/12/17 02:54:26]worker-40: processed 70000 vertex
[2011/12/17 02:54:26]worker-40: processed 80000 vertex
[2011/12/17 02:54:26]worker-6: processed 60000 vertex
[2011/12/17 02:54:26]worker-6: processed 70000 vertex
[2011/12/17 02:54:26]worker-6: processed 80000 vertex
[2011/12/17 02:54:26]worker-40: processed 90000 vertex
[2011/12/17 02:54:26]worker-6: processed 90000 vertex
[2011/12/17 02:54:26]worker-6: processed 100000 vertex
[2011/12/17 02:54:26]worker-40: processed 100000 vertex
[2011/12/17 02:54:37]worker-6: performTermination
[2011/12/17 02:54:48]worker-40: performTermination
[2011/12/17 02:54:48]worker-41: performActionNothingPresent
[2011/12/17 02:54:48]worker-41: processed 10000 vertex
[2011/12/17 02:54:48]worker-41: processed 20000 vertex
[2011/12/17 02:54:48]worker-41: processed 30000 vertex
[2011/12/17 02:54:48]worker-41: processed 40000 vertex
[2011/12/17 02:54:48]worker-41: processed 50000 vertex
[2011/12/17 02:54:48]worker-41: processed 60000 vertex
[2011/12/17 02:54:48]worker-41: processed 70000 vertex
[2011/12/17 02:54:48]worker-41: processed 80000 vertex
[2011/12/17 02:54:48]worker-41: processed 90000 vertex
[2011/12/17 02:54:48]worker-41: processed 100000 vertex
[2011/12/17 02:54:59]worker-41: performTermination
[2011/12/17 02:55:01]worker-40: done
[2011/12/17 02:55:02]worker-6: done
[2011/12/17 02:55:02]worker-28: done
[2011/12/17 02:55:02]worker-41: done
[2011/12/17 02:55:03]Launcher: finish execution
[2011/12/17 02:55:03]Launcher: free memory 3671623448
[2011/12/17 02:55:03]Launcher: finish execution
[2011/12/17 02:55:03]Launcher: finish execution
[2011/12/17 02:55:03]Launcher: finish execution
[2011/12/17 02:55:03]Launcher: free memory 3669247016
[2011/12/17 02:55:03]Launcher: free memory 3669247016
[2011/12/17 02:55:03]Launcher: free memory 3669247016
Executing worker-28
[2011/12/17 02:55:18]worker-28: perfortInitialization
[2011/12/17 02:55:18]worker-28: load cache
[2011/12/17 02:55:18]worker-28: finish loading cache
[2011/12/17 02:55:18]worker-28: start receiving message
[2011/12/17 02:55:18]worker-28: performActionNothingPresent
[2011/12/17 02:55:18]worker-28: processed 10000 vertex
Executing worker-40
[2011/12/17 02:55:18]worker-40: perfortInitialization
[2011/12/17 02:55:18]worker-40: load cache
[2011/12/17 02:55:18]worker-40: finish loading cache
[2011/12/17 02:55:18]worker-28: processed 20000 vertex
[2011/12/17 02:55:18]worker-28: processed 30000 vertex
[2011/12/17 02:55:18]worker-28: processed 40000 vertex
[2011/12/17 02:55:18]worker-40: start receiving message
[2011/12/17 02:55:18]worker-28: processed 50000 vertex
[2011/12/17 02:55:18]worker-28: processed 60000 vertex
[2011/12/17 02:55:18]worker-28: processed 70000 vertex
[2011/12/17 02:55:18]worker-28: processed 80000 vertex
[2011/12/17 02:55:18]worker-28: processed 90000 vertex
[2011/12/17 02:55:18]worker-28: processed 100000 vertex
[2011/12/17 02:55:29]worker-40: performActionNothingPresent
[2011/12/17 02:55:29]worker-40: processed 10000 vertex
[2011/12/17 02:55:29]worker-28: performTermination
[2011/12/17 02:55:29]worker-40: processed 20000 vertex
[2011/12/17 02:55:29]worker-40: processed 30000 vertex
[2011/12/17 02:55:29]worker-40: processed 40000 vertex
[2011/12/17 02:55:29]worker-40: processed 50000 vertex
[2011/12/17 02:55:29]worker-40: processed 60000 vertex
[2011/12/17 02:55:29]worker-40: processed 70000 vertex
[2011/12/17 02:55:29]worker-40: processed 80000 vertex
[2011/12/17 02:55:29]worker-40: processed 90000 vertex
[2011/12/17 02:55:29]worker-40: processed 100000 vertex
Executing worker-6
[2011/12/17 02:55:29]worker-6: perfortInitialization
[2011/12/17 02:55:29]worker-6: load cache
[2011/12/17 02:55:29]worker-6: finish loading cache
Executing worker-41
[2011/12/17 02:55:29]worker-41: perfortInitialization
[2011/12/17 02:55:29]worker-41: load cache
[2011/12/17 02:55:29]worker-41: finish loading cache
[2011/12/17 02:55:39]worker-40: performTermination
[2011/12/17 02:55:39]worker-41: start receiving message
[2011/12/17 02:55:39]worker-6: start receiving message
[2011/12/17 02:55:41]worker-41: performActionNothingPresent
[2011/12/17 02:55:41]worker-41: processed 10000 vertex
[2011/12/17 02:55:41]worker-41: processed 20000 vertex
[2011/12/17 02:55:41]worker-41: processed 30000 vertex
[2011/12/17 02:55:41]worker-41: processed 40000 vertex
[2011/12/17 02:55:41]worker-41: processed 50000 vertex
[2011/12/17 02:55:41]worker-41: processed 60000 vertex
[2011/12/17 02:55:41]worker-41: processed 70000 vertex
[2011/12/17 02:55:41]worker-41: processed 80000 vertex
[2011/12/17 02:55:41]worker-41: processed 90000 vertex
[2011/12/17 02:55:41]worker-41: processed 100000 vertex
[2011/12/17 02:55:41]worker-28: done
[2011/12/17 02:55:52]worker-41: performTermination
[2011/12/17 02:55:52]worker-6: performActionNothingPresent
[2011/12/17 02:55:52]worker-6: processed 10000 vertex
[2011/12/17 02:55:52]worker-6: processed 20000 vertex
[2011/12/17 02:55:52]worker-6: processed 30000 vertex
[2011/12/17 02:55:52]worker-6: processed 40000 vertex
[2011/12/17 02:55:52]worker-6: processed 50000 vertex
[2011/12/17 02:55:52]worker-6: processed 60000 vertex
[2011/12/17 02:55:52]worker-6: processed 70000 vertex
[2011/12/17 02:55:52]Launcher: finish execution
[2011/12/17 02:55:52]worker-6: processed 80000 vertex
[2011/12/17 02:55:52]Launcher: free memory 3740568928
[2011/12/17 02:55:52]worker-6: processed 90000 vertex
[2011/12/17 02:55:52]worker-6: processed 100000 vertex
[2011/12/17 02:56:03]worker-6: performTermination
[2011/12/17 02:56:03]worker-40: done
[2011/12/17 02:56:03]Launcher: finish execution
[2011/12/17 02:56:03]Launcher: free memory 3748196688
[2011/12/17 02:56:05]worker-41: done
[2011/12/17 02:56:05]worker-6: done
[2011/12/17 02:56:05]Launcher: finish execution
[2011/12/17 02:56:05]Launcher: free memory 3704895112
[2011/12/17 02:56:05]Launcher: finish execution
[2011/12/17 02:56:05]Launcher: free memory 3704520384
Executing worker-28
[2011/12/17 02:56:19]worker-28: perfortInitialization
[2011/12/17 02:56:19]worker-28: load cache
[2011/12/17 02:56:19]worker-28: finish loading cache
[2011/12/17 02:56:19]worker-28: start receiving message
Executing worker-40
[2011/12/17 02:56:19]worker-40: perfortInitialization
[2011/12/17 02:56:19]worker-40: load cache
[2011/12/17 02:56:19]worker-40: finish loading cache
[2011/12/17 02:56:19]worker-28: performActionNothingPresent
[2011/12/17 02:56:19]worker-28: processed 10000 vertex
[2011/12/17 02:56:19]worker-40: start receiving message
[2011/12/17 02:56:19]worker-28: processed 20000 vertex
[2011/12/17 02:56:19]worker-28: processed 30000 vertex
[2011/12/17 02:56:19]worker-28: processed 40000 vertex
[2011/12/17 02:56:19]worker-28: processed 50000 vertex
[2011/12/17 02:56:19]worker-28: processed 60000 vertex
[2011/12/17 02:56:19]worker-28: processed 70000 vertex
[2011/12/17 02:56:19]worker-28: processed 80000 vertex
[2011/12/17 02:56:19]worker-28: processed 90000 vertex
[2011/12/17 02:56:19]worker-28: processed 100000 vertex
Executing worker-6
[2011/12/17 02:56:19]worker-6: perfortInitialization
[2011/12/17 02:56:19]worker-6: load cache
[2011/12/17 02:56:19]worker-6: finish loading cache
[2011/12/17 02:56:30]worker-40: performActionNothingPresent
[2011/12/17 02:56:30]worker-40: processed 10000 vertex
[2011/12/17 02:56:30]worker-40: processed 20000 vertex
[2011/12/17 02:56:30]worker-28: performTermination
[2011/12/17 02:56:30]worker-6: start receiving message
[2011/12/17 02:56:30]worker-40: processed 30000 vertex
[2011/12/17 02:56:30]worker-40: processed 40000 vertex
[2011/12/17 02:56:30]worker-40: processed 50000 vertex
[2011/12/17 02:56:30]worker-40: processed 60000 vertex
[2011/12/17 02:56:30]worker-40: processed 70000 vertex
[2011/12/17 02:56:30]worker-40: processed 80000 vertex
[2011/12/17 02:56:30]worker-40: processed 90000 vertex
[2011/12/17 02:56:30]worker-40: processed 100000 vertex
[2011/12/17 02:56:41]worker-40: performTermination
Executing worker-41
[2011/12/17 02:56:41]worker-41: perfortInitialization
[2011/12/17 02:56:41]worker-41: load cache
[2011/12/17 02:56:41]worker-41: finish loading cache
[2011/12/17 02:56:41]worker-41: start receiving message
[2011/12/17 02:56:41]worker-6: performActionNothingPresent
[2011/12/17 02:56:41]worker-6: processed 10000 vertex
[2011/12/17 02:56:41]worker-6: processed 20000 vertex
[2011/12/17 02:56:41]worker-6: processed 30000 vertex
[2011/12/17 02:56:41]worker-6: processed 40000 vertex
[2011/12/17 02:56:41]worker-6: processed 50000 vertex
[2011/12/17 02:56:41]worker-6: processed 60000 vertex
[2011/12/17 02:56:41]worker-6: processed 70000 vertex
[2011/12/17 02:56:41]worker-6: processed 80000 vertex
[2011/12/17 02:56:41]worker-6: processed 90000 vertex
[2011/12/17 02:56:41]worker-6: processed 100000 vertex
[2011/12/17 02:56:53]worker-6: performTermination
[2011/12/17 02:56:53]worker-41: performActionNothingPresent
[2011/12/17 02:56:53]worker-41: processed 10000 vertex
[2011/12/17 02:56:53]worker-41: processed 20000 vertex
[2011/12/17 02:56:53]worker-41: processed 30000 vertex
[2011/12/17 02:56:53]worker-41: processed 40000 vertex
[2011/12/17 02:56:53]worker-41: processed 50000 vertex
[2011/12/17 02:56:53]worker-41: processed 60000 vertex
[2011/12/17 02:56:53]worker-41: processed 70000 vertex
[2011/12/17 02:56:53]worker-41: processed 80000 vertex
[2011/12/17 02:56:53]worker-41: processed 90000 vertex
[2011/12/17 02:56:53]worker-41: processed 100000 vertex
[2011/12/17 02:57:04]worker-41: performTermination
[2011/12/17 02:57:05]worker-40: done
[2011/12/17 02:57:05]Launcher: finish execution
[2011/12/17 02:57:05]Launcher: free memory 3724645616
[2011/12/17 02:57:05]worker-28: done
[2011/12/17 02:57:06]Launcher: finish execution
[2011/12/17 02:57:06]Launcher: free memory 3702544168
[2011/12/17 02:57:06]worker-6: done
[2011/12/17 02:57:06]worker-41: done
[2011/12/17 02:57:07]Launcher: finish execution
[2011/12/17 02:57:07]Launcher: free memory 3688146896
[2011/12/17 02:57:07]Launcher: finish execution
[2011/12/17 02:57:07]Launcher: free memory 3688029424
Executing worker-28
[2011/12/17 02:57:20]worker-28: perfortInitialization
[2011/12/17 02:57:20]worker-28: load cache
[2011/12/17 02:57:20]worker-28: finish loading cache
[2011/12/17 02:57:20]worker-28: start receiving message
[2011/12/17 02:57:21]worker-28: performActionNothingPresent
[2011/12/17 02:57:21]worker-28: processed 10000 vertex
[2011/12/17 02:57:21]worker-28: processed 20000 vertex
[2011/12/17 02:57:21]worker-28: processed 30000 vertex
[2011/12/17 02:57:21]worker-28: processed 40000 vertex
Executing worker-40
[2011/12/17 02:57:21]worker-40: perfortInitialization
[2011/12/17 02:57:21]worker-40: load cache
[2011/12/17 02:57:21]worker-40: finish loading cache
[2011/12/17 02:57:21]worker-28: processed 50000 vertex
[2011/12/17 02:57:21]worker-28: processed 60000 vertex
[2011/12/17 02:57:21]worker-40: start receiving message
[2011/12/17 02:57:21]worker-28: processed 70000 vertex
[2011/12/17 02:57:21]worker-28: processed 80000 vertex
[2011/12/17 02:57:21]worker-28: processed 90000 vertex
[2011/12/17 02:57:21]worker-28: processed 100000 vertex
[2011/12/17 02:57:31]worker-40: performActionNothingPresent
[2011/12/17 02:57:31]worker-40: processed 10000 vertex
[2011/12/17 02:57:31]worker-28: performTermination
[2011/12/17 02:57:31]worker-40: processed 20000 vertex
Executing worker-6
[2011/12/17 02:57:31]worker-6: perfortInitialization
[2011/12/17 02:57:31]worker-6: load cache
[2011/12/17 02:57:31]worker-6: finish loading cache
[2011/12/17 02:57:31]worker-40: processed 30000 vertex
[2011/12/17 02:57:31]worker-40: processed 40000 vertex
[2011/12/17 02:57:31]worker-40: processed 50000 vertex
[2011/12/17 02:57:31]worker-6: start receiving message
[2011/12/17 02:57:31]worker-40: processed 60000 vertex
[2011/12/17 02:57:31]worker-40: processed 70000 vertex
[2011/12/17 02:57:31]worker-40: processed 80000 vertex
[2011/12/17 02:57:31]worker-40: processed 90000 vertex
[2011/12/17 02:57:31]worker-40: processed 100000 vertex
[2011/12/17 02:57:42]worker-40: performTermination
Executing worker-41
[2011/12/17 02:57:42]worker-41: perfortInitialization
[2011/12/17 02:57:42]worker-41: load cache
[2011/12/17 02:57:42]worker-41: finish loading cache
[2011/12/17 02:57:42]worker-41: start receiving message
[2011/12/17 02:57:42]worker-6: performActionNothingPresent
[2011/12/17 02:57:42]worker-6: processed 10000 vertex
[2011/12/17 02:57:42]worker-6: processed 20000 vertex
[2011/12/17 02:57:42]worker-6: processed 30000 vertex
[2011/12/17 02:57:42]worker-6: processed 40000 vertex
[2011/12/17 02:57:42]worker-6: processed 50000 vertex
[2011/12/17 02:57:42]worker-6: processed 60000 vertex
[2011/12/17 02:57:43]worker-6: processed 70000 vertex
[2011/12/17 02:57:43]worker-6: processed 80000 vertex
[2011/12/17 02:57:43]worker-6: processed 90000 vertex
[2011/12/17 02:57:43]worker-6: processed 100000 vertex
[2011/12/17 02:57:54]worker-6: performTermination
[2011/12/17 02:57:54]worker-41: performActionNothingPresent
[2011/12/17 02:57:54]worker-41: processed 10000 vertex
[2011/12/17 02:57:54]worker-41: processed 20000 vertex
[2011/12/17 02:57:54]worker-41: processed 30000 vertex
[2011/12/17 02:57:54]worker-41: processed 40000 vertex
[2011/12/17 02:57:54]worker-41: processed 50000 vertex
[2011/12/17 02:57:54]worker-41: processed 60000 vertex
[2011/12/17 02:57:54]worker-41: processed 70000 vertex
[2011/12/17 02:57:54]worker-41: processed 80000 vertex
[2011/12/17 02:57:54]worker-41: processed 90000 vertex
[2011/12/17 02:57:54]worker-41: processed 100000 vertex
[2011/12/17 02:58:05]worker-41: performTermination
[2011/12/17 02:58:06]worker-40: done
[2011/12/17 02:58:07]worker-28: done
[2011/12/17 02:58:07]Launcher: finish execution
[2011/12/17 02:58:07]Launcher: free memory 3717910696
[2011/12/17 02:58:07]Launcher: finish execution
[2011/12/17 02:58:07]Launcher: free memory 3712836656
[2011/12/17 02:58:07]worker-6: done
[2011/12/17 02:58:07]Launcher: finish execution
[2011/12/17 02:58:07]Launcher: free memory 3696010872
[2011/12/17 02:58:08]worker-41: done
[2011/12/17 02:58:08]Launcher: finish execution
[2011/12/17 02:58:08]Launcher: free memory 3689588400
Executing worker-28
[2011/12/17 02:58:22]worker-28: perfortInitialization
[2011/12/17 02:58:22]worker-28: load cache
[2011/12/17 02:58:22]worker-28: finish loading cache
[2011/12/17 02:58:22]worker-28: start receiving message
Executing worker-40
[2011/12/17 02:58:23]worker-40: perfortInitialization
[2011/12/17 02:58:23]worker-40: load cache
[2011/12/17 02:58:23]worker-40: finish loading cache
[2011/12/17 02:58:23]worker-40: start receiving message
[2011/12/17 02:58:23]worker-28: performActionNothingPresent
[2011/12/17 02:58:23]worker-28: processed 10000 vertex
[2011/12/17 02:58:23]worker-28: processed 20000 vertex
[2011/12/17 02:58:23]worker-28: processed 30000 vertex
[2011/12/17 02:58:23]worker-28: processed 40000 vertex
[2011/12/17 02:58:23]worker-28: processed 50000 vertex
[2011/12/17 02:58:23]worker-28: processed 60000 vertex
[2011/12/17 02:58:23]worker-28: processed 70000 vertex
[2011/12/17 02:58:23]worker-28: processed 80000 vertex
[2011/12/17 02:58:23]worker-28: processed 90000 vertex
[2011/12/17 02:58:23]worker-28: processed 100000 vertex
[2011/12/17 02:58:34]worker-40: performActionNothingPresent
[2011/12/17 02:58:34]worker-28: performTermination
[2011/12/17 02:58:34]worker-40: processed 10000 vertex
[2011/12/17 02:58:34]worker-40: processed 20000 vertex
[2011/12/17 02:58:34]worker-40: processed 30000 vertex
[2011/12/17 02:58:34]worker-40: processed 40000 vertex
Executing worker-6
[2011/12/17 02:58:34]worker-6: perfortInitialization
[2011/12/17 02:58:34]worker-6: load cache
[2011/12/17 02:58:34]worker-6: finish loading cache
[2011/12/17 02:58:34]worker-40: processed 50000 vertex
[2011/12/17 02:58:34]worker-40: processed 60000 vertex
[2011/12/17 02:58:34]worker-40: processed 70000 vertex
[2011/12/17 02:58:34]worker-6: start receiving message
[2011/12/17 02:58:34]worker-40: processed 80000 vertex
[2011/12/17 02:58:34]worker-40: processed 90000 vertex
[2011/12/17 02:58:34]worker-40: processed 100000 vertex
[2011/12/17 02:58:44]worker-40: performTermination
Executing worker-41
[2011/12/17 02:58:44]worker-41: perfortInitialization
[2011/12/17 02:58:44]worker-41: load cache
[2011/12/17 02:58:44]worker-41: finish loading cache
[2011/12/17 02:58:44]worker-41: start receiving message
[2011/12/17 02:58:45]worker-6: performActionNothingPresent
[2011/12/17 02:58:45]worker-6: processed 10000 vertex
[2011/12/17 02:58:45]worker-6: processed 20000 vertex
[2011/12/17 02:58:45]worker-6: processed 30000 vertex
[2011/12/17 02:58:45]worker-6: processed 40000 vertex
[2011/12/17 02:58:45]worker-6: processed 50000 vertex
[2011/12/17 02:58:45]worker-6: processed 60000 vertex
[2011/12/17 02:58:45]worker-6: processed 70000 vertex
[2011/12/17 02:58:45]worker-6: processed 80000 vertex
[2011/12/17 02:58:45]worker-6: processed 90000 vertex
[2011/12/17 02:58:45]worker-6: processed 100000 vertex
[2011/12/17 02:58:56]worker-6: performTermination
[2011/12/17 02:58:56]worker-41: performActionNothingPresent
[2011/12/17 02:58:56]worker-41: processed 10000 vertex
[2011/12/17 02:58:56]worker-41: processed 20000 vertex
[2011/12/17 02:58:57]worker-41: processed 30000 vertex
[2011/12/17 02:58:57]worker-41: processed 40000 vertex
[2011/12/17 02:58:57]worker-41: processed 50000 vertex
[2011/12/17 02:58:57]worker-41: processed 60000 vertex
[2011/12/17 02:58:57]worker-41: processed 70000 vertex
[2011/12/17 02:58:57]worker-41: processed 80000 vertex
[2011/12/17 02:58:57]worker-41: processed 90000 vertex
[2011/12/17 02:58:57]worker-41: processed 100000 vertex
[2011/12/17 02:59:08]worker-41: performTermination
[2011/12/17 02:59:09]worker-6: done
[2011/12/17 02:59:09]worker-28: done
[2011/12/17 02:59:09]Launcher: finish execution
[2011/12/17 02:59:09]Launcher: free memory 3710565760
[2011/12/17 02:59:09]Launcher: finish execution
[2011/12/17 02:59:09]Launcher: free memory 3706067152
[2011/12/17 02:59:09]worker-40: done
[2011/12/17 02:59:10]Launcher: finish execution
[2011/12/17 02:59:10]Launcher: free memory 3702317824
[2011/12/17 02:59:10]worker-41: done
[2011/12/17 02:59:11]Launcher: finish execution
[2011/12/17 02:59:11]Launcher: free memory 3689849016
Executing worker-28
[2011/12/17 02:59:25]worker-28: perfortInitialization
[2011/12/17 02:59:25]worker-28: load cache
[2011/12/17 02:59:25]worker-28: finish loading cache
[2011/12/17 02:59:25]worker-28: start receiving message
Executing worker-40
[2011/12/17 02:59:26]worker-40: perfortInitialization
[2011/12/17 02:59:26]worker-40: load cache
[2011/12/17 02:59:26]worker-40: finish loading cache
[2011/12/17 02:59:26]worker-40: start receiving message
Executing worker-6
[2011/12/17 02:59:26]worker-6: perfortInitialization
[2011/12/17 02:59:26]worker-6: load cache
[2011/12/17 02:59:26]worker-6: finish loading cache
[2011/12/17 02:59:26]worker-6: start receiving message
Executing worker-41
[2011/12/17 02:59:26]worker-41: perfortInitialization
[2011/12/17 02:59:26]worker-41: load cache
[2011/12/17 02:59:26]worker-41: finish loading cache
[2011/12/17 02:59:26]worker-28: performActionNothingPresent
[2011/12/17 02:59:26]worker-28: processed 10000 vertex
[2011/12/17 02:59:26]worker-28: processed 20000 vertex
[2011/12/17 02:59:26]worker-41: start receiving message
[2011/12/17 02:59:26]worker-28: processed 30000 vertex
[2011/12/17 02:59:26]worker-28: processed 40000 vertex
[2011/12/17 02:59:26]worker-28: processed 50000 vertex
[2011/12/17 02:59:26]worker-28: processed 60000 vertex
[2011/12/17 02:59:26]worker-28: processed 70000 vertex
[2011/12/17 02:59:26]worker-28: processed 80000 vertex
[2011/12/17 02:59:26]worker-28: processed 90000 vertex
[2011/12/17 02:59:26]worker-28: processed 100000 vertex
[2011/12/17 02:59:26]worker-40: performActionNothingPresent
[2011/12/17 02:59:26]worker-40: processed 10000 vertex
[2011/12/17 02:59:37]worker-6: performActionNothingPresent
[2011/12/17 02:59:37]worker-28: performTermination
[2011/12/17 02:59:37]worker-40: processed 20000 vertex
[2011/12/17 02:59:37]worker-41: performActionNothingPresent
[2011/12/17 02:59:37]worker-6: processed 10000 vertex
[2011/12/17 02:59:37]worker-41: processed 10000 vertex
[2011/12/17 02:59:37]worker-40: processed 30000 vertex
[2011/12/17 02:59:37]worker-40: processed 40000 vertex
[2011/12/17 02:59:37]worker-6: processed 20000 vertex
[2011/12/17 02:59:37]worker-40: processed 50000 vertex
[2011/12/17 02:59:37]worker-40: processed 60000 vertex
[2011/12/17 02:59:37]worker-41: processed 20000 vertex
[2011/12/17 02:59:37]worker-6: processed 30000 vertex
[2011/12/17 02:59:37]worker-40: processed 70000 vertex
[2011/12/17 02:59:37]worker-6: processed 40000 vertex
[2011/12/17 02:59:37]worker-41: processed 30000 vertex
[2011/12/17 02:59:37]worker-40: processed 80000 vertex
[2011/12/17 02:59:37]worker-41: processed 40000 vertex
[2011/12/17 02:59:37]worker-41: processed 50000 vertex
[2011/12/17 02:59:37]worker-6: processed 50000 vertex
[2011/12/17 02:59:37]worker-41: processed 60000 vertex
[2011/12/17 02:59:37]worker-6: processed 60000 vertex
[2011/12/17 02:59:37]worker-6: processed 70000 vertex
[2011/12/17 02:59:37]worker-6: processed 80000 vertex
[2011/12/17 02:59:37]worker-41: processed 70000 vertex
[2011/12/17 02:59:37]worker-40: processed 90000 vertex
[2011/12/17 02:59:37]worker-40: processed 100000 vertex
[2011/12/17 02:59:37]worker-6: processed 90000 vertex
[2011/12/17 02:59:37]worker-6: processed 100000 vertex
[2011/12/17 02:59:48]worker-40: performTermination
[2011/12/17 02:59:58]worker-6: performTermination
[2011/12/17 02:59:58]worker-41: processed 80000 vertex
[2011/12/17 02:59:58]worker-41: processed 90000 vertex
[2011/12/17 02:59:58]worker-41: processed 100000 vertex
[2011/12/17 03:00:09]worker-41: performTermination
[2011/12/17 03:00:13]worker-41: done
[2011/12/17 03:00:13]Launcher: finish execution
[2011/12/17 03:00:13]worker-28: done
[2011/12/17 03:00:13]Launcher: free memory 3654208208
[2011/12/17 03:00:13]worker-40: done
[2011/12/17 03:00:13]worker-6: done
[2011/12/17 03:00:14]Launcher: finish execution
[2011/12/17 03:00:14]Launcher: free memory 3651613608
[2011/12/17 03:00:14]Launcher: finish execution
[2011/12/17 03:00:14]Launcher: free memory 3651359584
[2011/12/17 03:00:14]Launcher: finish execution
[2011/12/17 03:00:14]Launcher: free memory 3651105272
Executing worker-28
[2011/12/17 03:00:27]worker-28: perfortInitialization
[2011/12/17 03:00:27]worker-28: load cache
[2011/12/17 03:00:27]worker-28: finish loading cache
[2011/12/17 03:00:27]worker-28: start receiving message
Executing worker-40
[2011/12/17 03:00:28]worker-40: perfortInitialization
[2011/12/17 03:00:28]worker-40: load cache
[2011/12/17 03:00:28]worker-40: finish loading cache
[2011/12/17 03:00:28]worker-40: start receiving message
Executing worker-6
[2011/12/17 03:00:28]worker-6: perfortInitialization
[2011/12/17 03:00:28]worker-6: load cache
[2011/12/17 03:00:28]worker-6: finish loading cache
[2011/12/17 03:00:28]worker-6: start receiving message
[2011/12/17 03:00:28]worker-28: performActionNothingPresent
[2011/12/17 03:00:28]worker-28: processed 10000 vertex
[2011/12/17 03:00:28]worker-28: processed 20000 vertex
[2011/12/17 03:00:28]worker-28: processed 30000 vertex
[2011/12/17 03:00:28]worker-28: processed 40000 vertex
[2011/12/17 03:00:28]worker-28: processed 50000 vertex
[2011/12/17 03:00:28]worker-28: processed 60000 vertex
[2011/12/17 03:00:28]worker-28: processed 70000 vertex
[2011/12/17 03:00:28]worker-28: processed 80000 vertex
[2011/12/17 03:00:28]worker-28: processed 90000 vertex
[2011/12/17 03:00:28]worker-28: processed 100000 vertex
[2011/12/17 03:00:39]worker-6: performActionNothingPresent
[2011/12/17 03:00:39]worker-40: performActionNothingPresent
[2011/12/17 03:00:39]worker-6: processed 10000 vertex
[2011/12/17 03:00:39]worker-40: processed 10000 vertex
[2011/12/17 03:00:39]worker-40: processed 20000 vertex
[2011/12/17 03:00:39]worker-6: processed 20000 vertex
[2011/12/17 03:00:39]worker-6: processed 30000 vertex
[2011/12/17 03:00:39]worker-28: performTermination
[2011/12/17 03:00:39]worker-6: processed 40000 vertex
[2011/12/17 03:00:39]worker-6: processed 50000 vertex
[2011/12/17 03:00:39]worker-6: processed 60000 vertex
Executing worker-41
[2011/12/17 03:00:39]worker-41: perfortInitialization
[2011/12/17 03:00:39]worker-41: load cache
[2011/12/17 03:00:39]worker-41: finish loading cache
[2011/12/17 03:00:39]worker-40: processed 30000 vertex
[2011/12/17 03:00:39]worker-40: processed 40000 vertex
[2011/12/17 03:00:39]worker-6: processed 70000 vertex
[2011/12/17 03:00:39]worker-40: processed 50000 vertex
[2011/12/17 03:00:39]worker-6: processed 80000 vertex
[2011/12/17 03:00:39]worker-40: processed 60000 vertex
[2011/12/17 03:00:39]worker-41: start receiving message
[2011/12/17 03:00:39]worker-6: processed 90000 vertex
[2011/12/17 03:00:39]worker-6: processed 100000 vertex
[2011/12/17 03:00:49]worker-6: performTermination
[2011/12/17 03:00:49]worker-40: processed 70000 vertex
[2011/12/17 03:00:49]worker-40: processed 80000 vertex
[2011/12/17 03:00:49]worker-40: processed 90000 vertex
[2011/12/17 03:00:49]worker-40: processed 100000 vertex
[2011/12/17 03:01:00]worker-40: performTermination
[2011/12/17 03:01:00]worker-41: performActionNothingPresent
[2011/12/17 03:01:00]worker-41: processed 10000 vertex
[2011/12/17 03:01:00]worker-41: processed 20000 vertex
[2011/12/17 03:01:00]worker-41: processed 30000 vertex
[2011/12/17 03:01:00]worker-41: processed 40000 vertex
[2011/12/17 03:01:00]worker-41: processed 50000 vertex
[2011/12/17 03:01:00]worker-41: processed 60000 vertex
[2011/12/17 03:01:00]worker-41: processed 70000 vertex
[2011/12/17 03:01:00]worker-41: processed 80000 vertex
[2011/12/17 03:01:00]worker-41: processed 90000 vertex
[2011/12/17 03:01:00]worker-41: processed 100000 vertex
[2011/12/17 03:01:11]worker-41: performTermination
[2011/12/17 03:01:14]worker-28: done
[2011/12/17 03:01:14]worker-6: done
[2011/12/17 03:01:15]worker-40: done
[2011/12/17 03:01:15]Launcher: finish execution
[2011/12/17 03:01:15]Launcher: free memory 3659012304
[2011/12/17 03:01:15]worker-41: done
[2011/12/17 03:01:15]Launcher: finish execution
[2011/12/17 03:01:15]Launcher: free memory 3658453176
[2011/12/17 03:01:15]Launcher: finish execution
[2011/12/17 03:01:15]Launcher: free memory 3658280312
[2011/12/17 03:01:15]Launcher: finish execution
[2011/12/17 03:01:15]Launcher: free memory 3658196792
Executing worker-28
[2011/12/17 03:01:29]worker-28: perfortInitialization
[2011/12/17 03:01:29]worker-28: load cache
[2011/12/17 03:01:29]worker-28: finish loading cache
[2011/12/17 03:01:29]worker-28: start receiving message
[2011/12/17 03:01:29]worker-28: performActionNothingPresent
[2011/12/17 03:01:29]worker-28: processed 10000 vertex
[2011/12/17 03:01:29]worker-28: processed 20000 vertex
[2011/12/17 03:01:29]worker-28: processed 30000 vertex
[2011/12/17 03:01:29]worker-28: processed 40000 vertex
Executing worker-40
[2011/12/17 03:01:29]worker-40: perfortInitialization
[2011/12/17 03:01:29]worker-40: load cache
[2011/12/17 03:01:29]worker-40: finish loading cache
[2011/12/17 03:01:29]worker-28: processed 50000 vertex
[2011/12/17 03:01:29]worker-28: processed 60000 vertex
[2011/12/17 03:01:29]worker-28: processed 70000 vertex
[2011/12/17 03:01:29]worker-28: processed 80000 vertex
Executing worker-6
[2011/12/17 03:01:29]worker-6: perfortInitialization
[2011/12/17 03:01:29]worker-6: load cache
[2011/12/17 03:01:29]worker-6: finish loading cache
[2011/12/17 03:01:29]worker-40: start receiving message
[2011/12/17 03:01:29]worker-28: processed 90000 vertex
[2011/12/17 03:01:29]worker-6: start receiving message
[2011/12/17 03:01:29]worker-28: processed 100000 vertex
[2011/12/17 03:01:40]worker-28: performTermination
[2011/12/17 03:01:40]worker-40: performActionNothingPresent
[2011/12/17 03:01:40]worker-6: performActionNothingPresent
[2011/12/17 03:01:40]worker-40: processed 10000 vertex
[2011/12/17 03:01:40]worker-40: processed 20000 vertex
[2011/12/17 03:01:40]worker-6: processed 10000 vertex
[2011/12/17 03:01:40]worker-6: processed 20000 vertex
[2011/12/17 03:01:40]worker-6: processed 30000 vertex
[2011/12/17 03:01:40]worker-40: processed 30000 vertex
[2011/12/17 03:01:40]worker-40: processed 40000 vertex
[2011/12/17 03:01:40]worker-6: processed 40000 vertex
[2011/12/17 03:01:40]worker-6: processed 50000 vertex
[2011/12/17 03:01:40]worker-6: processed 60000 vertex
[2011/12/17 03:01:40]worker-40: processed 50000 vertex
[2011/12/17 03:01:40]worker-6: processed 70000 vertex
[2011/12/17 03:01:40]worker-40: processed 60000 vertex
[2011/12/17 03:01:40]worker-40: processed 70000 vertex
[2011/12/17 03:01:40]worker-40: processed 80000 vertex
[2011/12/17 03:01:40]worker-6: processed 80000 vertex
[2011/12/17 03:01:40]worker-6: processed 90000 vertex
Executing worker-41
[2011/12/17 03:01:40]worker-41: perfortInitialization
[2011/12/17 03:01:40]worker-41: load cache
[2011/12/17 03:01:40]worker-41: finish loading cache
[2011/12/17 03:01:40]worker-6: processed 100000 vertex
[2011/12/17 03:01:51]worker-6: performTermination
[2011/12/17 03:01:51]worker-40: processed 90000 vertex
[2011/12/17 03:01:51]worker-41: start receiving message
[2011/12/17 03:01:51]worker-40: processed 100000 vertex
[2011/12/17 03:02:03]worker-40: performTermination
[2011/12/17 03:02:03]worker-41: performActionNothingPresent
[2011/12/17 03:02:03]worker-41: processed 10000 vertex
[2011/12/17 03:02:03]worker-41: processed 20000 vertex
[2011/12/17 03:02:03]worker-41: processed 30000 vertex
[2011/12/17 03:02:03]worker-41: processed 40000 vertex
[2011/12/17 03:02:03]worker-41: processed 50000 vertex
[2011/12/17 03:02:03]worker-41: processed 60000 vertex
[2011/12/17 03:02:03]worker-41: processed 70000 vertex
[2011/12/17 03:02:03]worker-41: processed 80000 vertex
[2011/12/17 03:02:03]worker-41: processed 90000 vertex
[2011/12/17 03:02:03]worker-41: processed 100000 vertex
[2011/12/17 03:02:14]worker-41: performTermination
[2011/12/17 03:02:16]worker-28: done
[2011/12/17 03:02:16]worker-6: done
[2011/12/17 03:02:16]Launcher: finish execution
[2011/12/17 03:02:16]Launcher: free memory 3701120176
[2011/12/17 03:02:16]Launcher: finish execution
[2011/12/17 03:02:16]Launcher: free memory 3699607992
[2011/12/17 03:02:17]worker-41: done
[2011/12/17 03:02:17]worker-40: done
[2011/12/17 03:02:17]Launcher: finish execution
[2011/12/17 03:02:17]Launcher: free memory 3679486744
[2011/12/17 03:02:17]Launcher: finish execution
[2011/12/17 03:02:17]Launcher: free memory 3679368816
