Running Launcher5d7f4d85:1344e401230:-7ffe
Executing worker-31
[2011/12/17 22:59:57]worker-31: perfortInitialization
[2011/12/17 22:59:57]worker-31: load cache
[2011/12/17 22:59:57]worker-31: finish loading cache
[2011/12/17 22:59:57]worker-31: loading graph...
Executing worker-29
[2011/12/17 22:59:59]worker-29: perfortInitialization
[2011/12/17 22:59:59]worker-29: load cache
[2011/12/17 22:59:59]worker-29: finish loading cache
[2011/12/17 22:59:59]worker-29: loading graph...
Executing worker-40
[2011/12/17 23:00:16]worker-40: perfortInitialization
[2011/12/17 23:00:16]worker-40: load cache
[2011/12/17 23:00:16]worker-40: finish loading cache
[2011/12/17 23:00:16]worker-40: loading graph...
Executing worker-14
[2011/12/17 23:00:21]worker-14: perfortInitialization
[2011/12/17 23:00:21]worker-14: load cache
[2011/12/17 23:00:21]worker-14: finish loading cache
[2011/12/17 23:00:21]worker-14: loading graph...
[2011/12/17 23:01:05]worker-31: done
[2011/12/17 23:01:12]worker-31: start receiving message
[2011/12/17 23:01:12]worker-29: done
[2011/12/17 23:01:20]worker-31: performActionNothingPresent
[2011/12/17 23:01:20]worker-31: processed 10000 vertex
[2011/12/17 23:01:20]worker-31: processed 20000 vertex
[2011/12/17 23:01:20]worker-31: processed 30000 vertex
[2011/12/17 23:01:20]worker-31: processed 40000 vertex
[2011/12/17 23:01:20]worker-31: processed 50000 vertex
[2011/12/17 23:01:20]worker-31: processed 60000 vertex
[2011/12/17 23:01:20]worker-31: processed 70000 vertex
[2011/12/17 23:01:20]worker-31: processed 80000 vertex
[2011/12/17 23:01:20]worker-31: processed 90000 vertex
[2011/12/17 23:01:20]worker-31: processed 100000 vertex
[2011/12/17 23:01:30]worker-29: start receiving message
[2011/12/17 23:01:30]worker-31: performTermination
[2011/12/17 23:01:31]worker-29: performActionNothingPresent
[2011/12/17 23:01:31]worker-29: processed 10000 vertex
[2011/12/17 23:01:31]worker-29: processed 20000 vertex
[2011/12/17 23:01:31]worker-29: processed 30000 vertex
[2011/12/17 23:01:31]worker-29: processed 40000 vertex
[2011/12/17 23:01:31]worker-29: processed 50000 vertex
[2011/12/17 23:01:31]worker-29: processed 60000 vertex
[2011/12/17 23:01:31]worker-29: processed 70000 vertex
[2011/12/17 23:01:31]worker-29: processed 80000 vertex
[2011/12/17 23:01:32]worker-29: processed 90000 vertex
[2011/12/17 23:01:32]worker-29: processed 100000 vertex
[2011/12/17 23:01:39]worker-29: performTermination
[2011/12/17 23:01:40]worker-31: done
[2011/12/17 23:01:43]worker-29: done
[2011/12/17 23:01:43]Launcher: finish execution
[2011/12/17 23:01:43]Launcher: free memory 3915171824
[2011/12/17 23:01:44]Launcher: finish execution
[2011/12/17 23:01:44]Launcher: free memory 3886307320
[2011/12/17 23:01:46]worker-40: done
[2011/12/17 23:01:48]worker-40: start receiving message
[2011/12/17 23:01:49]worker-40: performActionNothingPresent
[2011/12/17 23:01:49]worker-40: processed 10000 vertex
[2011/12/17 23:01:49]worker-40: processed 20000 vertex
[2011/12/17 23:01:49]worker-40: processed 30000 vertex
[2011/12/17 23:01:49]worker-40: processed 40000 vertex
[2011/12/17 23:01:49]worker-40: processed 50000 vertex
[2011/12/17 23:01:49]worker-40: processed 60000 vertex
[2011/12/17 23:01:49]worker-40: processed 70000 vertex
[2011/12/17 23:01:49]worker-40: processed 80000 vertex
[2011/12/17 23:01:49]worker-40: processed 90000 vertex
[2011/12/17 23:01:49]worker-40: processed 100000 vertex
[2011/12/17 23:02:03]worker-40: performTermination
[2011/12/17 23:02:04]worker-14: done
[2011/12/17 23:02:06]worker-40: done
[2011/12/17 23:02:06]Launcher: finish execution
[2011/12/17 23:02:06]Launcher: free memory 3714983584
[2011/12/17 23:02:06]worker-14: start receiving message
[2011/12/17 23:02:07]worker-14: performActionNothingPresent
[2011/12/17 23:02:07]worker-14: processed 10000 vertex
[2011/12/17 23:02:07]worker-14: processed 20000 vertex
[2011/12/17 23:02:07]worker-14: processed 30000 vertex
[2011/12/17 23:02:07]worker-14: processed 40000 vertex
[2011/12/17 23:02:07]worker-14: processed 50000 vertex
[2011/12/17 23:02:07]worker-14: processed 60000 vertex
[2011/12/17 23:02:07]worker-14: processed 70000 vertex
[2011/12/17 23:02:07]worker-14: processed 80000 vertex
[2011/12/17 23:02:07]worker-14: processed 90000 vertex
[2011/12/17 23:02:07]worker-14: processed 100000 vertex
[2011/12/17 23:02:17]worker-14: performTermination
[2011/12/17 23:02:19]worker-14: done
[2011/12/17 23:02:19]Launcher: finish execution
[2011/12/17 23:02:19]Launcher: free memory 3724355376
Executing worker-31
[2011/12/17 23:02:45]worker-31: perfortInitialization
[2011/12/17 23:02:45]worker-31: load cache
[2011/12/17 23:02:45]worker-31: finish loading cache
[2011/12/17 23:02:45]worker-31: start receiving message
Executing worker-29
[2011/12/17 23:02:45]worker-29: perfortInitialization
[2011/12/17 23:02:45]worker-29: load cache
[2011/12/17 23:02:45]worker-29: finish loading cache
[2011/12/17 23:02:45]worker-29: start receiving message
Executing worker-40
[2011/12/17 23:02:45]worker-40: perfortInitialization
[2011/12/17 23:02:45]worker-40: load cache
[2011/12/17 23:02:45]worker-40: finish loading cache
[2011/12/17 23:02:45]worker-31: performActionNothingPresent
[2011/12/17 23:02:45]worker-31: processed 10000 vertex
[2011/12/17 23:02:45]worker-31: processed 20000 vertex
[2011/12/17 23:02:45]worker-31: processed 30000 vertex
[2011/12/17 23:02:45]worker-29: performActionNothingPresent
[2011/12/17 23:02:45]worker-29: processed 10000 vertex
[2011/12/17 23:02:45]worker-29: processed 20000 vertex
[2011/12/17 23:02:45]worker-31: processed 40000 vertex
[2011/12/17 23:02:45]worker-29: processed 30000 vertex
[2011/12/17 23:02:45]worker-31: processed 50000 vertex
[2011/12/17 23:02:45]worker-29: processed 40000 vertex
[2011/12/17 23:02:45]worker-31: processed 60000 vertex
[2011/12/17 23:02:45]worker-29: processed 50000 vertex
[2011/12/17 23:02:45]worker-40: start receiving message
[2011/12/17 23:02:45]worker-31: processed 70000 vertex
[2011/12/17 23:02:45]worker-29: processed 60000 vertex
[2011/12/17 23:02:45]worker-31: processed 80000 vertex
[2011/12/17 23:02:45]worker-29: processed 70000 vertex
[2011/12/17 23:02:45]worker-29: processed 80000 vertex
[2011/12/17 23:02:45]worker-31: processed 90000 vertex
[2011/12/17 23:02:45]worker-29: processed 90000 vertex
[2011/12/17 23:02:45]worker-31: processed 100000 vertex
[2011/12/17 23:02:45]worker-29: processed 100000 vertex
[2011/12/17 23:02:56]worker-31: performTermination
[2011/12/17 23:02:56]worker-40: performActionNothingPresent
[2011/12/17 23:03:06]worker-40: processed 10000 vertex
[2011/12/17 23:03:06]worker-29: performTermination
[2011/12/17 23:03:06]worker-40: processed 20000 vertex
[2011/12/17 23:03:06]worker-40: processed 30000 vertex
[2011/12/17 23:03:06]worker-40: processed 40000 vertex
[2011/12/17 23:03:06]worker-40: processed 50000 vertex
[2011/12/17 23:03:06]worker-40: processed 60000 vertex
[2011/12/17 23:03:06]worker-40: processed 70000 vertex
[2011/12/17 23:03:06]worker-40: processed 80000 vertex
[2011/12/17 23:03:06]worker-40: processed 90000 vertex
[2011/12/17 23:03:06]worker-40: processed 100000 vertex
[2011/12/17 23:03:20]worker-40: performTermination
Executing worker-14
[2011/12/17 23:03:20]worker-14: perfortInitialization
[2011/12/17 23:03:20]worker-14: load cache
[2011/12/17 23:03:20]worker-14: finish loading cache
[2011/12/17 23:03:20]worker-14: start receiving message
[2011/12/17 23:03:22]worker-31: done
[2011/12/17 23:03:22]worker-40: done
[2011/12/17 23:03:22]Launcher: finish execution
[2011/12/17 23:03:22]Launcher: free memory 3373535464
[2011/12/17 23:03:22]Launcher: finish execution
[2011/12/17 23:03:22]Launcher: free memory 3367228896
[2011/12/17 23:03:23]worker-14: performActionNothingPresent
[2011/12/17 23:03:23]worker-14: processed 10000 vertex
[2011/12/17 23:03:23]worker-14: processed 20000 vertex
[2011/12/17 23:03:23]worker-14: processed 30000 vertex
[2011/12/17 23:03:23]worker-14: processed 40000 vertex
[2011/12/17 23:03:23]worker-29: done
[2011/12/17 23:03:23]worker-14: processed 50000 vertex
[2011/12/17 23:03:23]worker-14: processed 60000 vertex
[2011/12/17 23:03:23]worker-14: processed 70000 vertex
[2011/12/17 23:03:23]worker-14: processed 80000 vertex
[2011/12/17 23:03:23]worker-14: processed 90000 vertex
[2011/12/17 23:03:23]worker-14: processed 100000 vertex
[2011/12/17 23:03:33]worker-14: performTermination
[2011/12/17 23:03:33]Launcher: finish execution
[2011/12/17 23:03:33]Launcher: free memory 3754339656
[2011/12/17 23:03:35]worker-14: done
[2011/12/17 23:03:35]Launcher: finish execution
[2011/12/17 23:04:12]Launcher: free memory 3683628720
Executing worker-31
[2011/12/17 23:04:12]worker-31: perfortInitialization
[2011/12/17 23:04:12]worker-31: load cache
[2011/12/17 23:04:12]worker-31: finish loading cache
[2011/12/17 23:04:12]worker-31: start receiving message
Executing worker-29
[2011/12/17 23:04:13]worker-29: perfortInitialization
[2011/12/17 23:04:13]worker-29: load cache
[2011/12/17 23:04:13]worker-29: finish loading cache
[2011/12/17 23:04:13]worker-29: start receiving message
Executing worker-40
[2011/12/17 23:04:13]worker-40: perfortInitialization
[2011/12/17 23:04:13]worker-40: load cache
[2011/12/17 23:04:13]worker-40: finish loading cache
[2011/12/17 23:04:13]worker-40: start receiving message
[2011/12/17 23:04:13]worker-31: performActionNothingPresent
[2011/12/17 23:04:13]worker-31: processed 10000 vertex
[2011/12/17 23:04:13]worker-31: processed 20000 vertex
[2011/12/17 23:04:13]worker-31: processed 30000 vertex
[2011/12/17 23:04:13]worker-31: processed 40000 vertex
[2011/12/17 23:04:13]worker-31: processed 50000 vertex
[2011/12/17 23:04:13]worker-31: processed 60000 vertex
[2011/12/17 23:04:13]worker-31: processed 70000 vertex
[2011/12/17 23:04:13]worker-31: processed 80000 vertex
Executing worker-14
[2011/12/17 23:04:13]worker-14: perfortInitialization
[2011/12/17 23:04:13]worker-14: load cache
[2011/12/17 23:04:13]worker-14: finish loading cache
[2011/12/17 23:04:13]worker-31: processed 90000 vertex
[2011/12/17 23:04:13]worker-31: processed 100000 vertex
[2011/12/17 23:04:13]worker-14: start receiving message
[2011/12/17 23:04:23]worker-31: performTermination
[2011/12/17 23:04:23]worker-14: performActionNothingPresent
[2011/12/17 23:04:23]worker-40: performActionNothingPresent
[2011/12/17 23:04:23]worker-40: processed 10000 vertex
[2011/12/17 23:04:23]worker-29: performActionNothingPresent
[2011/12/17 23:04:23]worker-29: processed 10000 vertex
[2011/12/17 23:04:23]worker-14: processed 10000 vertex
[2011/12/17 23:04:23]worker-14: processed 20000 vertex
[2011/12/17 23:04:23]worker-40: processed 20000 vertex
[2011/12/17 23:04:23]worker-29: processed 20000 vertex
[2011/12/17 23:04:23]worker-14: processed 30000 vertex
[2011/12/17 23:04:23]worker-40: processed 30000 vertex
[2011/12/17 23:04:23]worker-40: processed 40000 vertex
[2011/12/17 23:04:23]worker-29: processed 30000 vertex
[2011/12/17 23:04:23]worker-29: processed 40000 vertex
[2011/12/17 23:04:23]worker-29: processed 50000 vertex
[2011/12/17 23:04:23]worker-29: processed 60000 vertex
[2011/12/17 23:04:23]worker-40: processed 50000 vertex
[2011/12/17 23:04:23]worker-29: processed 70000 vertex
[2011/12/17 23:04:23]worker-40: processed 60000 vertex
[2011/12/17 23:04:23]worker-29: processed 80000 vertex
[2011/12/17 23:04:23]worker-40: processed 70000 vertex
[2011/12/17 23:04:23]worker-29: processed 90000 vertex
[2011/12/17 23:04:23]worker-40: processed 80000 vertex
[2011/12/17 23:04:23]worker-29: processed 100000 vertex
[2011/12/17 23:04:23]worker-40: processed 90000 vertex
[2011/12/17 23:04:34]worker-40: processed 100000 vertex
[2011/12/17 23:04:34]worker-14: processed 40000 vertex
[2011/12/17 23:04:34]worker-14: processed 50000 vertex
[2011/12/17 23:04:34]worker-29: performTermination
[2011/12/17 23:04:34]worker-14: processed 60000 vertex
[2011/12/17 23:04:34]worker-14: processed 70000 vertex
[2011/12/17 23:04:34]worker-14: processed 80000 vertex
[2011/12/17 23:04:34]worker-14: processed 90000 vertex
[2011/12/17 23:04:34]worker-14: processed 100000 vertex
[2011/12/17 23:04:47]worker-14: performTermination
[2011/12/17 23:04:57]worker-40: performTermination
[2011/12/17 23:05:01]worker-31: done
[2011/12/17 23:05:01]Launcher: finish execution
[2011/12/17 23:05:01]Launcher: free memory 3651749072
[2011/12/17 23:05:01]worker-14: done
[2011/12/17 23:05:01]worker-40: done
[2011/12/17 23:05:01]Launcher: finish execution
[2011/12/17 23:05:01]Launcher: finish execution
[2011/12/17 23:05:01]Launcher: free memory 3645239128
[2011/12/17 23:05:01]Launcher: free memory 3645239128
[2011/12/17 23:05:01]worker-29: done
[2011/12/17 23:05:01]Launcher: finish execution
[2011/12/17 23:05:01]Launcher: free memory 3642337136
Executing worker-31
[2011/12/17 23:05:13]worker-31: perfortInitialization
[2011/12/17 23:05:13]worker-31: load cache
[2011/12/17 23:05:13]worker-31: finish loading cache
[2011/12/17 23:05:13]worker-31: start receiving message
[2011/12/17 23:05:13]worker-31: performActionNothingPresent
[2011/12/17 23:05:13]worker-31: processed 10000 vertex
[2011/12/17 23:05:13]worker-31: processed 20000 vertex
[2011/12/17 23:05:13]worker-31: processed 30000 vertex
[2011/12/17 23:05:13]worker-31: processed 40000 vertex
[2011/12/17 23:05:13]worker-31: processed 50000 vertex
[2011/12/17 23:05:13]worker-31: processed 60000 vertex
[2011/12/17 23:05:13]worker-31: processed 70000 vertex
Executing worker-29
[2011/12/17 23:05:13]worker-29: perfortInitialization
[2011/12/17 23:05:13]worker-29: load cache
[2011/12/17 23:05:13]worker-29: finish loading cache
[2011/12/17 23:05:13]worker-31: processed 80000 vertex
[2011/12/17 23:05:13]worker-31: processed 90000 vertex
[2011/12/17 23:05:13]worker-31: processed 100000 vertex
[2011/12/17 23:05:13]worker-29: start receiving message
[2011/12/17 23:05:23]worker-29: performActionNothingPresent
[2011/12/17 23:05:23]worker-29: processed 10000 vertex
[2011/12/17 23:05:23]worker-31: performTermination
[2011/12/17 23:05:23]worker-29: processed 20000 vertex
[2011/12/17 23:05:23]worker-29: processed 30000 vertex
[2011/12/17 23:05:23]worker-29: processed 40000 vertex
[2011/12/17 23:05:23]worker-29: processed 50000 vertex
[2011/12/17 23:05:23]worker-29: processed 60000 vertex
[2011/12/17 23:05:23]worker-29: processed 70000 vertex
[2011/12/17 23:05:23]worker-29: processed 80000 vertex
[2011/12/17 23:05:23]worker-29: processed 90000 vertex
[2011/12/17 23:05:23]worker-29: processed 100000 vertex
[2011/12/17 23:05:34]worker-29: performTermination
Executing worker-14
[2011/12/17 23:05:35]worker-14: perfortInitialization
[2011/12/17 23:05:35]worker-14: load cache
[2011/12/17 23:05:35]worker-14: finish loading cache
[2011/12/17 23:05:35]worker-14: start receiving message
[2011/12/17 23:05:36]worker-31: done
Executing worker-40
[2011/12/17 23:05:36]worker-40: perfortInitialization
[2011/12/17 23:05:36]worker-40: load cache
[2011/12/17 23:05:36]worker-40: finish loading cache
[2011/12/17 23:05:36]worker-29: done
[2011/12/17 23:05:36]worker-40: start receiving message
[2011/12/17 23:05:36]Launcher: finish execution
[2011/12/17 23:05:36]Launcher: free memory 3106538800
[2011/12/17 23:05:36]Launcher: finish execution
[2011/12/17 23:05:36]Launcher: free memory 3105429200
[2011/12/17 23:05:36]worker-14: performActionNothingPresent
[2011/12/17 23:05:36]worker-14: processed 10000 vertex
[2011/12/17 23:05:36]worker-14: processed 20000 vertex
[2011/12/17 23:05:36]worker-14: processed 30000 vertex
[2011/12/17 23:05:36]worker-14: processed 40000 vertex
[2011/12/17 23:05:36]worker-40: performActionNothingPresent
[2011/12/17 23:05:36]worker-14: processed 50000 vertex
[2011/12/17 23:05:36]worker-40: processed 10000 vertex
[2011/12/17 23:05:36]worker-40: processed 20000 vertex
[2011/12/17 23:05:36]worker-14: processed 60000 vertex
[2011/12/17 23:05:36]worker-40: processed 30000 vertex
[2011/12/17 23:05:36]worker-14: processed 70000 vertex
[2011/12/17 23:05:36]worker-40: processed 40000 vertex
[2011/12/17 23:05:36]worker-14: processed 80000 vertex
[2011/12/17 23:05:36]worker-40: processed 50000 vertex
[2011/12/17 23:05:36]worker-14: processed 90000 vertex
[2011/12/17 23:05:36]worker-40: processed 60000 vertex
[2011/12/17 23:05:36]worker-14: processed 100000 vertex
[2011/12/17 23:05:36]worker-40: processed 70000 vertex
[2011/12/17 23:05:48]worker-14: performTermination
[2011/12/17 23:05:48]worker-40: processed 80000 vertex
[2011/12/17 23:05:48]worker-40: processed 90000 vertex
[2011/12/17 23:05:48]worker-40: processed 100000 vertex
java.rmi.ConnectException: Connection refused to host: 10.82.205.144; nested exception is: 
	java.net.ConnectException: Connection refused
	at sun.rmi.transport.tcp.TCPEndpoint.newSocket(TCPEndpoint.java:601)
	at sun.rmi.transport.tcp.TCPChannel.createConnection(TCPChannel.java:198)
	at sun.rmi.transport.tcp.TCPChannel.newConnection(TCPChannel.java:184)
	at sun.rmi.server.UnicastRef.invoke(UnicastRef.java:110)
	at java.rmi.server.RemoteObjectInvocationHandler.invokeRemoteMethod(RemoteObjectInvocationHandler.java:178)
	at java.rmi.server.RemoteObjectInvocationHandler.invoke(RemoteObjectInvocationHandler.java:132)
	at $Proxy3.updateAggregate(Unknown Source)
	at graphs.programs.pagerank.DeciderFilePagerankWorker.performActionNothingPresent(DeciderFilePagerankWorker.java:98)
	at graphs.programs.pagerank.DeciderFilePagerankWorker.run(DeciderFilePagerankWorker.java:184)
	at launcher.ExecutionHandler$NodeHandler.run(ExecutionHandler.java:391)
Caused by: java.net.ConnectException: Connection refused
	at java.net.PlainSocketImpl.socketConnect(Native Method)
	at java.net.PlainSocketImpl.doConnect(PlainSocketImpl.java:351)
	at java.net.PlainSocketImpl.connectToAddress(PlainSocketImpl.java:213)
	at java.net.PlainSocketImpl.connect(PlainSocketImpl.java:200)
	at java.net.SocksSocketImpl.connect(SocksSocketImpl.java:366)
	at java.net.Socket.connect(Socket.java:529)
	at java.net.Socket.connect(Socket.java:478)
	at java.net.Socket.<init>(Socket.java:375)
	at java.net.Socket.<init>(Socket.java:189)
	at sun.rmi.transport.proxy.RMIDirectSocketFactory.createSocket(RMIDirectSocketFactory.java:22)
	at sun.rmi.transport.proxy.RMIMasterSocketFactory.createSocket(RMIMasterSocketFactory.java:128)
	at sun.rmi.transport.tcp.TCPEndpoint.newSocket(TCPEndpoint.java:595)
	... 9 more
[2011/12/17 23:05:59]worker-40: performTermination
