Running Manager running on directory "/home/ubuntu/nfs/Hammr"
Registered launcher with ID Launcher-5196381a:13449e31deb:-7ffe
Registered launcher with ID Launcherb51f2ab:13449e31dc5:-7ffe
Registered launcher with ID Launcher143d7b75:13449e31e32:-7ffe
Registered launcher with ID Launcher46b43ef5:13449e31ef2:-7ffe
Registered launcher with ID Launcher62ea641a:13449e31e1d:-7ffe
Registered launcher with ID Launcher-58f93108:13449e31f39:-7ffe
Registered launcher with ID Launcher7a4d8fe6:13449e31eba:-7ffe
Registered launcher with ID Launcher3a5a8b7a:13449e31ee8:-7ffe
Registered launcher with ID Launcher-205da37c:13449e31e78:-7ffe
Registered launcher with ID Launcher416fe2bd:13449e31e6d:-7ffe
Registered launcher with ID Launcher6adaac0b:13449e31f0b:-7ffe
Registered launcher with ID Launcher-c1e60ec:13449e31eb8:-7ffe
Registered launcher with ID Launchere813e4f:13449e31ed4:-7ffe
Registered launcher with ID Launcher-42f2b251:13449e31f5c:-7ffe
Registered launcher with ID Launcher-34c516e3:13449e31eb0:-7ffe
Registered launcher with ID Launcher-75749a2e:13449e31edc:-7ffe
Registered launcher with ID Launcher-3e7f40cf:13449e31f11:-7ffe
Registered launcher with ID Launcher-137821bc:13449e31f24:-7ffe
Registered launcher with ID Launcher590cbb04:13449e31fc1:-7ffe
Time to parse graph for application pagerank: 6 msec
Identified node group bundles:
{
	[worker-65]
}
{
	[worker-6]
}
{
	[worker-54]
}
{
	[worker-14]
}
{
	[worker-2]
}
{
	[worker-36]
}
{
	[worker-18]
}
{
	[worker-19]
}
{
	[worker-32]
}
{
	[worker-57]
}
{
	[worker-42]
}
{
	[worker-50]
}
{
	[worker-46]
}
{
	[worker-24]
}
{
	[worker-70]
}
{
	[worker-4]
}
{
	[worker-9]
}
{
	[worker-69]
}
{
	[worker-11]
}
{
	[worker-74]
}
{
	[worker-22]
}
{
	[worker-33]
}
{
	[worker-8]
}
{
	[worker-45]
}
{
	[worker-68]
}
{
	[worker-52]
}
{
	[worker-60]
}
{
	[worker-49]
}
{
	[worker-56]
}
{
	[worker-31]
}
{
	[worker-1]
}
{
	[worker-20]
}
{
	[worker-27]
}
{
	[worker-35]
}
{
	[worker-29]
}
{
	[worker-55]
}
{
	[worker-21]
}
{
	[worker-17]
}
{
	[worker-59]
}
{
	[worker-26]
}
{
	[worker-12]
}
{
	[worker-62]
}
{
	[worker-47]
}
{
	[worker-58]
}
{
	[worker-73]
}
{
	[worker-25]
}
{
	[worker-75]
}
{
	[worker-16]
}
{
	[worker-38]
}
{
	[worker-0]
}
{
	[worker-39]
}
{
	[worker-13]
}
{
	[worker-40]
}
{
	[worker-48]
}
{
	[worker-66]
}
{
	[worker-43]
}
{
	[worker-63]
}
{
	[worker-61]
}
{
	[worker-30]
}
{
	[worker-64]
}
{
	[worker-5]
}
{
	[worker-53]
}
{
	[worker-41]
}
{
	[worker-15]
}
{
	[worker-71]
}
{
	[worker-28]
}
{
	[worker-67]
}
{
	[worker-34]
}
{
	[worker-10]
}
{
	[worker-7]
}
{
	[worker-51]
}
{
	[worker-72]
}
{
	[worker-44]
}
{
	[worker-23]
}
{
	[worker-37]
}
{
	[worker-3]
}
Scheduling node group bundle {
	[worker-57]
}
Scheduling node group bundle {
	[worker-68]
}
Scheduling node group bundle {
	[worker-54]
}
Scheduling node group bundle {
	[worker-52]
}
Scheduling node group bundle {
	[worker-59]
}
Scheduling node group bundle {
	[worker-27]
}
Scheduling node group bundle {
	[worker-39]
}
Scheduling node group bundle {
	[worker-31]
}
Scheduling node group bundle {
	[worker-28]
}
Scheduling node group bundle {
	[worker-32]
}
Scheduling node group bundle {
	[worker-17]
}
Scheduling node group bundle {
	[worker-8]
}
Scheduling node group bundle {
	[worker-33]
}
Scheduling node group bundle {
	[worker-42]
}
Scheduling node group bundle {
	[worker-66]
}
Scheduling node group bundle {
	[worker-72]
}
Scheduling node group bundle {
	[worker-16]
}
Scheduling node group bundle {
	[worker-38]
}
Scheduling node group bundle {
	[worker-35]
}
Scheduling node group bundle {
	[worker-2]
}
Scheduling node group bundle {
	[worker-1]
}
Scheduling node group bundle {
	[worker-36]
}
Scheduling node group bundle {
	[worker-73]
}
Scheduling node group bundle {
	[worker-64]
}
Scheduling node group bundle {
	[worker-44]
}
Scheduling node group bundle {
	[worker-74]
}
Scheduling node group bundle {
	[worker-43]
}
Scheduling node group bundle {
	[worker-40]
}
Scheduling node group bundle {
	[worker-63]
}
Scheduling node group bundle {
	[worker-53]
}
Scheduling node group bundle {
	[worker-26]
}
Scheduling node group bundle {
	[worker-7]
}
Scheduling node group bundle {
	[worker-61]
}
Scheduling node group bundle {
	[worker-12]
}
Scheduling node group bundle {
	[worker-30]
}
Scheduling node group bundle {
	[worker-18]
}
Scheduling node group bundle {
	[worker-60]
}
Scheduling node group bundle {
	[worker-56]
}
Scheduling node group bundle {
	[worker-23]
}
Scheduling node group bundle {
	[worker-29]
}
Scheduling node group bundle {
	[worker-51]
}
Scheduling node group bundle {
	[worker-58]
}
Scheduling node group bundle {
	[worker-5]
}
Scheduling node group bundle {
	[worker-37]
}
Scheduling node group bundle {
	[worker-67]
}
Scheduling node group bundle {
	[worker-62]
}
Scheduling node group bundle {
	[worker-6]
}
Scheduling node group bundle {
	[worker-21]
}
Scheduling node group bundle {
	[worker-49]
}
Scheduling node group bundle {
	[worker-11]
}
Scheduling node group bundle {
	[worker-65]
}
Scheduling node group bundle {
	[worker-19]
}
Scheduling node group bundle {
	[worker-75]
}
Scheduling node group bundle {
	[worker-55]
}
Scheduling node group bundle {
	[worker-45]
}
Scheduling node group bundle {
	[worker-70]
}
Scheduling node group bundle {
	[worker-22]
}
Scheduling node group bundle {
	[worker-50]
}
Scheduling node group bundle {
	[worker-13]
}
Scheduling node group bundle {
	[worker-46]
}
Scheduling node group bundle {
	[worker-20]
}
Scheduling node group bundle {
	[worker-3]
}
Scheduling node group bundle {
	[worker-4]
}
Scheduling node group bundle {
	[worker-0]
}
Scheduling node group bundle {
	[worker-25]
}
Scheduling node group bundle {
	[worker-41]
}
Scheduling node group bundle {
	[worker-34]
}
Scheduling node group bundle {
	[worker-14]
}
Scheduling node group bundle {
	[worker-69]
}
Scheduling node group bundle {
	[worker-9]
}
Scheduling node group bundle {
	[worker-10]
}
Scheduling node group bundle {
	[worker-15]
}
Scheduling node group bundle {
	[worker-47]
}
Scheduling node group bundle {
	[worker-24]
}
Scheduling node group bundle {
	[worker-71]
}
Scheduling node group bundle {
	[worker-48]
}
prepareIteration
Scheduling node group bundle {
	[worker-57]
}
Scheduling node group bundle {
	[worker-68]
}
Scheduling node group bundle {
	[worker-54]
}
Scheduling node group bundle {
	[worker-52]
}
Scheduling node group bundle {
	[worker-59]
}
Scheduling node group bundle {
	[worker-27]
}
Scheduling node group bundle {
	[worker-39]
}
Scheduling node group bundle {
	[worker-31]
}
Scheduling node group bundle {
	[worker-28]
}
Scheduling node group bundle {
	[worker-32]
}
Scheduling node group bundle {
	[worker-17]
}
Scheduling node group bundle {
	[worker-8]
}
Scheduling node group bundle {
	[worker-33]
}
Scheduling node group bundle {
	[worker-42]
}
Scheduling node group bundle {
	[worker-66]
}
Scheduling node group bundle {
	[worker-72]
}
Scheduling node group bundle {
	[worker-16]
}
Scheduling node group bundle {
	[worker-38]
}
Scheduling node group bundle {
	[worker-35]
}
Scheduling node group bundle {
	[worker-2]
}
Scheduling node group bundle {
	[worker-1]
}
Scheduling node group bundle {
	[worker-36]
}
Scheduling node group bundle {
	[worker-73]
}
Scheduling node group bundle {
	[worker-64]
}
Scheduling node group bundle {
	[worker-44]
}
Scheduling node group bundle {
	[worker-74]
}
Scheduling node group bundle {
	[worker-43]
}
Scheduling node group bundle {
	[worker-40]
}
Scheduling node group bundle {
	[worker-63]
}
Scheduling node group bundle {
	[worker-53]
}
Scheduling node group bundle {
	[worker-26]
}
Scheduling node group bundle {
	[worker-7]
}
Scheduling node group bundle {
	[worker-61]
}
Scheduling node group bundle {
	[worker-12]
}
Scheduling node group bundle {
	[worker-30]
}
Scheduling node group bundle {
	[worker-18]
}
Scheduling node group bundle {
	[worker-60]
}
Scheduling node group bundle {
	[worker-56]
}
Scheduling node group bundle {
	[worker-23]
}
Scheduling node group bundle {
	[worker-29]
}
Scheduling node group bundle {
	[worker-51]
}
Scheduling node group bundle {
	[worker-58]
}
Scheduling node group bundle {
	[worker-5]
}
Scheduling node group bundle {
	[worker-37]
}
Scheduling node group bundle {
	[worker-67]
}
Scheduling node group bundle {
	[worker-62]
}
Scheduling node group bundle {
	[worker-6]
}
Scheduling node group bundle {
	[worker-21]
}
Scheduling node group bundle {
	[worker-49]
}
Scheduling node group bundle {
	[worker-11]
}
Scheduling node group bundle {
	[worker-65]
}
Scheduling node group bundle {
	[worker-19]
}
Scheduling node group bundle {
	[worker-75]
}
Scheduling node group bundle {
	[worker-55]
}
Scheduling node group bundle {
	[worker-45]
}
Scheduling node group bundle {
	[worker-70]
}
Scheduling node group bundle {
	[worker-22]
}
Scheduling node group bundle {
	[worker-50]
}
Scheduling node group bundle {
	[worker-13]
}
Scheduling node group bundle {
	[worker-46]
}
Scheduling node group bundle {
	[worker-20]
}
Scheduling node group bundle {
	[worker-3]
}
Scheduling node group bundle {
	[worker-4]
}
Scheduling node group bundle {
	[worker-0]
}
Scheduling node group bundle {
	[worker-25]
}
Scheduling node group bundle {
	[worker-41]
}
Scheduling node group bundle {
	[worker-34]
}
Scheduling node group bundle {
	[worker-14]
}
Scheduling node group bundle {
	[worker-69]
}
Scheduling node group bundle {
	[worker-9]
}
Scheduling node group bundle {
	[worker-10]
}
Scheduling node group bundle {
	[worker-15]
}
Scheduling node group bundle {
	[worker-47]
}
Scheduling node group bundle {
	[worker-24]
}
Scheduling node group bundle {
	[worker-71]
}
Scheduling node group bundle {
	[worker-48]
}
prepareIteration
Scheduling node group bundle {
	[worker-57]
}
Scheduling node group bundle {
	[worker-68]
}
Scheduling node group bundle {
	[worker-54]
}
Scheduling node group bundle {
	[worker-52]
}
Scheduling node group bundle {
	[worker-59]
}
Scheduling node group bundle {
	[worker-27]
}
Scheduling node group bundle {
	[worker-39]
}
Scheduling node group bundle {
	[worker-31]
}
Scheduling node group bundle {
	[worker-28]
}
Scheduling node group bundle {
	[worker-32]
}
Scheduling node group bundle {
	[worker-17]
}
Scheduling node group bundle {
	[worker-8]
}
Scheduling node group bundle {
	[worker-33]
}
Scheduling node group bundle {
	[worker-42]
}
Scheduling node group bundle {
	[worker-66]
}
Scheduling node group bundle {
	[worker-72]
}
Scheduling node group bundle {
	[worker-16]
}
Scheduling node group bundle {
	[worker-38]
}
Scheduling node group bundle {
	[worker-35]
}
Scheduling node group bundle {
	[worker-2]
}
Scheduling node group bundle {
	[worker-1]
}
Scheduling node group bundle {
	[worker-36]
}
Scheduling node group bundle {
	[worker-73]
}
Scheduling node group bundle {
	[worker-64]
}
Scheduling node group bundle {
	[worker-44]
}
Scheduling node group bundle {
	[worker-74]
}
Scheduling node group bundle {
	[worker-43]
}
Scheduling node group bundle {
	[worker-40]
}
Scheduling node group bundle {
	[worker-63]
}
Scheduling node group bundle {
	[worker-53]
}
Scheduling node group bundle {
	[worker-26]
}
Scheduling node group bundle {
	[worker-7]
}
Scheduling node group bundle {
	[worker-61]
}
Scheduling node group bundle {
	[worker-12]
}
Scheduling node group bundle {
	[worker-30]
}
Scheduling node group bundle {
	[worker-18]
}
Scheduling node group bundle {
	[worker-60]
}
Scheduling node group bundle {
	[worker-56]
}
Scheduling node group bundle {
	[worker-23]
}
Scheduling node group bundle {
	[worker-29]
}
Scheduling node group bundle {
	[worker-51]
}
Scheduling node group bundle {
	[worker-58]
}
Scheduling node group bundle {
	[worker-5]
}
Scheduling node group bundle {
	[worker-37]
}
Scheduling node group bundle {
	[worker-67]
}
Scheduling node group bundle {
	[worker-62]
}
Scheduling node group bundle {
	[worker-6]
}
Scheduling node group bundle {
	[worker-21]
}
Scheduling node group bundle {
	[worker-49]
}
Scheduling node group bundle {
	[worker-11]
}
Scheduling node group bundle {
	[worker-65]
}
Scheduling node group bundle {
	[worker-19]
}
Scheduling node group bundle {
	[worker-75]
}
Scheduling node group bundle {
	[worker-55]
}
Scheduling node group bundle {
	[worker-45]
}
Scheduling node group bundle {
	[worker-70]
}
Scheduling node group bundle {
	[worker-22]
}
Scheduling node group bundle {
	[worker-50]
}
Scheduling node group bundle {
	[worker-13]
}
Scheduling node group bundle {
	[worker-46]
}
Scheduling node group bundle {
	[worker-20]
}
Scheduling node group bundle {
	[worker-3]
}
Scheduling node group bundle {
	[worker-4]
}
Scheduling node group bundle {
	[worker-0]
}
Scheduling node group bundle {
	[worker-25]
}
Scheduling node group bundle {
	[worker-41]
}
Scheduling node group bundle {
	[worker-34]
}
Scheduling node group bundle {
	[worker-14]
}
Scheduling node group bundle {
	[worker-69]
}
Scheduling node group bundle {
	[worker-9]
}
Scheduling node group bundle {
	[worker-10]
}
Scheduling node group bundle {
	[worker-15]
}
Scheduling node group bundle {
	[worker-47]
}
Scheduling node group bundle {
	[worker-24]
}
Scheduling node group bundle {
	[worker-71]
}
Scheduling node group bundle {
	[worker-48]
}
prepareIteration
Scheduling node group bundle {
	[worker-57]
}
Scheduling node group bundle {
	[worker-68]
}
Scheduling node group bundle {
	[worker-54]
}
Scheduling node group bundle {
	[worker-52]
}
Scheduling node group bundle {
	[worker-59]
}
Scheduling node group bundle {
	[worker-27]
}
Scheduling node group bundle {
	[worker-39]
}
Scheduling node group bundle {
	[worker-31]
}
Scheduling node group bundle {
	[worker-28]
}
Scheduling node group bundle {
	[worker-32]
}
Scheduling node group bundle {
	[worker-17]
}
Scheduling node group bundle {
	[worker-8]
}
Scheduling node group bundle {
	[worker-33]
}
Scheduling node group bundle {
	[worker-42]
}
Scheduling node group bundle {
	[worker-66]
}
Scheduling node group bundle {
	[worker-72]
}
Scheduling node group bundle {
	[worker-16]
}
Scheduling node group bundle {
	[worker-38]
}
Scheduling node group bundle {
	[worker-35]
}
Scheduling node group bundle {
	[worker-2]
}
Scheduling node group bundle {
	[worker-1]
}
Scheduling node group bundle {
	[worker-36]
}
Scheduling node group bundle {
	[worker-73]
}
Scheduling node group bundle {
	[worker-64]
}
Scheduling node group bundle {
	[worker-44]
}
Scheduling node group bundle {
	[worker-74]
}
Scheduling node group bundle {
	[worker-43]
}
Scheduling node group bundle {
	[worker-40]
}
Scheduling node group bundle {
	[worker-63]
}
Scheduling node group bundle {
	[worker-53]
}
Scheduling node group bundle {
	[worker-26]
}
Scheduling node group bundle {
	[worker-7]
}
Scheduling node group bundle {
	[worker-61]
}
Scheduling node group bundle {
	[worker-12]
}
Scheduling node group bundle {
	[worker-30]
}
Scheduling node group bundle {
	[worker-18]
}
Scheduling node group bundle {
	[worker-60]
}
Scheduling node group bundle {
	[worker-56]
}
Scheduling node group bundle {
	[worker-23]
}
Scheduling node group bundle {
	[worker-29]
}
Scheduling node group bundle {
	[worker-51]
}
Scheduling node group bundle {
	[worker-58]
}
Scheduling node group bundle {
	[worker-5]
}
Scheduling node group bundle {
	[worker-37]
}
Scheduling node group bundle {
	[worker-67]
}
Scheduling node group bundle {
	[worker-62]
}
Scheduling node group bundle {
	[worker-6]
}
Scheduling node group bundle {
	[worker-21]
}
Scheduling node group bundle {
	[worker-49]
}
Scheduling node group bundle {
	[worker-11]
}
Scheduling node group bundle {
	[worker-65]
}
Scheduling node group bundle {
	[worker-19]
}
Scheduling node group bundle {
	[worker-75]
}
Scheduling node group bundle {
	[worker-55]
}
Scheduling node group bundle {
	[worker-45]
}
Scheduling node group bundle {
	[worker-70]
}
Scheduling node group bundle {
	[worker-22]
}
Scheduling node group bundle {
	[worker-50]
}
Scheduling node group bundle {
	[worker-13]
}
Scheduling node group bundle {
	[worker-46]
}
Scheduling node group bundle {
	[worker-20]
}
Scheduling node group bundle {
	[worker-3]
}
Scheduling node group bundle {
	[worker-4]
}
Scheduling node group bundle {
	[worker-0]
}
Scheduling node group bundle {
	[worker-25]
}
Scheduling node group bundle {
	[worker-41]
}
Scheduling node group bundle {
	[worker-34]
}
Scheduling node group bundle {
	[worker-14]
}
Scheduling node group bundle {
	[worker-69]
}
Scheduling node group bundle {
	[worker-9]
}
Scheduling node group bundle {
	[worker-10]
}
Scheduling node group bundle {
	[worker-15]
}
Scheduling node group bundle {
	[worker-47]
}
Scheduling node group bundle {
	[worker-24]
}
Scheduling node group bundle {
	[worker-71]
}
Scheduling node group bundle {
	[worker-48]
}
prepareIteration
Scheduling node group bundle {
	[worker-57]
}
Scheduling node group bundle {
	[worker-68]
}
Scheduling node group bundle {
	[worker-54]
}
Scheduling node group bundle {
	[worker-52]
}
Scheduling node group bundle {
	[worker-59]
}
Scheduling node group bundle {
	[worker-27]
}
Scheduling node group bundle {
	[worker-39]
}
Scheduling node group bundle {
	[worker-31]
}
Scheduling node group bundle {
	[worker-28]
}
Scheduling node group bundle {
	[worker-32]
}
Scheduling node group bundle {
	[worker-17]
}
Scheduling node group bundle {
	[worker-8]
}
Scheduling node group bundle {
	[worker-33]
}
Scheduling node group bundle {
	[worker-42]
}
Scheduling node group bundle {
	[worker-66]
}
Scheduling node group bundle {
	[worker-72]
}
Scheduling node group bundle {
	[worker-16]
}
Scheduling node group bundle {
	[worker-38]
}
Scheduling node group bundle {
	[worker-35]
}
Scheduling node group bundle {
	[worker-2]
}
Scheduling node group bundle {
	[worker-1]
}
Scheduling node group bundle {
	[worker-36]
}
Scheduling node group bundle {
	[worker-73]
}
Scheduling node group bundle {
	[worker-64]
}
Scheduling node group bundle {
	[worker-44]
}
Scheduling node group bundle {
	[worker-74]
}
Scheduling node group bundle {
	[worker-43]
}
Scheduling node group bundle {
	[worker-40]
}
Scheduling node group bundle {
	[worker-63]
}
Scheduling node group bundle {
	[worker-53]
}
Scheduling node group bundle {
	[worker-26]
}
Scheduling node group bundle {
	[worker-7]
}
Scheduling node group bundle {
	[worker-61]
}
Scheduling node group bundle {
	[worker-12]
}
Scheduling node group bundle {
	[worker-30]
}
Scheduling node group bundle {
	[worker-18]
}
Scheduling node group bundle {
	[worker-60]
}
Scheduling node group bundle {
	[worker-56]
}
Scheduling node group bundle {
	[worker-23]
}
Scheduling node group bundle {
	[worker-29]
}
Scheduling node group bundle {
	[worker-51]
}
Scheduling node group bundle {
	[worker-58]
}
Scheduling node group bundle {
	[worker-5]
}
Scheduling node group bundle {
	[worker-37]
}
Scheduling node group bundle {
	[worker-67]
}
Scheduling node group bundle {
	[worker-62]
}
Scheduling node group bundle {
	[worker-6]
}
Scheduling node group bundle {
	[worker-21]
}
Scheduling node group bundle {
	[worker-49]
}
Scheduling node group bundle {
	[worker-11]
}
Scheduling node group bundle {
	[worker-65]
}
Scheduling node group bundle {
	[worker-19]
}
Scheduling node group bundle {
	[worker-75]
}
Scheduling node group bundle {
	[worker-55]
}
Scheduling node group bundle {
	[worker-45]
}
Scheduling node group bundle {
	[worker-70]
}
Scheduling node group bundle {
	[worker-22]
}
Scheduling node group bundle {
	[worker-50]
}
Scheduling node group bundle {
	[worker-13]
}
Scheduling node group bundle {
	[worker-46]
}
Scheduling node group bundle {
	[worker-20]
}
Scheduling node group bundle {
	[worker-3]
}
Scheduling node group bundle {
	[worker-4]
}
Scheduling node group bundle {
	[worker-0]
}
Scheduling node group bundle {
	[worker-25]
}
Scheduling node group bundle {
	[worker-41]
}
Scheduling node group bundle {
	[worker-34]
}
Scheduling node group bundle {
	[worker-14]
}
Scheduling node group bundle {
	[worker-69]
}
Scheduling node group bundle {
	[worker-9]
}
Scheduling node group bundle {
	[worker-10]
}
Scheduling node group bundle {
	[worker-15]
}
Scheduling node group bundle {
	[worker-47]
}
Scheduling node group bundle {
	[worker-24]
}
Scheduling node group bundle {
	[worker-71]
}
Scheduling node group bundle {
	[worker-48]
}
prepareIteration
Scheduling node group bundle {
	[worker-57]
}
Scheduling node group bundle {
	[worker-68]
}
Scheduling node group bundle {
	[worker-54]
}
Scheduling node group bundle {
	[worker-52]
}
Scheduling node group bundle {
	[worker-59]
}
Scheduling node group bundle {
	[worker-27]
}
Scheduling node group bundle {
	[worker-39]
}
Scheduling node group bundle {
	[worker-31]
}
Scheduling node group bundle {
	[worker-28]
}
Scheduling node group bundle {
	[worker-32]
}
Scheduling node group bundle {
	[worker-17]
}
Scheduling node group bundle {
	[worker-8]
}
Scheduling node group bundle {
	[worker-33]
}
Scheduling node group bundle {
	[worker-42]
}
Scheduling node group bundle {
	[worker-66]
}
Scheduling node group bundle {
	[worker-72]
}
Scheduling node group bundle {
	[worker-16]
}
Scheduling node group bundle {
	[worker-38]
}
Scheduling node group bundle {
	[worker-35]
}
Scheduling node group bundle {
	[worker-2]
}
Scheduling node group bundle {
	[worker-1]
}
Scheduling node group bundle {
	[worker-36]
}
Scheduling node group bundle {
	[worker-73]
}
Scheduling node group bundle {
	[worker-64]
}
Scheduling node group bundle {
	[worker-44]
}
Scheduling node group bundle {
	[worker-74]
}
Scheduling node group bundle {
	[worker-43]
}
Scheduling node group bundle {
	[worker-40]
}
Scheduling node group bundle {
	[worker-63]
}
Scheduling node group bundle {
	[worker-53]
}
Scheduling node group bundle {
	[worker-26]
}
Scheduling node group bundle {
	[worker-7]
}
Scheduling node group bundle {
	[worker-61]
}
Scheduling node group bundle {
	[worker-12]
}
Scheduling node group bundle {
	[worker-30]
}
Scheduling node group bundle {
	[worker-18]
}
Scheduling node group bundle {
	[worker-60]
}
Scheduling node group bundle {
	[worker-56]
}
Scheduling node group bundle {
	[worker-23]
}
Scheduling node group bundle {
	[worker-29]
}
Scheduling node group bundle {
	[worker-51]
}
Scheduling node group bundle {
	[worker-58]
}
Scheduling node group bundle {
	[worker-5]
}
Scheduling node group bundle {
	[worker-37]
}
Scheduling node group bundle {
	[worker-67]
}
Scheduling node group bundle {
	[worker-62]
}
Scheduling node group bundle {
	[worker-6]
}
Scheduling node group bundle {
	[worker-21]
}
Scheduling node group bundle {
	[worker-49]
}
Scheduling node group bundle {
	[worker-11]
}
Scheduling node group bundle {
	[worker-65]
}
Scheduling node group bundle {
	[worker-19]
}
Scheduling node group bundle {
	[worker-75]
}
Scheduling node group bundle {
	[worker-55]
}
Scheduling node group bundle {
	[worker-45]
}
Scheduling node group bundle {
	[worker-70]
}
Scheduling node group bundle {
	[worker-22]
}
Scheduling node group bundle {
	[worker-50]
}
Scheduling node group bundle {
	[worker-13]
}
Scheduling node group bundle {
	[worker-46]
}
Scheduling node group bundle {
	[worker-20]
}
Scheduling node group bundle {
	[worker-3]
}
Scheduling node group bundle {
	[worker-4]
}
Scheduling node group bundle {
	[worker-0]
}
Scheduling node group bundle {
	[worker-25]
}
Scheduling node group bundle {
	[worker-41]
}
Scheduling node group bundle {
	[worker-34]
}
Scheduling node group bundle {
	[worker-14]
}
Scheduling node group bundle {
	[worker-69]
}
Scheduling node group bundle {
	[worker-9]
}
Scheduling node group bundle {
	[worker-10]
}
Scheduling node group bundle {
	[worker-15]
}
Scheduling node group bundle {
	[worker-47]
}
Scheduling node group bundle {
	[worker-24]
}
Scheduling node group bundle {
	[worker-71]
}
Scheduling node group bundle {
	[worker-48]
}
prepareIteration
Scheduling node group bundle {
	[worker-57]
}
Scheduling node group bundle {
	[worker-68]
}
Scheduling node group bundle {
	[worker-54]
}
Scheduling node group bundle {
	[worker-52]
}
Scheduling node group bundle {
	[worker-59]
}
Scheduling node group bundle {
	[worker-27]
}
Scheduling node group bundle {
	[worker-39]
}
Scheduling node group bundle {
	[worker-31]
}
Scheduling node group bundle {
	[worker-28]
}
Scheduling node group bundle {
	[worker-32]
}
Scheduling node group bundle {
	[worker-17]
}
Scheduling node group bundle {
	[worker-8]
}
Scheduling node group bundle {
	[worker-33]
}
Scheduling node group bundle {
	[worker-42]
}
Scheduling node group bundle {
	[worker-66]
}
Scheduling node group bundle {
	[worker-72]
}
Scheduling node group bundle {
	[worker-16]
}
Scheduling node group bundle {
	[worker-38]
}
Scheduling node group bundle {
	[worker-35]
}
Scheduling node group bundle {
	[worker-2]
}
Scheduling node group bundle {
	[worker-1]
}
Scheduling node group bundle {
	[worker-36]
}
Scheduling node group bundle {
	[worker-73]
}
Scheduling node group bundle {
	[worker-64]
}
Scheduling node group bundle {
	[worker-44]
}
Scheduling node group bundle {
	[worker-74]
}
Scheduling node group bundle {
	[worker-43]
}
Scheduling node group bundle {
	[worker-40]
}
Scheduling node group bundle {
	[worker-63]
}
Scheduling node group bundle {
	[worker-53]
}
Scheduling node group bundle {
	[worker-26]
}
Scheduling node group bundle {
	[worker-7]
}
Scheduling node group bundle {
	[worker-61]
}
Scheduling node group bundle {
	[worker-12]
}
Scheduling node group bundle {
	[worker-30]
}
Scheduling node group bundle {
	[worker-18]
}
Scheduling node group bundle {
	[worker-60]
}
Scheduling node group bundle {
	[worker-56]
}
Scheduling node group bundle {
	[worker-23]
}
Scheduling node group bundle {
	[worker-29]
}
Scheduling node group bundle {
	[worker-51]
}
Scheduling node group bundle {
	[worker-58]
}
Scheduling node group bundle {
	[worker-5]
}
Scheduling node group bundle {
	[worker-37]
}
Scheduling node group bundle {
	[worker-67]
}
Scheduling node group bundle {
	[worker-62]
}
Scheduling node group bundle {
	[worker-6]
}
Scheduling node group bundle {
	[worker-21]
}
Scheduling node group bundle {
	[worker-49]
}
Scheduling node group bundle {
	[worker-11]
}
Scheduling node group bundle {
	[worker-65]
}
Scheduling node group bundle {
	[worker-19]
}
Scheduling node group bundle {
	[worker-75]
}
Scheduling node group bundle {
	[worker-55]
}
Scheduling node group bundle {
	[worker-45]
}
Scheduling node group bundle {
	[worker-70]
}
Scheduling node group bundle {
	[worker-22]
}
Scheduling node group bundle {
	[worker-50]
}
Scheduling node group bundle {
	[worker-13]
}
Scheduling node group bundle {
	[worker-46]
}
Scheduling node group bundle {
	[worker-20]
}
Scheduling node group bundle {
	[worker-3]
}
Scheduling node group bundle {
	[worker-4]
}
Scheduling node group bundle {
	[worker-0]
}
Scheduling node group bundle {
	[worker-25]
}
Scheduling node group bundle {
	[worker-41]
}
Scheduling node group bundle {
	[worker-34]
}
Scheduling node group bundle {
	[worker-14]
}
Scheduling node group bundle {
	[worker-69]
}
Scheduling node group bundle {
	[worker-9]
}
Scheduling node group bundle {
	[worker-10]
}
Scheduling node group bundle {
	[worker-15]
}
Scheduling node group bundle {
	[worker-47]
}
Scheduling node group bundle {
	[worker-24]
}
Scheduling node group bundle {
	[worker-71]
}
Scheduling node group bundle {
	[worker-48]
}
prepareIteration
Scheduling node group bundle {
	[worker-57]
}
Scheduling node group bundle {
	[worker-68]
}
Scheduling node group bundle {
	[worker-54]
}
Scheduling node group bundle {
	[worker-52]
}
Scheduling node group bundle {
	[worker-59]
}
Scheduling node group bundle {
	[worker-27]
}
Scheduling node group bundle {
	[worker-39]
}
Scheduling node group bundle {
	[worker-31]
}
Scheduling node group bundle {
	[worker-28]
}
Scheduling node group bundle {
	[worker-32]
}
Scheduling node group bundle {
	[worker-17]
}
Scheduling node group bundle {
	[worker-8]
}
Scheduling node group bundle {
	[worker-33]
}
Scheduling node group bundle {
	[worker-42]
}
Scheduling node group bundle {
	[worker-66]
}
Scheduling node group bundle {
	[worker-72]
}
Scheduling node group bundle {
	[worker-16]
}
Scheduling node group bundle {
	[worker-38]
}
Scheduling node group bundle {
	[worker-35]
}
Scheduling node group bundle {
	[worker-2]
}
Scheduling node group bundle {
	[worker-1]
}
Scheduling node group bundle {
	[worker-36]
}
Scheduling node group bundle {
	[worker-73]
}
Scheduling node group bundle {
	[worker-64]
}
Scheduling node group bundle {
	[worker-44]
}
Scheduling node group bundle {
	[worker-74]
}
Scheduling node group bundle {
	[worker-43]
}
Scheduling node group bundle {
	[worker-40]
}
Scheduling node group bundle {
	[worker-63]
}
Scheduling node group bundle {
	[worker-53]
}
Scheduling node group bundle {
	[worker-26]
}
Scheduling node group bundle {
	[worker-7]
}
Scheduling node group bundle {
	[worker-61]
}
Scheduling node group bundle {
	[worker-12]
}
Scheduling node group bundle {
	[worker-30]
}
Scheduling node group bundle {
	[worker-18]
}
Scheduling node group bundle {
	[worker-60]
}
Scheduling node group bundle {
	[worker-56]
}
Scheduling node group bundle {
	[worker-23]
}
Scheduling node group bundle {
	[worker-29]
}
Scheduling node group bundle {
	[worker-51]
}
Scheduling node group bundle {
	[worker-58]
}
Scheduling node group bundle {
	[worker-5]
}
Scheduling node group bundle {
	[worker-37]
}
Scheduling node group bundle {
	[worker-67]
}
Scheduling node group bundle {
	[worker-62]
}
Scheduling node group bundle {
	[worker-6]
}
Scheduling node group bundle {
	[worker-21]
}
Scheduling node group bundle {
	[worker-49]
}
Scheduling node group bundle {
	[worker-11]
}
Scheduling node group bundle {
	[worker-65]
}
Scheduling node group bundle {
	[worker-19]
}
Scheduling node group bundle {
	[worker-75]
}
Scheduling node group bundle {
	[worker-55]
}
Scheduling node group bundle {
	[worker-45]
}
Scheduling node group bundle {
	[worker-70]
}
Scheduling node group bundle {
	[worker-22]
}
Scheduling node group bundle {
	[worker-50]
}
Scheduling node group bundle {
	[worker-13]
}
Scheduling node group bundle {
	[worker-46]
}
Scheduling node group bundle {
	[worker-20]
}
Scheduling node group bundle {
	[worker-3]
}
Scheduling node group bundle {
	[worker-4]
}
Scheduling node group bundle {
	[worker-0]
}
Scheduling node group bundle {
	[worker-25]
}
Scheduling node group bundle {
	[worker-41]
}
Scheduling node group bundle {
	[worker-34]
}
Scheduling node group bundle {
	[worker-14]
}
Scheduling node group bundle {
	[worker-69]
}
Scheduling node group bundle {
	[worker-9]
}
Scheduling node group bundle {
	[worker-10]
}
Scheduling node group bundle {
	[worker-15]
}
Scheduling node group bundle {
	[worker-47]
}
Scheduling node group bundle {
	[worker-24]
}
Scheduling node group bundle {
	[worker-71]
}
Scheduling node group bundle {
	[worker-48]
}
prepareIteration
Scheduling node group bundle {
	[worker-57]
}
Scheduling node group bundle {
	[worker-68]
}
Scheduling node group bundle {
	[worker-54]
}
Scheduling node group bundle {
	[worker-52]
}
Scheduling node group bundle {
	[worker-59]
}
Scheduling node group bundle {
	[worker-27]
}
Scheduling node group bundle {
	[worker-39]
}
Scheduling node group bundle {
	[worker-31]
}
Scheduling node group bundle {
	[worker-28]
}
Scheduling node group bundle {
	[worker-32]
}
Scheduling node group bundle {
	[worker-17]
}
Scheduling node group bundle {
	[worker-8]
}
Scheduling node group bundle {
	[worker-33]
}
Scheduling node group bundle {
	[worker-42]
}
Scheduling node group bundle {
	[worker-66]
}
Scheduling node group bundle {
	[worker-72]
}
Scheduling node group bundle {
	[worker-16]
}
Scheduling node group bundle {
	[worker-38]
}
Scheduling node group bundle {
	[worker-35]
}
Scheduling node group bundle {
	[worker-2]
}
Scheduling node group bundle {
	[worker-1]
}
Scheduling node group bundle {
	[worker-36]
}
Scheduling node group bundle {
	[worker-73]
}
Scheduling node group bundle {
	[worker-64]
}
Scheduling node group bundle {
	[worker-44]
}
Scheduling node group bundle {
	[worker-74]
}
Scheduling node group bundle {
	[worker-43]
}
Scheduling node group bundle {
	[worker-40]
}
Scheduling node group bundle {
	[worker-63]
}
Scheduling node group bundle {
	[worker-53]
}
Scheduling node group bundle {
	[worker-26]
}
Scheduling node group bundle {
	[worker-7]
}
Scheduling node group bundle {
	[worker-61]
}
Scheduling node group bundle {
	[worker-12]
}
Scheduling node group bundle {
	[worker-30]
}
Scheduling node group bundle {
	[worker-18]
}
Scheduling node group bundle {
	[worker-60]
}
Scheduling node group bundle {
	[worker-56]
}
Scheduling node group bundle {
	[worker-23]
}
Scheduling node group bundle {
	[worker-29]
}
Scheduling node group bundle {
	[worker-51]
}
Scheduling node group bundle {
	[worker-58]
}
Scheduling node group bundle {
	[worker-5]
}
Scheduling node group bundle {
	[worker-37]
}
Scheduling node group bundle {
	[worker-67]
}
Scheduling node group bundle {
	[worker-62]
}
Scheduling node group bundle {
	[worker-6]
}
Scheduling node group bundle {
	[worker-21]
}
Scheduling node group bundle {
	[worker-49]
}
Scheduling node group bundle {
	[worker-11]
}
Scheduling node group bundle {
	[worker-65]
}
Scheduling node group bundle {
	[worker-19]
}
Scheduling node group bundle {
	[worker-75]
}
Scheduling node group bundle {
	[worker-55]
}
Scheduling node group bundle {
	[worker-45]
}
Scheduling node group bundle {
	[worker-70]
}
Scheduling node group bundle {
	[worker-22]
}
Scheduling node group bundle {
	[worker-50]
}
Scheduling node group bundle {
	[worker-13]
}
Scheduling node group bundle {
	[worker-46]
}
Scheduling node group bundle {
	[worker-20]
}
Scheduling node group bundle {
	[worker-3]
}
Scheduling node group bundle {
	[worker-4]
}
Scheduling node group bundle {
	[worker-0]
}
Scheduling node group bundle {
	[worker-25]
}
Scheduling node group bundle {
	[worker-41]
}
Scheduling node group bundle {
	[worker-34]
}
Scheduling node group bundle {
	[worker-14]
}
Scheduling node group bundle {
	[worker-69]
}
Scheduling node group bundle {
	[worker-9]
}
Scheduling node group bundle {
	[worker-10]
}
Scheduling node group bundle {
	[worker-15]
}
Scheduling node group bundle {
	[worker-47]
}
Scheduling node group bundle {
	[worker-24]
}
Scheduling node group bundle {
	[worker-71]
}
Scheduling node group bundle {
	[worker-48]
}
prepareIteration
Scheduling node group bundle {
	[worker-57]
}
Scheduling node group bundle {
	[worker-68]
}
Scheduling node group bundle {
	[worker-54]
}
Scheduling node group bundle {
	[worker-52]
}
Scheduling node group bundle {
	[worker-59]
}
Scheduling node group bundle {
	[worker-27]
}
Scheduling node group bundle {
	[worker-39]
}
Scheduling node group bundle {
	[worker-31]
}
Scheduling node group bundle {
	[worker-28]
}
Scheduling node group bundle {
	[worker-32]
}
Scheduling node group bundle {
	[worker-17]
}
Scheduling node group bundle {
	[worker-8]
}
Scheduling node group bundle {
	[worker-33]
}
Scheduling node group bundle {
	[worker-42]
}
Scheduling node group bundle {
	[worker-66]
}
Scheduling node group bundle {
	[worker-72]
}
Scheduling node group bundle {
	[worker-16]
}
Scheduling node group bundle {
	[worker-38]
}
Scheduling node group bundle {
	[worker-35]
}
Scheduling node group bundle {
	[worker-2]
}
Scheduling node group bundle {
	[worker-1]
}
Scheduling node group bundle {
	[worker-36]
}
Scheduling node group bundle {
	[worker-73]
}
Scheduling node group bundle {
	[worker-64]
}
Scheduling node group bundle {
	[worker-44]
}
Scheduling node group bundle {
	[worker-74]
}
Scheduling node group bundle {
	[worker-43]
}
Scheduling node group bundle {
	[worker-40]
}
Scheduling node group bundle {
	[worker-63]
}
Scheduling node group bundle {
	[worker-53]
}
Scheduling node group bundle {
	[worker-26]
}
Scheduling node group bundle {
	[worker-7]
}
Scheduling node group bundle {
	[worker-61]
}
Scheduling node group bundle {
	[worker-12]
}
Scheduling node group bundle {
	[worker-30]
}
Scheduling node group bundle {
	[worker-18]
}
Scheduling node group bundle {
	[worker-60]
}
Scheduling node group bundle {
	[worker-56]
}
Scheduling node group bundle {
	[worker-23]
}
Scheduling node group bundle {
	[worker-29]
}
Scheduling node group bundle {
	[worker-51]
}
Scheduling node group bundle {
	[worker-58]
}
Scheduling node group bundle {
	[worker-5]
}
Scheduling node group bundle {
	[worker-37]
}
Scheduling node group bundle {
	[worker-67]
}
Scheduling node group bundle {
	[worker-62]
}
Scheduling node group bundle {
	[worker-6]
}
Scheduling node group bundle {
	[worker-21]
}
Scheduling node group bundle {
	[worker-49]
}
Scheduling node group bundle {
	[worker-11]
}
Scheduling node group bundle {
	[worker-65]
}
Scheduling node group bundle {
	[worker-19]
}
Scheduling node group bundle {
	[worker-75]
}
Scheduling node group bundle {
	[worker-55]
}
Scheduling node group bundle {
	[worker-45]
}
Scheduling node group bundle {
	[worker-70]
}
Scheduling node group bundle {
	[worker-22]
}
Scheduling node group bundle {
	[worker-50]
}
Scheduling node group bundle {
	[worker-13]
}
Scheduling node group bundle {
	[worker-46]
}
Scheduling node group bundle {
	[worker-20]
}
Scheduling node group bundle {
	[worker-3]
}
Scheduling node group bundle {
	[worker-4]
}
Scheduling node group bundle {
	[worker-0]
}
Scheduling node group bundle {
	[worker-25]
}
Scheduling node group bundle {
	[worker-41]
}
Scheduling node group bundle {
	[worker-34]
}
Scheduling node group bundle {
	[worker-14]
}
Scheduling node group bundle {
	[worker-69]
}
Scheduling node group bundle {
	[worker-9]
}
Scheduling node group bundle {
	[worker-10]
}
Scheduling node group bundle {
	[worker-15]
}
Scheduling node group bundle {
	[worker-47]
}
Scheduling node group bundle {
	[worker-24]
}
Scheduling node group bundle {
	[worker-71]
}
Scheduling node group bundle {
	[worker-48]
}
prepareIteration
Scheduling node group bundle {
	[worker-57]
}
Scheduling node group bundle {
	[worker-68]
}
Scheduling node group bundle {
	[worker-54]
}
Scheduling node group bundle {
	[worker-52]
}
Scheduling node group bundle {
	[worker-59]
}
Scheduling node group bundle {
	[worker-27]
}
Scheduling node group bundle {
	[worker-39]
}
Scheduling node group bundle {
	[worker-31]
}
Scheduling node group bundle {
	[worker-28]
}
Scheduling node group bundle {
	[worker-32]
}
Scheduling node group bundle {
	[worker-17]
}
Scheduling node group bundle {
	[worker-8]
}
Scheduling node group bundle {
	[worker-33]
}
Scheduling node group bundle {
	[worker-42]
}
Scheduling node group bundle {
	[worker-66]
}
Scheduling node group bundle {
	[worker-72]
}
Scheduling node group bundle {
	[worker-16]
}
Scheduling node group bundle {
	[worker-38]
}
Scheduling node group bundle {
	[worker-35]
}
Scheduling node group bundle {
	[worker-2]
}
Scheduling node group bundle {
	[worker-1]
}
Scheduling node group bundle {
	[worker-36]
}
Scheduling node group bundle {
	[worker-73]
}
Scheduling node group bundle {
	[worker-64]
}
Scheduling node group bundle {
	[worker-44]
}
Scheduling node group bundle {
	[worker-74]
}
Scheduling node group bundle {
	[worker-43]
}
Scheduling node group bundle {
	[worker-40]
}
Scheduling node group bundle {
	[worker-63]
}
Scheduling node group bundle {
	[worker-53]
}
Scheduling node group bundle {
	[worker-26]
}
Scheduling node group bundle {
	[worker-7]
}
Scheduling node group bundle {
	[worker-61]
}
Scheduling node group bundle {
	[worker-12]
}
Scheduling node group bundle {
	[worker-30]
}
Scheduling node group bundle {
	[worker-18]
}
Scheduling node group bundle {
	[worker-60]
}
Scheduling node group bundle {
	[worker-56]
}
Scheduling node group bundle {
	[worker-23]
}
Scheduling node group bundle {
	[worker-29]
}
Scheduling node group bundle {
	[worker-51]
}
Scheduling node group bundle {
	[worker-58]
}
Scheduling node group bundle {
	[worker-5]
}
Scheduling node group bundle {
	[worker-37]
}
Scheduling node group bundle {
	[worker-67]
}
Scheduling node group bundle {
	[worker-62]
}
Scheduling node group bundle {
	[worker-6]
}
Scheduling node group bundle {
	[worker-21]
}
Scheduling node group bundle {
	[worker-49]
}
Scheduling node group bundle {
	[worker-11]
}
Scheduling node group bundle {
	[worker-65]
}
Scheduling node group bundle {
	[worker-19]
}
Scheduling node group bundle {
	[worker-75]
}
Scheduling node group bundle {
	[worker-55]
}
Scheduling node group bundle {
	[worker-45]
}
Scheduling node group bundle {
	[worker-70]
}
Scheduling node group bundle {
	[worker-22]
}
Scheduling node group bundle {
	[worker-50]
}
Scheduling node group bundle {
	[worker-13]
}
Scheduling node group bundle {
	[worker-46]
}
Scheduling node group bundle {
	[worker-20]
}
Scheduling node group bundle {
	[worker-3]
}
Scheduling node group bundle {
	[worker-4]
}
Scheduling node group bundle {
	[worker-0]
}
Scheduling node group bundle {
	[worker-25]
}
Scheduling node group bundle {
	[worker-41]
}
Scheduling node group bundle {
	[worker-34]
}
Scheduling node group bundle {
	[worker-14]
}
Scheduling node group bundle {
	[worker-69]
}
Scheduling node group bundle {
	[worker-9]
}
Scheduling node group bundle {
	[worker-10]
}
Scheduling node group bundle {
	[worker-15]
}
Scheduling node group bundle {
	[worker-47]
}
Scheduling node group bundle {
	[worker-24]
}
Scheduling node group bundle {
	[worker-71]
}
Scheduling node group bundle {
	[worker-48]
}
prepareIteration
Scheduling node group bundle {
	[worker-57]
}
Scheduling node group bundle {
	[worker-68]
}
Scheduling node group bundle {
	[worker-54]
}
Scheduling node group bundle {
	[worker-52]
}
Scheduling node group bundle {
	[worker-59]
}
Scheduling node group bundle {
	[worker-27]
}
Scheduling node group bundle {
	[worker-39]
}
Scheduling node group bundle {
	[worker-31]
}
Scheduling node group bundle {
	[worker-28]
}
Scheduling node group bundle {
	[worker-32]
}
Scheduling node group bundle {
	[worker-17]
}
Scheduling node group bundle {
	[worker-8]
}
Scheduling node group bundle {
	[worker-33]
}
Scheduling node group bundle {
	[worker-42]
}
Scheduling node group bundle {
	[worker-66]
}
Scheduling node group bundle {
	[worker-72]
}
Scheduling node group bundle {
	[worker-16]
}
Scheduling node group bundle {
	[worker-38]
}
Scheduling node group bundle {
	[worker-35]
}
Scheduling node group bundle {
	[worker-2]
}
Scheduling node group bundle {
	[worker-1]
}
Scheduling node group bundle {
	[worker-36]
}
Scheduling node group bundle {
	[worker-73]
}
Scheduling node group bundle {
	[worker-64]
}
Scheduling node group bundle {
	[worker-44]
}
Scheduling node group bundle {
	[worker-74]
}
Scheduling node group bundle {
	[worker-43]
}
Scheduling node group bundle {
	[worker-40]
}
Scheduling node group bundle {
	[worker-63]
}
Scheduling node group bundle {
	[worker-53]
}
Scheduling node group bundle {
	[worker-26]
}
Scheduling node group bundle {
	[worker-7]
}
Scheduling node group bundle {
	[worker-61]
}
Scheduling node group bundle {
	[worker-12]
}
Scheduling node group bundle {
	[worker-30]
}
Scheduling node group bundle {
	[worker-18]
}
Scheduling node group bundle {
	[worker-60]
}
Scheduling node group bundle {
	[worker-56]
}
Scheduling node group bundle {
	[worker-23]
}
Scheduling node group bundle {
	[worker-29]
}
Scheduling node group bundle {
	[worker-51]
}
Scheduling node group bundle {
	[worker-58]
}
Scheduling node group bundle {
	[worker-5]
}
Scheduling node group bundle {
	[worker-37]
}
Scheduling node group bundle {
	[worker-67]
}
Scheduling node group bundle {
	[worker-62]
}
Scheduling node group bundle {
	[worker-6]
}
Scheduling node group bundle {
	[worker-21]
}
Scheduling node group bundle {
	[worker-49]
}
Scheduling node group bundle {
	[worker-11]
}
Scheduling node group bundle {
	[worker-65]
}
Scheduling node group bundle {
	[worker-19]
}
Scheduling node group bundle {
	[worker-75]
}
Scheduling node group bundle {
	[worker-55]
}
Scheduling node group bundle {
	[worker-45]
}
Scheduling node group bundle {
	[worker-70]
}
Scheduling node group bundle {
	[worker-22]
}
Scheduling node group bundle {
	[worker-50]
}
Scheduling node group bundle {
	[worker-13]
}
Scheduling node group bundle {
	[worker-46]
}
Scheduling node group bundle {
	[worker-20]
}
Scheduling node group bundle {
	[worker-3]
}
Scheduling node group bundle {
	[worker-4]
}
Scheduling node group bundle {
	[worker-0]
}
Scheduling node group bundle {
	[worker-25]
}
Scheduling node group bundle {
	[worker-41]
}
Scheduling node group bundle {
	[worker-34]
}
Scheduling node group bundle {
	[worker-14]
}
Scheduling node group bundle {
	[worker-69]
}
Scheduling node group bundle {
	[worker-9]
}
Scheduling node group bundle {
	[worker-10]
}
Scheduling node group bundle {
	[worker-15]
}
Scheduling node group bundle {
	[worker-47]
}
Scheduling node group bundle {
	[worker-24]
}
Scheduling node group bundle {
	[worker-71]
}
Scheduling node group bundle {
	[worker-48]
}
prepareIteration
Scheduling node group bundle {
	[worker-57]
}
Scheduling node group bundle {
	[worker-68]
}
Scheduling node group bundle {
	[worker-54]
}
Scheduling node group bundle {
	[worker-52]
}
Scheduling node group bundle {
	[worker-59]
}
Scheduling node group bundle {
	[worker-27]
}
Scheduling node group bundle {
	[worker-39]
}
Scheduling node group bundle {
	[worker-31]
}
Scheduling node group bundle {
	[worker-28]
}
Scheduling node group bundle {
	[worker-32]
}
Scheduling node group bundle {
	[worker-17]
}
Scheduling node group bundle {
	[worker-8]
}
Scheduling node group bundle {
	[worker-33]
}
Scheduling node group bundle {
	[worker-42]
}
Scheduling node group bundle {
	[worker-66]
}
Scheduling node group bundle {
	[worker-72]
}
Scheduling node group bundle {
	[worker-16]
}
Scheduling node group bundle {
	[worker-38]
}
Scheduling node group bundle {
	[worker-35]
}
Scheduling node group bundle {
	[worker-2]
}
Scheduling node group bundle {
	[worker-1]
}
Scheduling node group bundle {
	[worker-36]
}
Scheduling node group bundle {
	[worker-73]
}
Scheduling node group bundle {
	[worker-64]
}
Scheduling node group bundle {
	[worker-44]
}
Scheduling node group bundle {
	[worker-74]
}
Scheduling node group bundle {
	[worker-43]
}
Scheduling node group bundle {
	[worker-40]
}
Scheduling node group bundle {
	[worker-63]
}
Scheduling node group bundle {
	[worker-53]
}
Scheduling node group bundle {
	[worker-26]
}
Scheduling node group bundle {
	[worker-7]
}
Scheduling node group bundle {
	[worker-61]
}
Scheduling node group bundle {
	[worker-12]
}
Scheduling node group bundle {
	[worker-30]
}
Scheduling node group bundle {
	[worker-18]
}
Scheduling node group bundle {
	[worker-60]
}
Scheduling node group bundle {
	[worker-56]
}
Scheduling node group bundle {
	[worker-23]
}
Scheduling node group bundle {
	[worker-29]
}
Scheduling node group bundle {
	[worker-51]
}
Scheduling node group bundle {
	[worker-58]
}
Scheduling node group bundle {
	[worker-5]
}
Scheduling node group bundle {
	[worker-37]
}
Scheduling node group bundle {
	[worker-67]
}
Scheduling node group bundle {
	[worker-62]
}
Scheduling node group bundle {
	[worker-6]
}
Scheduling node group bundle {
	[worker-21]
}
Scheduling node group bundle {
	[worker-49]
}
Scheduling node group bundle {
	[worker-11]
}
Scheduling node group bundle {
	[worker-65]
}
Scheduling node group bundle {
	[worker-19]
}
Scheduling node group bundle {
	[worker-75]
}
Scheduling node group bundle {
	[worker-55]
}
Scheduling node group bundle {
	[worker-45]
}
Scheduling node group bundle {
	[worker-70]
}
Scheduling node group bundle {
	[worker-22]
}
Scheduling node group bundle {
	[worker-50]
}
Scheduling node group bundle {
	[worker-13]
}
Scheduling node group bundle {
	[worker-46]
}
Scheduling node group bundle {
	[worker-20]
}
Scheduling node group bundle {
	[worker-3]
}
Scheduling node group bundle {
	[worker-4]
}
Scheduling node group bundle {
	[worker-0]
}
Scheduling node group bundle {
	[worker-25]
}
Scheduling node group bundle {
	[worker-41]
}
Scheduling node group bundle {
	[worker-34]
}
Scheduling node group bundle {
	[worker-14]
}
Scheduling node group bundle {
	[worker-69]
}
Scheduling node group bundle {
	[worker-9]
}
Scheduling node group bundle {
	[worker-10]
}
Scheduling node group bundle {
	[worker-15]
}
Scheduling node group bundle {
	[worker-47]
}
Scheduling node group bundle {
	[worker-24]
}
Scheduling node group bundle {
	[worker-71]
}
Scheduling node group bundle {
	[worker-48]
}
prepareIteration
Scheduling node group bundle {
	[worker-57]
}
Scheduling node group bundle {
	[worker-68]
}
Scheduling node group bundle {
	[worker-54]
}
Scheduling node group bundle {
	[worker-52]
}
Scheduling node group bundle {
	[worker-59]
}
Scheduling node group bundle {
	[worker-27]
}
Scheduling node group bundle {
	[worker-39]
}
Scheduling node group bundle {
	[worker-31]
}
Scheduling node group bundle {
	[worker-28]
}
Scheduling node group bundle {
	[worker-32]
}
Scheduling node group bundle {
	[worker-17]
}
Scheduling node group bundle {
	[worker-8]
}
Scheduling node group bundle {
	[worker-33]
}
Scheduling node group bundle {
	[worker-42]
}
Scheduling node group bundle {
	[worker-66]
}
Scheduling node group bundle {
	[worker-72]
}
Scheduling node group bundle {
	[worker-16]
}
Scheduling node group bundle {
	[worker-38]
}
Scheduling node group bundle {
	[worker-35]
}
Scheduling node group bundle {
	[worker-2]
}
Scheduling node group bundle {
	[worker-1]
}
Scheduling node group bundle {
	[worker-36]
}
Scheduling node group bundle {
	[worker-73]
}
Scheduling node group bundle {
	[worker-64]
}
Scheduling node group bundle {
	[worker-44]
}
Scheduling node group bundle {
	[worker-74]
}
Scheduling node group bundle {
	[worker-43]
}
Scheduling node group bundle {
	[worker-40]
}
Scheduling node group bundle {
	[worker-63]
}
Scheduling node group bundle {
	[worker-53]
}
Scheduling node group bundle {
	[worker-26]
}
Scheduling node group bundle {
	[worker-7]
}
Scheduling node group bundle {
	[worker-61]
}
Scheduling node group bundle {
	[worker-12]
}
Scheduling node group bundle {
	[worker-30]
}
Scheduling node group bundle {
	[worker-18]
}
Scheduling node group bundle {
	[worker-60]
}
Scheduling node group bundle {
	[worker-56]
}
Scheduling node group bundle {
	[worker-23]
}
Scheduling node group bundle {
	[worker-29]
}
Scheduling node group bundle {
	[worker-51]
}
Scheduling node group bundle {
	[worker-58]
}
Scheduling node group bundle {
	[worker-5]
}
Scheduling node group bundle {
	[worker-37]
}
Scheduling node group bundle {
	[worker-67]
}
Scheduling node group bundle {
	[worker-62]
}
Scheduling node group bundle {
	[worker-6]
}
Scheduling node group bundle {
	[worker-21]
}
Scheduling node group bundle {
	[worker-49]
}
Scheduling node group bundle {
	[worker-11]
}
Scheduling node group bundle {
	[worker-65]
}
Scheduling node group bundle {
	[worker-19]
}
Scheduling node group bundle {
	[worker-75]
}
Scheduling node group bundle {
	[worker-55]
}
Scheduling node group bundle {
	[worker-45]
}
Scheduling node group bundle {
	[worker-70]
}
Scheduling node group bundle {
	[worker-22]
}
Scheduling node group bundle {
	[worker-50]
}
Scheduling node group bundle {
	[worker-13]
}
Scheduling node group bundle {
	[worker-46]
}
Scheduling node group bundle {
	[worker-20]
}
Scheduling node group bundle {
	[worker-3]
}
Scheduling node group bundle {
	[worker-4]
}
Scheduling node group bundle {
	[worker-0]
}
Scheduling node group bundle {
	[worker-25]
}
Scheduling node group bundle {
	[worker-41]
}
Scheduling node group bundle {
	[worker-34]
}
Scheduling node group bundle {
	[worker-14]
}
Scheduling node group bundle {
	[worker-69]
}
Scheduling node group bundle {
	[worker-9]
}
Scheduling node group bundle {
	[worker-10]
}
Scheduling node group bundle {
	[worker-15]
}
Scheduling node group bundle {
	[worker-47]
}
Scheduling node group bundle {
	[worker-24]
}
Scheduling node group bundle {
	[worker-71]
}
Scheduling node group bundle {
	[worker-48]
}
prepareIteration
Scheduling node group bundle {
	[worker-57]
}
Scheduling node group bundle {
	[worker-68]
}
Scheduling node group bundle {
	[worker-54]
}
Scheduling node group bundle {
	[worker-52]
}
Scheduling node group bundle {
	[worker-59]
}
Scheduling node group bundle {
	[worker-27]
}
Scheduling node group bundle {
	[worker-39]
}
Scheduling node group bundle {
	[worker-31]
}
Scheduling node group bundle {
	[worker-28]
}
Scheduling node group bundle {
	[worker-32]
}
Scheduling node group bundle {
	[worker-17]
}
Scheduling node group bundle {
	[worker-8]
}
Scheduling node group bundle {
	[worker-33]
}
Scheduling node group bundle {
	[worker-42]
}
Scheduling node group bundle {
	[worker-66]
}
Scheduling node group bundle {
	[worker-72]
}
Scheduling node group bundle {
	[worker-16]
}
Scheduling node group bundle {
	[worker-38]
}
Scheduling node group bundle {
	[worker-35]
}
Scheduling node group bundle {
	[worker-2]
}
Scheduling node group bundle {
	[worker-1]
}
Scheduling node group bundle {
	[worker-36]
}
Scheduling node group bundle {
	[worker-73]
}
Scheduling node group bundle {
	[worker-64]
}
Scheduling node group bundle {
	[worker-44]
}
Scheduling node group bundle {
	[worker-74]
}
Scheduling node group bundle {
	[worker-43]
}
Scheduling node group bundle {
	[worker-40]
}
Scheduling node group bundle {
	[worker-63]
}
Scheduling node group bundle {
	[worker-53]
}
Scheduling node group bundle {
	[worker-26]
}
Scheduling node group bundle {
	[worker-7]
}
Scheduling node group bundle {
	[worker-61]
}
Scheduling node group bundle {
	[worker-12]
}
Scheduling node group bundle {
	[worker-30]
}
Scheduling node group bundle {
	[worker-18]
}
Scheduling node group bundle {
	[worker-60]
}
Scheduling node group bundle {
	[worker-56]
}
Scheduling node group bundle {
	[worker-23]
}
Scheduling node group bundle {
	[worker-29]
}
Scheduling node group bundle {
	[worker-51]
}
Scheduling node group bundle {
	[worker-58]
}
Scheduling node group bundle {
	[worker-5]
}
Scheduling node group bundle {
	[worker-37]
}
Scheduling node group bundle {
	[worker-67]
}
Scheduling node group bundle {
	[worker-62]
}
Scheduling node group bundle {
	[worker-6]
}
Scheduling node group bundle {
	[worker-21]
}
Scheduling node group bundle {
	[worker-49]
}
Scheduling node group bundle {
	[worker-11]
}
Scheduling node group bundle {
	[worker-65]
}
Scheduling node group bundle {
	[worker-19]
}
Scheduling node group bundle {
	[worker-75]
}
Scheduling node group bundle {
	[worker-55]
}
Scheduling node group bundle {
	[worker-45]
}
Scheduling node group bundle {
	[worker-70]
}
Scheduling node group bundle {
	[worker-22]
}
Scheduling node group bundle {
	[worker-50]
}
Scheduling node group bundle {
	[worker-13]
}
Scheduling node group bundle {
	[worker-46]
}
Scheduling node group bundle {
	[worker-20]
}
Scheduling node group bundle {
	[worker-3]
}
Scheduling node group bundle {
	[worker-4]
}
Scheduling node group bundle {
	[worker-0]
}
Scheduling node group bundle {
	[worker-25]
}
Scheduling node group bundle {
	[worker-41]
}
Scheduling node group bundle {
	[worker-34]
}
Scheduling node group bundle {
	[worker-14]
}
Scheduling node group bundle {
	[worker-69]
}
Scheduling node group bundle {
	[worker-9]
}
Scheduling node group bundle {
	[worker-10]
}
Scheduling node group bundle {
	[worker-15]
}
Scheduling node group bundle {
	[worker-47]
}
Scheduling node group bundle {
	[worker-24]
}
Scheduling node group bundle {
	[worker-71]
}
Scheduling node group bundle {
	[worker-48]
}
prepareIteration
Scheduling node group bundle {
	[worker-57]
}
Scheduling node group bundle {
	[worker-68]
}
Scheduling node group bundle {
	[worker-54]
}
Scheduling node group bundle {
	[worker-52]
}
Scheduling node group bundle {
	[worker-59]
}
Scheduling node group bundle {
	[worker-27]
}
Scheduling node group bundle {
	[worker-39]
}
Scheduling node group bundle {
	[worker-31]
}
Scheduling node group bundle {
	[worker-28]
}
Scheduling node group bundle {
	[worker-32]
}
Scheduling node group bundle {
	[worker-17]
}
Scheduling node group bundle {
	[worker-8]
}
Scheduling node group bundle {
	[worker-33]
}
Scheduling node group bundle {
	[worker-42]
}
Scheduling node group bundle {
	[worker-66]
}
Scheduling node group bundle {
	[worker-72]
}
Scheduling node group bundle {
	[worker-16]
}
Scheduling node group bundle {
	[worker-38]
}
Scheduling node group bundle {
	[worker-35]
}
Scheduling node group bundle {
	[worker-2]
}
Scheduling node group bundle {
	[worker-1]
}
Scheduling node group bundle {
	[worker-36]
}
Scheduling node group bundle {
	[worker-73]
}
Scheduling node group bundle {
	[worker-64]
}
Scheduling node group bundle {
	[worker-44]
}
Scheduling node group bundle {
	[worker-74]
}
Scheduling node group bundle {
	[worker-43]
}
Scheduling node group bundle {
	[worker-40]
}
Scheduling node group bundle {
	[worker-63]
}
Scheduling node group bundle {
	[worker-53]
}
Scheduling node group bundle {
	[worker-26]
}
Scheduling node group bundle {
	[worker-7]
}
Scheduling node group bundle {
	[worker-61]
}
Scheduling node group bundle {
	[worker-12]
}
Scheduling node group bundle {
	[worker-30]
}
Scheduling node group bundle {
	[worker-18]
}
Scheduling node group bundle {
	[worker-60]
}
Scheduling node group bundle {
	[worker-56]
}
Scheduling node group bundle {
	[worker-23]
}
Scheduling node group bundle {
	[worker-29]
}
Scheduling node group bundle {
	[worker-51]
}
Scheduling node group bundle {
	[worker-58]
}
Scheduling node group bundle {
	[worker-5]
}
Scheduling node group bundle {
	[worker-37]
}
Scheduling node group bundle {
	[worker-67]
}
Scheduling node group bundle {
	[worker-62]
}
Scheduling node group bundle {
	[worker-6]
}
Scheduling node group bundle {
	[worker-21]
}
Scheduling node group bundle {
	[worker-49]
}
Scheduling node group bundle {
	[worker-11]
}
Scheduling node group bundle {
	[worker-65]
}
Scheduling node group bundle {
	[worker-19]
}
Scheduling node group bundle {
	[worker-75]
}
Scheduling node group bundle {
	[worker-55]
}
Scheduling node group bundle {
	[worker-45]
}
Scheduling node group bundle {
	[worker-70]
}
Scheduling node group bundle {
	[worker-22]
}
Scheduling node group bundle {
	[worker-50]
}
Scheduling node group bundle {
	[worker-13]
}
Scheduling node group bundle {
	[worker-46]
}
Scheduling node group bundle {
	[worker-20]
}
Scheduling node group bundle {
	[worker-3]
}
Scheduling node group bundle {
	[worker-4]
}
Scheduling node group bundle {
	[worker-0]
}
Scheduling node group bundle {
	[worker-25]
}
Scheduling node group bundle {
	[worker-41]
}
Scheduling node group bundle {
	[worker-34]
}
Scheduling node group bundle {
	[worker-14]
}
Scheduling node group bundle {
	[worker-69]
}
Scheduling node group bundle {
	[worker-9]
}
Scheduling node group bundle {
	[worker-10]
}
Scheduling node group bundle {
	[worker-15]
}
Scheduling node group bundle {
	[worker-47]
}
Scheduling node group bundle {
	[worker-24]
}
Scheduling node group bundle {
	[worker-71]
}
Scheduling node group bundle {
	[worker-48]
}
prepareIteration
Scheduling node group bundle {
	[worker-57]
}
Scheduling node group bundle {
	[worker-68]
}
Scheduling node group bundle {
	[worker-54]
}
Scheduling node group bundle {
	[worker-52]
}
Scheduling node group bundle {
	[worker-59]
}
Scheduling node group bundle {
	[worker-27]
}
Scheduling node group bundle {
	[worker-39]
}
Scheduling node group bundle {
	[worker-31]
}
Scheduling node group bundle {
	[worker-28]
}
Scheduling node group bundle {
	[worker-32]
}
Scheduling node group bundle {
	[worker-17]
}
Scheduling node group bundle {
	[worker-8]
}
Scheduling node group bundle {
	[worker-33]
}
Scheduling node group bundle {
	[worker-42]
}
Scheduling node group bundle {
	[worker-66]
}
Scheduling node group bundle {
	[worker-72]
}
Scheduling node group bundle {
	[worker-16]
}
Scheduling node group bundle {
	[worker-38]
}
Scheduling node group bundle {
	[worker-35]
}
Scheduling node group bundle {
	[worker-2]
}
Scheduling node group bundle {
	[worker-1]
}
Scheduling node group bundle {
	[worker-36]
}
Scheduling node group bundle {
	[worker-73]
}
Scheduling node group bundle {
	[worker-64]
}
Scheduling node group bundle {
	[worker-44]
}
Scheduling node group bundle {
	[worker-74]
}
Scheduling node group bundle {
	[worker-43]
}
Scheduling node group bundle {
	[worker-40]
}
Scheduling node group bundle {
	[worker-63]
}
Scheduling node group bundle {
	[worker-53]
}
Scheduling node group bundle {
	[worker-26]
}
Scheduling node group bundle {
	[worker-7]
}
Scheduling node group bundle {
	[worker-61]
}
Scheduling node group bundle {
	[worker-12]
}
Scheduling node group bundle {
	[worker-30]
}
Scheduling node group bundle {
	[worker-18]
}
Scheduling node group bundle {
	[worker-60]
}
Scheduling node group bundle {
	[worker-56]
}
Scheduling node group bundle {
	[worker-23]
}
Scheduling node group bundle {
	[worker-29]
}
Scheduling node group bundle {
	[worker-51]
}
Scheduling node group bundle {
	[worker-58]
}
Scheduling node group bundle {
	[worker-5]
}
Scheduling node group bundle {
	[worker-37]
}
Scheduling node group bundle {
	[worker-67]
}
Scheduling node group bundle {
	[worker-62]
}
Scheduling node group bundle {
	[worker-6]
}
Scheduling node group bundle {
	[worker-21]
}
Scheduling node group bundle {
	[worker-49]
}
Scheduling node group bundle {
	[worker-11]
}
Scheduling node group bundle {
	[worker-65]
}
Scheduling node group bundle {
	[worker-19]
}
Scheduling node group bundle {
	[worker-75]
}
Scheduling node group bundle {
	[worker-55]
}
Scheduling node group bundle {
	[worker-45]
}
Scheduling node group bundle {
	[worker-70]
}
Scheduling node group bundle {
	[worker-22]
}
Scheduling node group bundle {
	[worker-50]
}
Scheduling node group bundle {
	[worker-13]
}
Scheduling node group bundle {
	[worker-46]
}
Scheduling node group bundle {
	[worker-20]
}
Scheduling node group bundle {
	[worker-3]
}
Scheduling node group bundle {
	[worker-4]
}
Scheduling node group bundle {
	[worker-0]
}
Scheduling node group bundle {
	[worker-25]
}
Scheduling node group bundle {
	[worker-41]
}
Scheduling node group bundle {
	[worker-34]
}
Scheduling node group bundle {
	[worker-14]
}
Scheduling node group bundle {
	[worker-69]
}
Scheduling node group bundle {
	[worker-9]
}
Scheduling node group bundle {
	[worker-10]
}
Scheduling node group bundle {
	[worker-15]
}
Scheduling node group bundle {
	[worker-47]
}
Scheduling node group bundle {
	[worker-24]
}
Scheduling node group bundle {
	[worker-71]
}
Scheduling node group bundle {
	[worker-48]
}
prepareIteration
Scheduling node group bundle {
	[worker-57]
}
Scheduling node group bundle {
	[worker-68]
}
Scheduling node group bundle {
	[worker-54]
}
Scheduling node group bundle {
	[worker-52]
}
Scheduling node group bundle {
	[worker-59]
}
Scheduling node group bundle {
	[worker-27]
}
Scheduling node group bundle {
	[worker-39]
}
Scheduling node group bundle {
	[worker-31]
}
Scheduling node group bundle {
	[worker-28]
}
Scheduling node group bundle {
	[worker-32]
}
Scheduling node group bundle {
	[worker-17]
}
Scheduling node group bundle {
	[worker-8]
}
Scheduling node group bundle {
	[worker-33]
}
Scheduling node group bundle {
	[worker-42]
}
Scheduling node group bundle {
	[worker-66]
}
Scheduling node group bundle {
	[worker-72]
}
Scheduling node group bundle {
	[worker-16]
}
Scheduling node group bundle {
	[worker-38]
}
Scheduling node group bundle {
	[worker-35]
}
Scheduling node group bundle {
	[worker-2]
}
Scheduling node group bundle {
	[worker-1]
}
Scheduling node group bundle {
	[worker-36]
}
Scheduling node group bundle {
	[worker-73]
}
Scheduling node group bundle {
	[worker-64]
}
Scheduling node group bundle {
	[worker-44]
}
Scheduling node group bundle {
	[worker-74]
}
Scheduling node group bundle {
	[worker-43]
}
Scheduling node group bundle {
	[worker-40]
}
Scheduling node group bundle {
	[worker-63]
}
Scheduling node group bundle {
	[worker-53]
}
Scheduling node group bundle {
	[worker-26]
}
Scheduling node group bundle {
	[worker-7]
}
Scheduling node group bundle {
	[worker-61]
}
Scheduling node group bundle {
	[worker-12]
}
Scheduling node group bundle {
	[worker-30]
}
Scheduling node group bundle {
	[worker-18]
}
Scheduling node group bundle {
	[worker-60]
}
Scheduling node group bundle {
	[worker-56]
}
Scheduling node group bundle {
	[worker-23]
}
Scheduling node group bundle {
	[worker-29]
}
Scheduling node group bundle {
	[worker-51]
}
Scheduling node group bundle {
	[worker-58]
}
Scheduling node group bundle {
	[worker-5]
}
Scheduling node group bundle {
	[worker-37]
}
Scheduling node group bundle {
	[worker-67]
}
Scheduling node group bundle {
	[worker-62]
}
Scheduling node group bundle {
	[worker-6]
}
Scheduling node group bundle {
	[worker-21]
}
Scheduling node group bundle {
	[worker-49]
}
Scheduling node group bundle {
	[worker-11]
}
Scheduling node group bundle {
	[worker-65]
}
Scheduling node group bundle {
	[worker-19]
}
Scheduling node group bundle {
	[worker-75]
}
Scheduling node group bundle {
	[worker-55]
}
Scheduling node group bundle {
	[worker-45]
}
Scheduling node group bundle {
	[worker-70]
}
Scheduling node group bundle {
	[worker-22]
}
Scheduling node group bundle {
	[worker-50]
}
Scheduling node group bundle {
	[worker-13]
}
Scheduling node group bundle {
	[worker-46]
}
Scheduling node group bundle {
	[worker-20]
}
Scheduling node group bundle {
	[worker-3]
}
Scheduling node group bundle {
	[worker-4]
}
Scheduling node group bundle {
	[worker-0]
}
Scheduling node group bundle {
	[worker-25]
}
Scheduling node group bundle {
	[worker-41]
}
Scheduling node group bundle {
	[worker-34]
}
Scheduling node group bundle {
	[worker-14]
}
Scheduling node group bundle {
	[worker-69]
}
Scheduling node group bundle {
	[worker-9]
}
Scheduling node group bundle {
	[worker-10]
}
Scheduling node group bundle {
	[worker-15]
}
Scheduling node group bundle {
	[worker-47]
}
Scheduling node group bundle {
	[worker-24]
}
Scheduling node group bundle {
	[worker-71]
}
Scheduling node group bundle {
	[worker-48]
}
prepareIteration
Scheduling node group bundle {
	[worker-57]
}
Scheduling node group bundle {
	[worker-68]
}
Scheduling node group bundle {
	[worker-54]
}
Scheduling node group bundle {
	[worker-52]
}
Scheduling node group bundle {
	[worker-59]
}
Scheduling node group bundle {
	[worker-27]
}
Scheduling node group bundle {
	[worker-39]
}
Scheduling node group bundle {
	[worker-31]
}
Scheduling node group bundle {
	[worker-28]
}
Scheduling node group bundle {
	[worker-32]
}
Scheduling node group bundle {
	[worker-17]
}
Scheduling node group bundle {
	[worker-8]
}
Scheduling node group bundle {
	[worker-33]
}
Scheduling node group bundle {
	[worker-42]
}
Scheduling node group bundle {
	[worker-66]
}
Scheduling node group bundle {
	[worker-72]
}
Scheduling node group bundle {
	[worker-16]
}
Scheduling node group bundle {
	[worker-38]
}
Scheduling node group bundle {
	[worker-35]
}
Scheduling node group bundle {
	[worker-2]
}
Scheduling node group bundle {
	[worker-1]
}
Scheduling node group bundle {
	[worker-36]
}
Scheduling node group bundle {
	[worker-73]
}
Scheduling node group bundle {
	[worker-64]
}
Scheduling node group bundle {
	[worker-44]
}
Scheduling node group bundle {
	[worker-74]
}
Scheduling node group bundle {
	[worker-43]
}
Scheduling node group bundle {
	[worker-40]
}
Scheduling node group bundle {
	[worker-63]
}
Scheduling node group bundle {
	[worker-53]
}
Scheduling node group bundle {
	[worker-26]
}
Scheduling node group bundle {
	[worker-7]
}
Scheduling node group bundle {
	[worker-61]
}
Scheduling node group bundle {
	[worker-12]
}
Scheduling node group bundle {
	[worker-30]
}
Scheduling node group bundle {
	[worker-18]
}
Scheduling node group bundle {
	[worker-60]
}
Scheduling node group bundle {
	[worker-56]
}
Scheduling node group bundle {
	[worker-23]
}
Scheduling node group bundle {
	[worker-29]
}
Scheduling node group bundle {
	[worker-51]
}
Scheduling node group bundle {
	[worker-58]
}
Scheduling node group bundle {
	[worker-5]
}
Scheduling node group bundle {
	[worker-37]
}
Scheduling node group bundle {
	[worker-67]
}
Scheduling node group bundle {
	[worker-62]
}
Scheduling node group bundle {
	[worker-6]
}
Scheduling node group bundle {
	[worker-21]
}
Scheduling node group bundle {
	[worker-49]
}
Scheduling node group bundle {
	[worker-11]
}
Scheduling node group bundle {
	[worker-65]
}
Scheduling node group bundle {
	[worker-19]
}
Scheduling node group bundle {
	[worker-75]
}
Scheduling node group bundle {
	[worker-55]
}
Scheduling node group bundle {
	[worker-45]
}
Scheduling node group bundle {
	[worker-70]
}
Scheduling node group bundle {
	[worker-22]
}
Scheduling node group bundle {
	[worker-50]
}
Scheduling node group bundle {
	[worker-13]
}
Scheduling node group bundle {
	[worker-46]
}
Scheduling node group bundle {
	[worker-20]
}
Scheduling node group bundle {
	[worker-3]
}
Scheduling node group bundle {
	[worker-4]
}
Scheduling node group bundle {
	[worker-0]
}
Scheduling node group bundle {
	[worker-25]
}
Scheduling node group bundle {
	[worker-41]
}
Scheduling node group bundle {
	[worker-34]
}
Scheduling node group bundle {
	[worker-14]
}
Scheduling node group bundle {
	[worker-69]
}
Scheduling node group bundle {
	[worker-9]
}
Scheduling node group bundle {
	[worker-10]
}
Scheduling node group bundle {
	[worker-15]
}
Scheduling node group bundle {
	[worker-47]
}
Scheduling node group bundle {
	[worker-24]
}
Scheduling node group bundle {
	[worker-71]
}
Scheduling node group bundle {
	[worker-48]
}
prepareIteration
Scheduling node group bundle {
	[worker-57]
}
Scheduling node group bundle {
	[worker-68]
}
Scheduling node group bundle {
	[worker-54]
}
Scheduling node group bundle {
	[worker-52]
}
Scheduling node group bundle {
	[worker-59]
}
Scheduling node group bundle {
	[worker-27]
}
Scheduling node group bundle {
	[worker-39]
}
Scheduling node group bundle {
	[worker-31]
}
Scheduling node group bundle {
	[worker-28]
}
Scheduling node group bundle {
	[worker-32]
}
Scheduling node group bundle {
	[worker-17]
}
Scheduling node group bundle {
	[worker-8]
}
Scheduling node group bundle {
	[worker-33]
}
Scheduling node group bundle {
	[worker-42]
}
Scheduling node group bundle {
	[worker-66]
}
Scheduling node group bundle {
	[worker-72]
}
Scheduling node group bundle {
	[worker-16]
}
Scheduling node group bundle {
	[worker-38]
}
Scheduling node group bundle {
	[worker-35]
}
Scheduling node group bundle {
	[worker-2]
}
Scheduling node group bundle {
	[worker-1]
}
Scheduling node group bundle {
	[worker-36]
}
Scheduling node group bundle {
	[worker-73]
}
Scheduling node group bundle {
	[worker-64]
}
Scheduling node group bundle {
	[worker-44]
}
Scheduling node group bundle {
	[worker-74]
}
Scheduling node group bundle {
	[worker-43]
}
Scheduling node group bundle {
	[worker-40]
}
Scheduling node group bundle {
	[worker-63]
}
Scheduling node group bundle {
	[worker-53]
}
Scheduling node group bundle {
	[worker-26]
}
Scheduling node group bundle {
	[worker-7]
}
Scheduling node group bundle {
	[worker-61]
}
Scheduling node group bundle {
	[worker-12]
}
Scheduling node group bundle {
	[worker-30]
}
Scheduling node group bundle {
	[worker-18]
}
Scheduling node group bundle {
	[worker-60]
}
Scheduling node group bundle {
	[worker-56]
}
Scheduling node group bundle {
	[worker-23]
}
Scheduling node group bundle {
	[worker-29]
}
Scheduling node group bundle {
	[worker-51]
}
Scheduling node group bundle {
	[worker-58]
}
Scheduling node group bundle {
	[worker-5]
}
Scheduling node group bundle {
	[worker-37]
}
Scheduling node group bundle {
	[worker-67]
}
Scheduling node group bundle {
	[worker-62]
}
Scheduling node group bundle {
	[worker-6]
}
Scheduling node group bundle {
	[worker-21]
}
Scheduling node group bundle {
	[worker-49]
}
Scheduling node group bundle {
	[worker-11]
}
Scheduling node group bundle {
	[worker-65]
}
Scheduling node group bundle {
	[worker-19]
}
Scheduling node group bundle {
	[worker-75]
}
Scheduling node group bundle {
	[worker-55]
}
Scheduling node group bundle {
	[worker-45]
}
Scheduling node group bundle {
	[worker-70]
}
Scheduling node group bundle {
	[worker-22]
}
Scheduling node group bundle {
	[worker-50]
}
Scheduling node group bundle {
	[worker-13]
}
Scheduling node group bundle {
	[worker-46]
}
Scheduling node group bundle {
	[worker-20]
}
Scheduling node group bundle {
	[worker-3]
}
Scheduling node group bundle {
	[worker-4]
}
Scheduling node group bundle {
	[worker-0]
}
Scheduling node group bundle {
	[worker-25]
}
Scheduling node group bundle {
	[worker-41]
}
Scheduling node group bundle {
	[worker-34]
}
Scheduling node group bundle {
	[worker-14]
}
Scheduling node group bundle {
	[worker-69]
}
Scheduling node group bundle {
	[worker-9]
}
Scheduling node group bundle {
	[worker-10]
}
Scheduling node group bundle {
	[worker-15]
}
Scheduling node group bundle {
	[worker-47]
}
Scheduling node group bundle {
	[worker-24]
}
Scheduling node group bundle {
	[worker-71]
}
Scheduling node group bundle {
	[worker-48]
}
terminateApplication
