Running Launcher3a5a8b7a:13449e31ee8:-7ffe
Executing worker-31
[2011/12/17 02:39:33]worker-31: perfortInitialization
[2011/12/17 02:39:33]worker-31: load cache
[2011/12/17 02:39:33]worker-31: finish loading cache
[2011/12/17 02:39:33]worker-31: loading graph...
Executing worker-43
[2011/12/17 02:39:36]worker-43: perfortInitialization
[2011/12/17 02:39:36]worker-43: load cache
[2011/12/17 02:39:36]worker-43: finish loading cache
[2011/12/17 02:39:36]worker-43: loading graph...
Executing worker-62
[2011/12/17 02:39:42]worker-62: perfortInitialization
[2011/12/17 02:39:42]worker-62: load cache
[2011/12/17 02:39:42]worker-62: finish loading cache
[2011/12/17 02:39:42]worker-62: loading graph...
Executing worker-25
[2011/12/17 02:40:01]worker-25: perfortInitialization
[2011/12/17 02:40:01]worker-25: load cache
[2011/12/17 02:40:01]worker-25: finish loading cache
[2011/12/17 02:40:01]worker-25: loading graph...
[2011/12/17 02:40:34]worker-43: done
[2011/12/17 02:40:40]worker-43: start receiving message
[2011/12/17 02:40:44]worker-31: done
[2011/12/17 02:40:59]worker-62: done
[2011/12/17 02:40:59]worker-43: performActionNothingPresent
[2011/12/17 02:40:59]worker-43: processed 10000 vertex
[2011/12/17 02:40:59]worker-43: processed 20000 vertex
[2011/12/17 02:40:59]worker-43: processed 30000 vertex
[2011/12/17 02:40:59]worker-43: processed 40000 vertex
[2011/12/17 02:40:59]worker-43: processed 50000 vertex
[2011/12/17 02:40:59]worker-43: processed 60000 vertex
[2011/12/17 02:40:59]worker-43: processed 70000 vertex
[2011/12/17 02:40:59]worker-43: processed 80000 vertex
[2011/12/17 02:40:59]worker-43: processed 90000 vertex
[2011/12/17 02:40:59]worker-43: processed 100000 vertex
[2011/12/17 02:41:10]worker-31: start receiving message
[2011/12/17 02:41:10]worker-43: performTermination
[2011/12/17 02:41:13]worker-43: done
[2011/12/17 02:41:14]Launcher: finish execution
[2011/12/17 02:41:14]Launcher: free memory 3553735192
[2011/12/17 02:41:15]worker-62: start receiving message
[2011/12/17 02:41:15]worker-25: done
[2011/12/17 02:41:15]worker-31: performActionNothingPresent
[2011/12/17 02:41:15]worker-62: performActionNothingPresent
[2011/12/17 02:41:15]worker-62: processed 10000 vertex
[2011/12/17 02:41:15]worker-31: processed 10000 vertex
[2011/12/17 02:41:15]worker-31: processed 20000 vertex
[2011/12/17 02:41:15]worker-62: processed 20000 vertex
[2011/12/17 02:41:15]worker-62: processed 30000 vertex
[2011/12/17 02:41:15]worker-31: processed 30000 vertex
[2011/12/17 02:41:15]worker-31: processed 40000 vertex
[2011/12/17 02:41:15]worker-31: processed 50000 vertex
[2011/12/17 02:41:15]worker-31: processed 60000 vertex
[2011/12/17 02:41:15]worker-31: processed 70000 vertex
[2011/12/17 02:41:15]worker-62: processed 40000 vertex
[2011/12/17 02:41:15]worker-31: processed 80000 vertex
[2011/12/17 02:41:15]worker-62: processed 50000 vertex
[2011/12/17 02:41:15]worker-31: processed 90000 vertex
[2011/12/17 02:41:15]worker-62: processed 60000 vertex
[2011/12/17 02:41:15]worker-31: processed 100000 vertex
[2011/12/17 02:41:15]worker-62: processed 70000 vertex
[2011/12/17 02:41:15]worker-62: processed 80000 vertex
[2011/12/17 02:41:26]worker-31: performTermination
[2011/12/17 02:41:26]worker-62: processed 90000 vertex
[2011/12/17 02:41:26]worker-62: processed 100000 vertex
[2011/12/17 02:41:39]worker-62: performTermination
[2011/12/17 02:41:42]worker-62: done
[2011/12/17 02:41:42]Launcher: finish execution
[2011/12/17 02:41:42]Launcher: free memory 3683229728
[2011/12/17 02:41:42]worker-25: start receiving message
[2011/12/17 02:41:43]worker-25: performActionNothingPresent
[2011/12/17 02:41:43]worker-25: processed 10000 vertex
[2011/12/17 02:41:43]worker-25: processed 20000 vertex
[2011/12/17 02:41:43]worker-25: processed 30000 vertex
[2011/12/17 02:41:43]worker-25: processed 40000 vertex
[2011/12/17 02:41:43]worker-25: processed 50000 vertex
[2011/12/17 02:41:43]worker-25: processed 60000 vertex
[2011/12/17 02:41:43]worker-25: processed 70000 vertex
[2011/12/17 02:41:43]worker-25: processed 80000 vertex
[2011/12/17 02:41:43]worker-25: processed 90000 vertex
[2011/12/17 02:41:43]worker-25: processed 100000 vertex
[2011/12/17 02:41:52]worker-25: performTermination
[2011/12/17 02:41:52]worker-31: done
[2011/12/17 02:41:53]Launcher: finish execution
[2011/12/17 02:41:53]Launcher: free memory 3732580776
[2011/12/17 02:41:54]worker-25: done
[2011/12/17 02:41:55]Launcher: finish execution
[2011/12/17 02:41:55]Launcher: free memory 3704215280
Executing worker-31
[2011/12/17 02:42:43]worker-31: perfortInitialization
[2011/12/17 02:42:43]worker-31: load cache
[2011/12/17 02:42:43]worker-31: finish loading cache
[2011/12/17 02:42:43]worker-31: start receiving message
Executing worker-43
[2011/12/17 02:42:43]worker-43: perfortInitialization
[2011/12/17 02:42:43]worker-43: load cache
[2011/12/17 02:42:43]worker-43: finish loading cache
[2011/12/17 02:42:43]worker-43: start receiving message
[2011/12/17 02:42:43]worker-31: performActionNothingPresent
[2011/12/17 02:42:43]worker-31: processed 10000 vertex
[2011/12/17 02:42:43]worker-31: processed 20000 vertex
[2011/12/17 02:42:43]worker-31: processed 30000 vertex
[2011/12/17 02:42:43]worker-31: processed 40000 vertex
[2011/12/17 02:42:43]worker-31: processed 50000 vertex
[2011/12/17 02:42:43]worker-31: processed 60000 vertex
[2011/12/17 02:42:43]worker-31: processed 70000 vertex
[2011/12/17 02:42:43]worker-31: processed 80000 vertex
[2011/12/17 02:42:43]worker-31: processed 90000 vertex
[2011/12/17 02:42:43]worker-31: processed 100000 vertex
[2011/12/17 02:42:53]worker-31: performTermination
[2011/12/17 02:42:53]worker-43: performActionNothingPresent
[2011/12/17 02:42:53]worker-43: processed 10000 vertex
[2011/12/17 02:42:53]worker-43: processed 20000 vertex
[2011/12/17 02:42:53]worker-43: processed 30000 vertex
[2011/12/17 02:42:53]worker-43: processed 40000 vertex
[2011/12/17 02:42:53]worker-43: processed 50000 vertex
[2011/12/17 02:42:53]worker-43: processed 60000 vertex
[2011/12/17 02:42:53]worker-43: processed 70000 vertex
[2011/12/17 02:42:53]worker-43: processed 80000 vertex
[2011/12/17 02:42:53]worker-43: processed 90000 vertex
[2011/12/17 02:42:53]worker-43: processed 100000 vertex
[2011/12/17 02:43:03]worker-43: performTermination
Executing worker-62
[2011/12/17 02:43:03]worker-62: perfortInitialization
[2011/12/17 02:43:03]worker-62: load cache
[2011/12/17 02:43:03]worker-62: finish loading cache
[2011/12/17 02:43:03]worker-62: start receiving message
[2011/12/17 02:43:05]worker-31: done
Executing worker-25
[2011/12/17 02:43:05]worker-25: perfortInitialization
[2011/12/17 02:43:05]worker-25: load cache
[2011/12/17 02:43:05]worker-25: finish loading cache
[2011/12/17 02:43:05]worker-25: start receiving message
[2011/12/17 02:43:05]worker-43: done
[2011/12/17 02:43:05]worker-25: performActionNothingPresent
[2011/12/17 02:43:05]worker-25: processed 10000 vertex
[2011/12/17 02:43:05]worker-25: processed 20000 vertex
[2011/12/17 02:43:05]worker-25: processed 30000 vertex
[2011/12/17 02:43:05]worker-62: performActionNothingPresent
[2011/12/17 02:43:05]worker-25: processed 40000 vertex
[2011/12/17 02:43:05]worker-25: processed 50000 vertex
[2011/12/17 02:43:05]worker-62: processed 10000 vertex
[2011/12/17 02:43:05]worker-25: processed 60000 vertex
[2011/12/17 02:43:05]worker-62: processed 20000 vertex
[2011/12/17 02:43:05]worker-25: processed 70000 vertex
[2011/12/17 02:43:05]worker-25: processed 80000 vertex
[2011/12/17 02:43:05]worker-62: processed 30000 vertex
[2011/12/17 02:43:05]worker-25: processed 90000 vertex
[2011/12/17 02:43:05]worker-62: processed 40000 vertex
[2011/12/17 02:43:05]worker-25: processed 100000 vertex
[2011/12/17 02:43:05]worker-62: processed 50000 vertex
[2011/12/17 02:43:18]worker-25: performTermination
[2011/12/17 02:43:18]worker-62: processed 60000 vertex
[2011/12/17 02:43:18]worker-62: processed 70000 vertex
[2011/12/17 02:43:18]worker-62: processed 80000 vertex
[2011/12/17 02:43:18]Launcher: finish execution
[2011/12/17 02:43:18]worker-62: processed 90000 vertex
[2011/12/17 02:43:18]worker-62: processed 100000 vertex
[2011/12/17 02:43:18]Launcher: free memory 3753663704
[2011/12/17 02:43:28]worker-62: performTermination
[2011/12/17 02:43:28]Launcher: finish execution
[2011/12/17 02:43:28]Launcher: free memory 3758918368
[2011/12/17 02:43:30]worker-62: done
[2011/12/17 02:43:30]worker-25: done
[2011/12/17 02:43:30]Launcher: finish execution
[2011/12/17 02:43:30]Launcher: free memory 3700012648
[2011/12/17 02:43:30]Launcher: finish execution
[2011/12/17 02:43:30]Launcher: free memory 3698231224
Executing worker-31
[2011/12/17 02:43:49]worker-31: perfortInitialization
[2011/12/17 02:43:49]worker-31: load cache
[2011/12/17 02:43:49]worker-31: finish loading cache
[2011/12/17 02:43:49]worker-31: start receiving message
[2011/12/17 02:43:49]worker-31: performActionNothingPresent
[2011/12/17 02:43:49]worker-31: processed 10000 vertex
[2011/12/17 02:43:49]worker-31: processed 20000 vertex
[2011/12/17 02:43:49]worker-31: processed 30000 vertex
[2011/12/17 02:43:49]worker-31: processed 40000 vertex
[2011/12/17 02:43:49]worker-31: processed 50000 vertex
Executing worker-43
[2011/12/17 02:43:49]worker-43: perfortInitialization
[2011/12/17 02:43:49]worker-43: load cache
[2011/12/17 02:43:49]worker-43: finish loading cache
[2011/12/17 02:43:49]worker-31: processed 60000 vertex
[2011/12/17 02:43:49]worker-31: processed 70000 vertex
[2011/12/17 02:43:49]worker-31: processed 80000 vertex
[2011/12/17 02:43:49]worker-43: start receiving message
[2011/12/17 02:43:49]worker-31: processed 90000 vertex
[2011/12/17 02:43:49]worker-31: processed 100000 vertex
[2011/12/17 02:43:59]worker-43: performActionNothingPresent
[2011/12/17 02:43:59]worker-31: performTermination
[2011/12/17 02:43:59]worker-43: processed 10000 vertex
[2011/12/17 02:43:59]worker-43: processed 20000 vertex
[2011/12/17 02:43:59]worker-43: processed 30000 vertex
[2011/12/17 02:43:59]worker-43: processed 40000 vertex
[2011/12/17 02:43:59]worker-43: processed 50000 vertex
[2011/12/17 02:43:59]worker-43: processed 60000 vertex
[2011/12/17 02:43:59]worker-43: processed 70000 vertex
[2011/12/17 02:43:59]worker-43: processed 80000 vertex
[2011/12/17 02:43:59]worker-43: processed 90000 vertex
[2011/12/17 02:43:59]worker-43: processed 100000 vertex
[2011/12/17 02:44:09]worker-43: performTermination
Executing worker-62
[2011/12/17 02:44:10]worker-62: perfortInitialization
[2011/12/17 02:44:10]worker-62: load cache
[2011/12/17 02:44:10]worker-62: finish loading cache
[2011/12/17 02:44:10]worker-62: start receiving message
Executing worker-25
[2011/12/17 02:44:10]worker-25: perfortInitialization
[2011/12/17 02:44:10]worker-25: load cache
[2011/12/17 02:44:10]worker-25: finish loading cache
[2011/12/17 02:44:10]worker-25: start receiving message
[2011/12/17 02:44:11]worker-25: performActionNothingPresent
[2011/12/17 02:44:11]worker-25: processed 10000 vertex
[2011/12/17 02:44:11]worker-31: done
[2011/12/17 02:44:11]worker-62: performActionNothingPresent
[2011/12/17 02:44:11]worker-62: processed 10000 vertex
[2011/12/17 02:44:11]worker-25: processed 20000 vertex
[2011/12/17 02:44:11]worker-62: processed 20000 vertex
[2011/12/17 02:44:11]worker-62: processed 30000 vertex
[2011/12/17 02:44:11]worker-25: processed 30000 vertex
[2011/12/17 02:44:11]worker-62: processed 40000 vertex
[2011/12/17 02:44:11]worker-25: processed 40000 vertex
[2011/12/17 02:44:11]worker-62: processed 50000 vertex
[2011/12/17 02:44:11]worker-25: processed 50000 vertex
[2011/12/17 02:44:11]worker-62: processed 60000 vertex
[2011/12/17 02:44:11]worker-25: processed 60000 vertex
[2011/12/17 02:44:11]worker-62: processed 70000 vertex
[2011/12/17 02:44:11]worker-62: processed 80000 vertex
[2011/12/17 02:44:11]worker-25: processed 70000 vertex
[2011/12/17 02:44:11]worker-62: processed 90000 vertex
[2011/12/17 02:44:11]worker-62: processed 100000 vertex
[2011/12/17 02:44:11]worker-25: processed 80000 vertex
[2011/12/17 02:44:11]worker-25: processed 90000 vertex
[2011/12/17 02:44:24]worker-62: performTermination
[2011/12/17 02:44:24]worker-25: processed 100000 vertex
[2011/12/17 02:44:24]Launcher: finish execution
[2011/12/17 02:44:24]Launcher: free memory 3752201832
[2011/12/17 02:44:24]worker-43: done
[2011/12/17 02:44:34]worker-25: performTermination
[2011/12/17 02:44:34]Launcher: finish execution
[2011/12/17 02:44:34]Launcher: free memory 3735824024
[2011/12/17 02:44:35]worker-62: done
[2011/12/17 02:44:36]Launcher: finish execution
[2011/12/17 02:44:36]Launcher: free memory 3696862584
[2011/12/17 02:44:36]worker-25: done
[2011/12/17 02:44:36]Launcher: finish execution
[2011/12/17 02:44:36]Launcher: free memory 3694939712
Executing worker-31
[2011/12/17 02:44:54]worker-31: perfortInitialization
[2011/12/17 02:44:54]worker-31: load cache
[2011/12/17 02:44:54]worker-31: finish loading cache
[2011/12/17 02:44:54]worker-31: start receiving message
[2011/12/17 02:44:55]worker-31: performActionNothingPresent
[2011/12/17 02:44:55]worker-31: processed 10000 vertex
[2011/12/17 02:44:55]worker-31: processed 20000 vertex
[2011/12/17 02:44:55]worker-31: processed 30000 vertex
[2011/12/17 02:44:55]worker-31: processed 40000 vertex
[2011/12/17 02:44:55]worker-31: processed 50000 vertex
Executing worker-43
[2011/12/17 02:44:55]worker-43: perfortInitialization
[2011/12/17 02:44:55]worker-43: load cache
[2011/12/17 02:44:55]worker-43: finish loading cache
[2011/12/17 02:44:55]worker-31: processed 60000 vertex
[2011/12/17 02:44:55]worker-31: processed 70000 vertex
[2011/12/17 02:44:55]worker-31: processed 80000 vertex
[2011/12/17 02:44:55]worker-31: processed 90000 vertex
[2011/12/17 02:44:55]worker-43: start receiving message
[2011/12/17 02:44:55]worker-31: processed 100000 vertex
[2011/12/17 02:45:04]worker-31: performTermination
Executing worker-62
[2011/12/17 02:45:05]worker-62: perfortInitialization
[2011/12/17 02:45:05]worker-62: load cache
[2011/12/17 02:45:05]worker-62: finish loading cache
[2011/12/17 02:45:05]worker-62: start receiving message
[2011/12/17 02:45:05]worker-43: performActionNothingPresent
[2011/12/17 02:45:05]worker-43: processed 10000 vertex
[2011/12/17 02:45:05]worker-43: processed 20000 vertex
[2011/12/17 02:45:05]worker-43: processed 30000 vertex
[2011/12/17 02:45:05]worker-43: processed 40000 vertex
[2011/12/17 02:45:05]worker-43: processed 50000 vertex
[2011/12/17 02:45:05]worker-43: processed 60000 vertex
[2011/12/17 02:45:05]worker-43: processed 70000 vertex
[2011/12/17 02:45:05]worker-43: processed 80000 vertex
[2011/12/17 02:45:05]worker-43: processed 90000 vertex
[2011/12/17 02:45:05]worker-43: processed 100000 vertex
[2011/12/17 02:45:05]worker-62: performActionNothingPresent
[2011/12/17 02:45:05]worker-62: processed 10000 vertex
[2011/12/17 02:45:05]worker-62: processed 20000 vertex
[2011/12/17 02:45:05]worker-62: processed 30000 vertex
[2011/12/17 02:45:05]worker-62: processed 40000 vertex
[2011/12/17 02:45:05]worker-62: processed 50000 vertex
[2011/12/17 02:45:05]worker-62: processed 60000 vertex
[2011/12/17 02:45:05]worker-62: processed 70000 vertex
[2011/12/17 02:45:05]worker-62: processed 80000 vertex
[2011/12/17 02:45:05]worker-62: processed 90000 vertex
[2011/12/17 02:45:05]worker-62: processed 100000 vertex
Executing worker-25
[2011/12/17 02:45:05]worker-25: perfortInitialization
[2011/12/17 02:45:05]worker-25: load cache
[2011/12/17 02:45:05]worker-25: finish loading cache
[2011/12/17 02:45:15]worker-43: performTermination
[2011/12/17 02:45:15]worker-25: start receiving message
[2011/12/17 02:45:16]worker-31: done
[2011/12/17 02:45:28]worker-62: performTermination
[2011/12/17 02:45:28]worker-25: performActionNothingPresent
[2011/12/17 02:45:28]Launcher: finish execution
[2011/12/17 02:45:28]Launcher: free memory 3753607232
[2011/12/17 02:45:28]worker-25: processed 10000 vertex
[2011/12/17 02:45:28]worker-25: processed 20000 vertex
[2011/12/17 02:45:28]worker-25: processed 30000 vertex
[2011/12/17 02:45:28]worker-25: processed 40000 vertex
[2011/12/17 02:45:28]worker-25: processed 50000 vertex
[2011/12/17 02:45:28]worker-25: processed 60000 vertex
[2011/12/17 02:45:28]worker-25: processed 70000 vertex
[2011/12/17 02:45:28]worker-25: processed 80000 vertex
[2011/12/17 02:45:28]worker-25: processed 90000 vertex
[2011/12/17 02:45:28]worker-25: processed 100000 vertex
[2011/12/17 02:45:29]worker-43: done
[2011/12/17 02:45:39]worker-25: performTermination
[2011/12/17 02:45:39]Launcher: finish execution
[2011/12/17 02:45:39]Launcher: free memory 3755647488
[2011/12/17 02:45:40]worker-62: done
[2011/12/17 02:45:41]Launcher: finish execution
[2011/12/17 02:45:41]Launcher: free memory 3703832224
[2011/12/17 02:45:41]worker-25: done
[2011/12/17 02:45:41]Launcher: finish execution
[2011/12/17 02:45:41]Launcher: free memory 3701179048
Executing worker-31
[2011/12/17 02:45:57]worker-31: perfortInitialization
[2011/12/17 02:45:57]worker-31: load cache
[2011/12/17 02:45:57]worker-31: finish loading cache
[2011/12/17 02:45:57]worker-31: start receiving message
Executing worker-43
[2011/12/17 02:45:57]worker-43: perfortInitialization
[2011/12/17 02:45:57]worker-43: load cache
[2011/12/17 02:45:57]worker-43: finish loading cache
[2011/12/17 02:45:57]worker-43: start receiving message
[2011/12/17 02:45:57]worker-31: performActionNothingPresent
[2011/12/17 02:45:57]worker-31: processed 10000 vertex
[2011/12/17 02:45:57]worker-31: processed 20000 vertex
[2011/12/17 02:45:57]worker-31: processed 30000 vertex
[2011/12/17 02:45:58]worker-31: processed 40000 vertex
[2011/12/17 02:45:58]worker-31: processed 50000 vertex
Executing worker-62
[2011/12/17 02:45:58]worker-62: perfortInitialization
[2011/12/17 02:45:58]worker-62: load cache
[2011/12/17 02:45:58]worker-62: finish loading cache
[2011/12/17 02:45:58]worker-31: processed 60000 vertex
[2011/12/17 02:45:58]worker-31: processed 70000 vertex
[2011/12/17 02:45:58]worker-62: start receiving message
[2011/12/17 02:45:58]worker-31: processed 80000 vertex
[2011/12/17 02:45:58]worker-31: processed 90000 vertex
[2011/12/17 02:45:58]worker-31: processed 100000 vertex
[2011/12/17 02:46:07]worker-62: performActionNothingPresent
[2011/12/17 02:46:07]worker-62: processed 10000 vertex
[2011/12/17 02:46:07]worker-43: performActionNothingPresent
[2011/12/17 02:46:07]worker-43: processed 10000 vertex
[2011/12/17 02:46:07]worker-62: processed 20000 vertex
[2011/12/17 02:46:07]worker-62: processed 30000 vertex
[2011/12/17 02:46:07]worker-62: processed 40000 vertex
[2011/12/17 02:46:07]worker-31: performTermination
[2011/12/17 02:46:07]worker-62: processed 50000 vertex
[2011/12/17 02:46:07]worker-43: processed 20000 vertex
[2011/12/17 02:46:07]worker-62: processed 60000 vertex
[2011/12/17 02:46:07]worker-43: processed 30000 vertex
[2011/12/17 02:46:07]worker-43: processed 40000 vertex
[2011/12/17 02:46:07]worker-62: processed 70000 vertex
[2011/12/17 02:46:07]worker-43: processed 50000 vertex
[2011/12/17 02:46:07]worker-43: processed 60000 vertex
[2011/12/17 02:46:07]worker-43: processed 70000 vertex
[2011/12/17 02:46:07]worker-62: processed 80000 vertex
[2011/12/17 02:46:07]worker-43: processed 80000 vertex
[2011/12/17 02:46:07]worker-62: processed 90000 vertex
[2011/12/17 02:46:07]worker-43: processed 90000 vertex
[2011/12/17 02:46:07]worker-43: processed 100000 vertex
Executing worker-25
[2011/12/17 02:46:07]worker-25: perfortInitialization
[2011/12/17 02:46:07]worker-25: load cache
[2011/12/17 02:46:07]worker-25: finish loading cache
[2011/12/17 02:46:07]worker-62: processed 100000 vertex
[2011/12/17 02:46:07]worker-25: start receiving message
[2011/12/17 02:46:17]worker-43: performTermination
[2011/12/17 02:46:28]worker-62: performTermination
[2011/12/17 02:46:28]worker-25: performActionNothingPresent
[2011/12/17 02:46:28]worker-25: processed 10000 vertex
[2011/12/17 02:46:28]worker-25: processed 20000 vertex
[2011/12/17 02:46:28]worker-25: processed 30000 vertex
[2011/12/17 02:46:28]worker-25: processed 40000 vertex
[2011/12/17 02:46:28]worker-25: processed 50000 vertex
[2011/12/17 02:46:28]worker-25: processed 60000 vertex
[2011/12/17 02:46:28]worker-25: processed 70000 vertex
[2011/12/17 02:46:28]worker-25: processed 80000 vertex
[2011/12/17 02:46:28]worker-25: processed 90000 vertex
[2011/12/17 02:46:28]worker-25: processed 100000 vertex
[2011/12/17 02:46:37]worker-25: performTermination
[2011/12/17 02:46:40]worker-31: done
[2011/12/17 02:46:40]worker-43: done
[2011/12/17 02:46:41]worker-62: done
[2011/12/17 02:46:41]Launcher: finish execution
[2011/12/17 02:46:41]Launcher: free memory 3670401776
[2011/12/17 02:46:41]worker-25: done
[2011/12/17 02:46:42]Launcher: finish execution
[2011/12/17 02:46:42]Launcher: free memory 3669558320
[2011/12/17 02:46:42]Launcher: finish execution
[2011/12/17 02:46:42]Launcher: free memory 3668714464
[2011/12/17 02:46:42]Launcher: finish execution
[2011/12/17 02:46:42]Launcher: free memory 3667871008
Executing worker-31
[2011/12/17 02:47:03]worker-31: perfortInitialization
[2011/12/17 02:47:03]worker-31: load cache
[2011/12/17 02:47:03]worker-31: finish loading cache
[2011/12/17 02:47:03]worker-31: start receiving message
Executing worker-43
[2011/12/17 02:47:03]worker-43: perfortInitialization
[2011/12/17 02:47:03]worker-43: load cache
[2011/12/17 02:47:03]worker-43: finish loading cache
[2011/12/17 02:47:03]worker-43: start receiving message
[2011/12/17 02:47:03]worker-31: performActionNothingPresent
[2011/12/17 02:47:03]worker-31: processed 10000 vertex
[2011/12/17 02:47:03]worker-31: processed 20000 vertex
[2011/12/17 02:47:03]worker-31: processed 30000 vertex
[2011/12/17 02:47:03]worker-31: processed 40000 vertex
[2011/12/17 02:47:03]worker-31: processed 50000 vertex
[2011/12/17 02:47:03]worker-31: processed 60000 vertex
[2011/12/17 02:47:03]worker-31: processed 70000 vertex
[2011/12/17 02:47:03]worker-31: processed 80000 vertex
[2011/12/17 02:47:03]worker-31: processed 90000 vertex
[2011/12/17 02:47:03]worker-31: processed 100000 vertex
[2011/12/17 02:47:13]worker-43: performActionNothingPresent
[2011/12/17 02:47:13]worker-31: performTermination
[2011/12/17 02:47:13]worker-43: processed 10000 vertex
[2011/12/17 02:47:13]worker-43: processed 20000 vertex
[2011/12/17 02:47:13]worker-43: processed 30000 vertex
[2011/12/17 02:47:13]worker-43: processed 40000 vertex
[2011/12/17 02:47:13]worker-43: processed 50000 vertex
[2011/12/17 02:47:13]worker-43: processed 60000 vertex
[2011/12/17 02:47:13]worker-43: processed 70000 vertex
[2011/12/17 02:47:13]worker-43: processed 80000 vertex
[2011/12/17 02:47:13]worker-43: processed 90000 vertex
[2011/12/17 02:47:13]worker-43: processed 100000 vertex
Executing worker-62
[2011/12/17 02:47:13]worker-62: perfortInitialization
[2011/12/17 02:47:13]worker-62: load cache
[2011/12/17 02:47:13]worker-62: finish loading cache
[2011/12/17 02:47:22]worker-43: performTermination
[2011/12/17 02:47:22]worker-62: start receiving message
[2011/12/17 02:47:24]worker-31: done
Executing worker-25
[2011/12/17 02:47:24]worker-25: perfortInitialization
[2011/12/17 02:47:24]worker-25: load cache
[2011/12/17 02:47:24]worker-25: finish loading cache
[2011/12/17 02:47:25]worker-25: start receiving message
[2011/12/17 02:47:25]worker-43: done
[2011/12/17 02:47:25]worker-62: performActionNothingPresent
[2011/12/17 02:47:25]worker-62: processed 10000 vertex
[2011/12/17 02:47:25]worker-62: processed 20000 vertex
[2011/12/17 02:47:25]worker-62: processed 30000 vertex
[2011/12/17 02:47:25]worker-62: processed 40000 vertex
[2011/12/17 02:47:25]worker-62: processed 50000 vertex
[2011/12/17 02:47:25]worker-62: processed 60000 vertex
[2011/12/17 02:47:25]worker-62: processed 70000 vertex
[2011/12/17 02:47:25]worker-62: processed 80000 vertex
[2011/12/17 02:47:25]worker-62: processed 90000 vertex
[2011/12/17 02:47:25]worker-62: processed 100000 vertex
[2011/12/17 02:47:35]worker-62: performTermination
[2011/12/17 02:47:35]worker-25: performActionNothingPresent
[2011/12/17 02:47:35]worker-25: processed 10000 vertex
[2011/12/17 02:47:35]worker-25: processed 20000 vertex
[2011/12/17 02:47:35]worker-25: processed 30000 vertex
[2011/12/17 02:47:35]worker-25: processed 40000 vertex
[2011/12/17 02:47:35]worker-25: processed 50000 vertex
[2011/12/17 02:47:35]worker-25: processed 60000 vertex
[2011/12/17 02:47:35]worker-25: processed 70000 vertex
[2011/12/17 02:47:35]worker-25: processed 80000 vertex
[2011/12/17 02:47:35]worker-25: processed 90000 vertex
[2011/12/17 02:47:35]worker-25: processed 100000 vertex
[2011/12/17 02:47:44]worker-25: performTermination
[2011/12/17 02:47:46]Launcher: finish execution
[2011/12/17 02:47:46]Launcher: free memory 3726653672
[2011/12/17 02:47:46]Launcher: finish execution
[2011/12/17 02:47:46]Launcher: free memory 3726094016
[2011/12/17 02:47:46]worker-62: done
[2011/12/17 02:47:47]Launcher: finish execution
[2011/12/17 02:47:47]Launcher: free memory 3704862552
[2011/12/17 02:47:47]worker-25: done
[2011/12/17 02:47:47]Launcher: finish execution
[2011/12/17 02:47:47]Launcher: free memory 3704513600
Executing worker-31
[2011/12/17 02:48:04]worker-31: perfortInitialization
[2011/12/17 02:48:04]worker-31: load cache
[2011/12/17 02:48:04]worker-31: finish loading cache
[2011/12/17 02:48:04]worker-31: start receiving message
Executing worker-43
[2011/12/17 02:48:04]worker-43: perfortInitialization
[2011/12/17 02:48:04]worker-43: load cache
[2011/12/17 02:48:04]worker-43: finish loading cache
[2011/12/17 02:48:04]worker-31: performActionNothingPresent
[2011/12/17 02:48:04]worker-31: processed 10000 vertex
[2011/12/17 02:48:04]worker-31: processed 20000 vertex
[2011/12/17 02:48:04]worker-43: start receiving message
[2011/12/17 02:48:04]worker-31: processed 30000 vertex
[2011/12/17 02:48:04]worker-31: processed 40000 vertex
[2011/12/17 02:48:04]worker-31: processed 50000 vertex
[2011/12/17 02:48:04]worker-31: processed 60000 vertex
[2011/12/17 02:48:04]worker-31: processed 70000 vertex
[2011/12/17 02:48:04]worker-31: processed 80000 vertex
[2011/12/17 02:48:04]worker-31: processed 90000 vertex
[2011/12/17 02:48:04]worker-31: processed 100000 vertex
[2011/12/17 02:48:14]worker-43: performActionNothingPresent
[2011/12/17 02:48:14]worker-43: processed 10000 vertex
[2011/12/17 02:48:14]worker-31: performTermination
[2011/12/17 02:48:14]worker-43: processed 20000 vertex
[2011/12/17 02:48:14]worker-43: processed 30000 vertex
[2011/12/17 02:48:14]worker-43: processed 40000 vertex
[2011/12/17 02:48:14]worker-43: processed 50000 vertex
[2011/12/17 02:48:14]worker-43: processed 60000 vertex
[2011/12/17 02:48:14]worker-43: processed 70000 vertex
[2011/12/17 02:48:14]worker-43: processed 80000 vertex
[2011/12/17 02:48:14]worker-43: processed 90000 vertex
[2011/12/17 02:48:14]worker-43: processed 100000 vertex
[2011/12/17 02:48:23]worker-43: performTermination
Executing worker-62
[2011/12/17 02:48:25]worker-62: perfortInitialization
[2011/12/17 02:48:25]worker-62: load cache
[2011/12/17 02:48:25]worker-62: finish loading cache
[2011/12/17 02:48:25]worker-31: done
Executing worker-25
[2011/12/17 02:48:25]worker-25: perfortInitialization
[2011/12/17 02:48:25]worker-25: load cache
[2011/12/17 02:48:25]worker-25: finish loading cache
[2011/12/17 02:48:25]worker-62: start receiving message
[2011/12/17 02:48:25]worker-25: start receiving message
[2011/12/17 02:48:26]worker-43: done
[2011/12/17 02:48:26]worker-25: performActionNothingPresent
[2011/12/17 02:48:26]worker-25: processed 10000 vertex
[2011/12/17 02:48:26]worker-25: processed 20000 vertex
[2011/12/17 02:48:26]worker-62: performActionNothingPresent
[2011/12/17 02:48:26]worker-62: processed 10000 vertex
[2011/12/17 02:48:26]worker-62: processed 20000 vertex
[2011/12/17 02:48:26]worker-25: processed 30000 vertex
[2011/12/17 02:48:26]worker-25: processed 40000 vertex
[2011/12/17 02:48:26]worker-62: processed 30000 vertex
[2011/12/17 02:48:26]worker-25: processed 50000 vertex
[2011/12/17 02:48:26]worker-62: processed 40000 vertex
[2011/12/17 02:48:26]worker-25: processed 60000 vertex
[2011/12/17 02:48:26]worker-62: processed 50000 vertex
[2011/12/17 02:48:26]worker-25: processed 70000 vertex
[2011/12/17 02:48:26]worker-62: processed 60000 vertex
[2011/12/17 02:48:26]worker-25: processed 80000 vertex
[2011/12/17 02:48:26]worker-62: processed 70000 vertex
[2011/12/17 02:48:26]worker-62: processed 80000 vertex
[2011/12/17 02:48:26]worker-62: processed 90000 vertex
[2011/12/17 02:48:26]worker-62: processed 100000 vertex
[2011/12/17 02:48:36]worker-25: processed 90000 vertex
[2011/12/17 02:48:36]worker-62: performTermination
[2011/12/17 02:48:36]worker-25: processed 100000 vertex
[2011/12/17 02:48:45]worker-25: performTermination
[2011/12/17 02:48:46]Launcher: finish execution
[2011/12/17 02:48:46]Launcher: free memory 3745207552
[2011/12/17 02:48:48]worker-62: done
[2011/12/17 02:48:48]worker-25: done
[2011/12/17 02:48:48]Launcher: finish execution
[2011/12/17 02:48:48]Launcher: free memory 3709128944
[2011/12/17 02:48:48]Launcher: finish execution
[2011/12/17 02:48:48]Launcher: free memory 3708884848
[2011/12/17 02:48:48]Launcher: finish execution
[2011/12/17 02:48:48]Launcher: free memory 3708640864
Executing worker-31
[2011/12/17 02:49:05]worker-31: perfortInitialization
[2011/12/17 02:49:05]worker-31: load cache
[2011/12/17 02:49:05]worker-31: finish loading cache
[2011/12/17 02:49:05]worker-31: start receiving message
Executing worker-43
[2011/12/17 02:49:05]worker-43: perfortInitialization
[2011/12/17 02:49:05]worker-43: load cache
[2011/12/17 02:49:05]worker-43: finish loading cache
[2011/12/17 02:49:05]worker-43: start receiving message
[2011/12/17 02:49:05]worker-31: performActionNothingPresent
[2011/12/17 02:49:05]worker-31: processed 10000 vertex
[2011/12/17 02:49:05]worker-31: processed 20000 vertex
[2011/12/17 02:49:05]worker-31: processed 30000 vertex
[2011/12/17 02:49:05]worker-31: processed 40000 vertex
[2011/12/17 02:49:05]worker-31: processed 50000 vertex
[2011/12/17 02:49:05]worker-31: processed 60000 vertex
[2011/12/17 02:49:05]worker-31: processed 70000 vertex
[2011/12/17 02:49:05]worker-31: processed 80000 vertex
[2011/12/17 02:49:06]worker-31: processed 90000 vertex
[2011/12/17 02:49:06]worker-31: processed 100000 vertex
Executing worker-62
[2011/12/17 02:49:06]worker-62: perfortInitialization
[2011/12/17 02:49:06]worker-62: load cache
[2011/12/17 02:49:06]worker-62: finish loading cache
[2011/12/17 02:49:15]worker-43: performActionNothingPresent
[2011/12/17 02:49:15]worker-31: performTermination
[2011/12/17 02:49:15]worker-43: processed 10000 vertex
[2011/12/17 02:49:15]worker-43: processed 20000 vertex
[2011/12/17 02:49:15]worker-43: processed 30000 vertex
[2011/12/17 02:49:15]worker-43: processed 40000 vertex
[2011/12/17 02:49:15]worker-62: start receiving message
[2011/12/17 02:49:15]worker-43: processed 50000 vertex
[2011/12/17 02:49:15]worker-43: processed 60000 vertex
[2011/12/17 02:49:15]worker-43: processed 70000 vertex
[2011/12/17 02:49:15]worker-43: processed 80000 vertex
[2011/12/17 02:49:15]worker-43: processed 90000 vertex
[2011/12/17 02:49:15]worker-43: processed 100000 vertex
[2011/12/17 02:49:25]worker-43: performTermination
[2011/12/17 02:49:25]worker-62: performActionNothingPresent
[2011/12/17 02:49:25]worker-62: processed 10000 vertex
[2011/12/17 02:49:25]worker-62: processed 20000 vertex
[2011/12/17 02:49:25]worker-62: processed 30000 vertex
[2011/12/17 02:49:25]worker-62: processed 40000 vertex
[2011/12/17 02:49:25]worker-62: processed 50000 vertex
[2011/12/17 02:49:25]worker-62: processed 60000 vertex
[2011/12/17 02:49:25]worker-62: processed 70000 vertex
[2011/12/17 02:49:25]worker-62: processed 80000 vertex
[2011/12/17 02:49:25]worker-62: processed 90000 vertex
[2011/12/17 02:49:25]worker-62: processed 100000 vertex
[2011/12/17 02:49:36]worker-62: performTermination
Executing worker-25
[2011/12/17 02:49:36]worker-25: perfortInitialization
[2011/12/17 02:49:36]worker-25: load cache
[2011/12/17 02:49:36]worker-25: finish loading cache
[2011/12/17 02:49:36]worker-25: start receiving message
[2011/12/17 02:49:38]worker-31: done
[2011/12/17 02:49:38]worker-25: performActionNothingPresent
[2011/12/17 02:49:38]worker-25: processed 10000 vertex
[2011/12/17 02:49:38]worker-25: processed 20000 vertex
[2011/12/17 02:49:38]worker-25: processed 30000 vertex
[2011/12/17 02:49:38]Launcher: finish execution
[2011/12/17 02:49:38]worker-25: processed 40000 vertex
[2011/12/17 02:49:38]worker-25: processed 50000 vertex
[2011/12/17 02:49:38]worker-25: processed 60000 vertex
[2011/12/17 02:49:38]worker-25: processed 70000 vertex
[2011/12/17 02:49:38]Launcher: free memory 3555297712
[2011/12/17 02:49:38]worker-25: processed 80000 vertex
[2011/12/17 02:49:38]worker-25: processed 90000 vertex
[2011/12/17 02:49:38]worker-25: processed 100000 vertex
[2011/12/17 02:49:48]worker-25: performTermination
[2011/12/17 02:49:48]worker-43: done
[2011/12/17 02:49:50]worker-62: done
[2011/12/17 02:49:50]Launcher: finish execution
[2011/12/17 02:49:50]Launcher: free memory 3716987832
[2011/12/17 02:49:50]worker-25: done
[2011/12/17 02:49:50]Launcher: finish execution
[2011/12/17 02:49:50]Launcher: free memory 3712367088
[2011/12/17 02:49:51]Launcher: finish execution
[2011/12/17 02:49:51]Launcher: free memory 3712207672
Executing worker-31
[2011/12/17 02:50:07]worker-31: perfortInitialization
[2011/12/17 02:50:07]worker-31: load cache
[2011/12/17 02:50:07]worker-31: finish loading cache
[2011/12/17 02:50:07]worker-31: start receiving message
Executing worker-43
[2011/12/17 02:50:08]worker-43: perfortInitialization
[2011/12/17 02:50:08]worker-43: load cache
[2011/12/17 02:50:08]worker-43: finish loading cache
[2011/12/17 02:50:08]worker-31: performActionNothingPresent
[2011/12/17 02:50:08]worker-31: processed 10000 vertex
[2011/12/17 02:50:08]worker-31: processed 20000 vertex
[2011/12/17 02:50:08]worker-31: processed 30000 vertex
[2011/12/17 02:50:08]worker-31: processed 40000 vertex
[2011/12/17 02:50:08]worker-43: start receiving message
[2011/12/17 02:50:08]worker-31: processed 50000 vertex
[2011/12/17 02:50:08]worker-31: processed 60000 vertex
[2011/12/17 02:50:08]worker-31: processed 70000 vertex
[2011/12/17 02:50:08]worker-31: processed 80000 vertex
[2011/12/17 02:50:08]worker-31: processed 90000 vertex
[2011/12/17 02:50:08]worker-31: processed 100000 vertex
[2011/12/17 02:50:17]worker-31: performTermination
[2011/12/17 02:50:17]worker-43: performActionNothingPresent
[2011/12/17 02:50:17]worker-43: processed 10000 vertex
[2011/12/17 02:50:17]worker-43: processed 20000 vertex
[2011/12/17 02:50:17]worker-43: processed 30000 vertex
[2011/12/17 02:50:17]worker-43: processed 40000 vertex
[2011/12/17 02:50:17]worker-43: processed 50000 vertex
[2011/12/17 02:50:17]worker-43: processed 60000 vertex
[2011/12/17 02:50:17]worker-43: processed 70000 vertex
[2011/12/17 02:50:17]worker-43: processed 80000 vertex
[2011/12/17 02:50:17]worker-43: processed 90000 vertex
[2011/12/17 02:50:17]worker-43: processed 100000 vertex
[2011/12/17 02:50:27]worker-43: performTermination
Executing worker-62
[2011/12/17 02:50:27]worker-62: perfortInitialization
[2011/12/17 02:50:27]worker-62: load cache
[2011/12/17 02:50:27]worker-62: finish loading cache
[2011/12/17 02:50:27]worker-62: start receiving message
[2011/12/17 02:50:29]worker-43: done
Executing worker-25
[2011/12/17 02:50:29]worker-25: perfortInitialization
[2011/12/17 02:50:29]worker-25: load cache
[2011/12/17 02:50:29]worker-25: finish loading cache
[2011/12/17 02:50:29]worker-31: done
[2011/12/17 02:50:29]worker-25: start receiving message
[2011/12/17 02:50:29]worker-62: performActionNothingPresent
[2011/12/17 02:50:29]worker-62: processed 10000 vertex
[2011/12/17 02:50:29]worker-62: processed 20000 vertex
[2011/12/17 02:50:29]worker-25: performActionNothingPresent
[2011/12/17 02:50:29]worker-62: processed 30000 vertex
[2011/12/17 02:50:29]worker-25: processed 10000 vertex
[2011/12/17 02:50:29]worker-62: processed 40000 vertex
[2011/12/17 02:50:29]worker-25: processed 20000 vertex
[2011/12/17 02:50:29]worker-62: processed 50000 vertex
[2011/12/17 02:50:29]worker-25: processed 30000 vertex
[2011/12/17 02:50:29]worker-25: processed 40000 vertex
[2011/12/17 02:50:29]worker-62: processed 60000 vertex
[2011/12/17 02:50:29]worker-25: processed 50000 vertex
[2011/12/17 02:50:29]worker-62: processed 70000 vertex
[2011/12/17 02:50:29]worker-25: processed 60000 vertex
[2011/12/17 02:50:29]worker-62: processed 80000 vertex
[2011/12/17 02:50:29]worker-25: processed 70000 vertex
[2011/12/17 02:50:29]worker-62: processed 90000 vertex
[2011/12/17 02:50:29]worker-25: processed 80000 vertex
[2011/12/17 02:50:29]worker-25: processed 90000 vertex
[2011/12/17 02:50:29]worker-62: processed 100000 vertex
[2011/12/17 02:50:29]worker-25: processed 100000 vertex
[2011/12/17 02:50:39]worker-62: performTermination
[2011/12/17 02:50:49]worker-25: performTermination
[2011/12/17 02:50:49]Launcher: finish execution
[2011/12/17 02:50:49]Launcher: free memory 3753591432
[2011/12/17 02:50:49]Launcher: finish execution
[2011/12/17 02:50:49]Launcher: free memory 3746696040
[2011/12/17 02:50:51]worker-25: done
[2011/12/17 02:50:51]worker-62: done
[2011/12/17 02:50:51]Launcher: finish execution
[2011/12/17 02:50:51]Launcher: finish execution
[2011/12/17 02:50:51]Launcher: free memory 3698685800
[2011/12/17 02:50:51]Launcher: free memory 3698685800
Executing worker-31
[2011/12/17 02:51:09]worker-31: perfortInitialization
[2011/12/17 02:51:09]worker-31: load cache
[2011/12/17 02:51:09]worker-31: finish loading cache
[2011/12/17 02:51:09]worker-31: start receiving message
Executing worker-43
[2011/12/17 02:51:09]worker-43: perfortInitialization
[2011/12/17 02:51:09]worker-43: load cache
[2011/12/17 02:51:09]worker-43: finish loading cache
[2011/12/17 02:51:09]worker-43: start receiving message
Executing worker-62
[2011/12/17 02:51:09]worker-62: perfortInitialization
[2011/12/17 02:51:09]worker-62: load cache
[2011/12/17 02:51:09]worker-62: finish loading cache
[2011/12/17 02:51:09]worker-31: performActionNothingPresent
[2011/12/17 02:51:09]worker-62: start receiving message
[2011/12/17 02:51:09]worker-31: processed 10000 vertex
[2011/12/17 02:51:09]worker-31: processed 20000 vertex
[2011/12/17 02:51:09]worker-31: processed 30000 vertex
[2011/12/17 02:51:09]worker-31: processed 40000 vertex
[2011/12/17 02:51:09]worker-31: processed 50000 vertex
[2011/12/17 02:51:09]worker-31: processed 60000 vertex
[2011/12/17 02:51:09]worker-31: processed 70000 vertex
[2011/12/17 02:51:09]worker-31: processed 80000 vertex
[2011/12/17 02:51:09]worker-31: processed 90000 vertex
[2011/12/17 02:51:09]worker-31: processed 100000 vertex
[2011/12/17 02:51:19]worker-43: performActionNothingPresent
[2011/12/17 02:51:19]worker-31: performTermination
[2011/12/17 02:51:19]worker-43: processed 10000 vertex
[2011/12/17 02:51:19]worker-62: performActionNothingPresent
[2011/12/17 02:51:19]worker-43: processed 20000 vertex
[2011/12/17 02:51:19]worker-43: processed 30000 vertex
[2011/12/17 02:51:19]worker-62: processed 10000 vertex
[2011/12/17 02:51:19]worker-43: processed 40000 vertex
[2011/12/17 02:51:19]worker-43: processed 50000 vertex
[2011/12/17 02:51:19]worker-62: processed 20000 vertex
[2011/12/17 02:51:19]worker-43: processed 60000 vertex
[2011/12/17 02:51:19]worker-62: processed 30000 vertex
[2011/12/17 02:51:19]worker-62: processed 40000 vertex
[2011/12/17 02:51:19]worker-62: processed 50000 vertex
[2011/12/17 02:51:19]worker-62: processed 60000 vertex
[2011/12/17 02:51:19]worker-62: processed 70000 vertex
[2011/12/17 02:51:19]worker-43: processed 70000 vertex
[2011/12/17 02:51:19]worker-43: processed 80000 vertex
[2011/12/17 02:51:19]worker-43: processed 90000 vertex
[2011/12/17 02:51:19]worker-62: processed 80000 vertex
[2011/12/17 02:51:19]worker-43: processed 100000 vertex
Executing worker-25
[2011/12/17 02:51:19]worker-25: perfortInitialization
[2011/12/17 02:51:19]worker-25: load cache
[2011/12/17 02:51:19]worker-25: finish loading cache
[2011/12/17 02:51:29]worker-43: performTermination
[2011/12/17 02:51:29]worker-62: processed 90000 vertex
[2011/12/17 02:51:29]worker-62: processed 100000 vertex
[2011/12/17 02:51:29]worker-25: start receiving message
[2011/12/17 02:51:31]worker-31: done
[2011/12/17 02:51:40]worker-62: performTermination
[2011/12/17 02:51:40]worker-43: done
[2011/12/17 02:51:41]worker-25: performActionNothingPresent
[2011/12/17 02:51:41]worker-25: processed 10000 vertex
[2011/12/17 02:51:41]worker-25: processed 20000 vertex
[2011/12/17 02:51:41]worker-25: processed 30000 vertex
[2011/12/17 02:51:41]worker-25: processed 40000 vertex
[2011/12/17 02:51:41]worker-25: processed 50000 vertex
[2011/12/17 02:51:41]worker-25: processed 60000 vertex
[2011/12/17 02:51:41]worker-25: processed 70000 vertex
[2011/12/17 02:51:41]worker-25: processed 80000 vertex
[2011/12/17 02:51:41]worker-25: processed 90000 vertex
[2011/12/17 02:51:41]worker-25: processed 100000 vertex
[2011/12/17 02:51:50]worker-25: performTermination
[2011/12/17 02:51:52]Launcher: finish execution
[2011/12/17 02:51:52]Launcher: free memory 3729120016
[2011/12/17 02:51:52]worker-62: done
[2011/12/17 02:51:52]Launcher: finish execution
[2011/12/17 02:51:52]Launcher: free memory 3711768240
[2011/12/17 02:51:53]worker-25: done
[2011/12/17 02:51:53]Launcher: finish execution
[2011/12/17 02:51:53]Launcher: free memory 3707853416
[2011/12/17 02:51:53]Launcher: finish execution
[2011/12/17 02:51:53]Launcher: free memory 3707744448
Executing worker-31
[2011/12/17 02:52:11]worker-31: perfortInitialization
[2011/12/17 02:52:11]worker-31: load cache
[2011/12/17 02:52:11]worker-31: finish loading cache
[2011/12/17 02:52:11]worker-31: start receiving message
[2011/12/17 02:52:11]worker-31: performActionNothingPresent
[2011/12/17 02:52:11]worker-31: processed 10000 vertex
[2011/12/17 02:52:11]worker-31: processed 20000 vertex
[2011/12/17 02:52:11]worker-31: processed 30000 vertex
[2011/12/17 02:52:11]worker-31: processed 40000 vertex
[2011/12/17 02:52:11]worker-31: processed 50000 vertex
[2011/12/17 02:52:11]worker-31: processed 60000 vertex
[2011/12/17 02:52:11]worker-31: processed 70000 vertex
[2011/12/17 02:52:11]worker-31: processed 80000 vertex
[2011/12/17 02:52:11]worker-31: processed 90000 vertex
[2011/12/17 02:52:11]worker-31: processed 100000 vertex
[2011/12/17 02:52:21]worker-31: performTermination
Executing worker-43
[2011/12/17 02:52:21]worker-43: perfortInitialization
[2011/12/17 02:52:21]worker-43: load cache
[2011/12/17 02:52:21]worker-43: finish loading cache
[2011/12/17 02:52:21]worker-43: start receiving message
Executing worker-62
[2011/12/17 02:52:21]worker-62: perfortInitialization
[2011/12/17 02:52:21]worker-62: load cache
[2011/12/17 02:52:21]worker-62: finish loading cache
[2011/12/17 02:52:21]worker-62: start receiving message
[2011/12/17 02:52:21]worker-43: performActionNothingPresent
[2011/12/17 02:52:21]worker-43: processed 10000 vertex
[2011/12/17 02:52:21]worker-43: processed 20000 vertex
[2011/12/17 02:52:21]worker-43: processed 30000 vertex
[2011/12/17 02:52:21]worker-43: processed 40000 vertex
[2011/12/17 02:52:21]worker-43: processed 50000 vertex
[2011/12/17 02:52:21]worker-43: processed 60000 vertex
[2011/12/17 02:52:21]worker-43: processed 70000 vertex
[2011/12/17 02:52:21]worker-43: processed 80000 vertex
[2011/12/17 02:52:21]worker-43: processed 90000 vertex
[2011/12/17 02:52:21]worker-43: processed 100000 vertex
[2011/12/17 02:52:31]worker-62: performActionNothingPresent
[2011/12/17 02:52:31]worker-43: performTermination
[2011/12/17 02:52:31]worker-62: processed 10000 vertex
[2011/12/17 02:52:31]worker-62: processed 20000 vertex
[2011/12/17 02:52:31]worker-62: processed 30000 vertex
[2011/12/17 02:52:31]worker-62: processed 40000 vertex
[2011/12/17 02:52:31]worker-62: processed 50000 vertex
[2011/12/17 02:52:31]worker-62: processed 60000 vertex
[2011/12/17 02:52:31]worker-62: processed 70000 vertex
[2011/12/17 02:52:31]worker-62: processed 80000 vertex
[2011/12/17 02:52:31]worker-62: processed 90000 vertex
[2011/12/17 02:52:31]worker-62: processed 100000 vertex
[2011/12/17 02:52:32]worker-31: done
[2011/12/17 02:52:42]worker-62: performTermination
Executing worker-25
[2011/12/17 02:52:42]worker-25: perfortInitialization
[2011/12/17 02:52:42]worker-25: load cache
[2011/12/17 02:52:42]worker-25: finish loading cache
[2011/12/17 02:52:42]worker-25: start receiving message
[2011/12/17 02:52:43]worker-25: performActionNothingPresent
[2011/12/17 02:52:43]worker-25: processed 10000 vertex
[2011/12/17 02:52:43]worker-25: processed 20000 vertex
[2011/12/17 02:52:43]worker-25: processed 30000 vertex
[2011/12/17 02:52:43]worker-43: done
[2011/12/17 02:52:43]worker-25: processed 40000 vertex
[2011/12/17 02:52:43]worker-25: processed 50000 vertex
[2011/12/17 02:52:43]worker-25: processed 60000 vertex
[2011/12/17 02:52:43]worker-25: processed 70000 vertex
[2011/12/17 02:52:43]worker-25: processed 80000 vertex
[2011/12/17 02:52:43]worker-25: processed 90000 vertex
[2011/12/17 02:52:43]worker-25: processed 100000 vertex
[2011/12/17 02:52:53]worker-25: performTermination
[2011/12/17 02:52:53]Launcher: finish execution
[2011/12/17 02:52:53]Launcher: free memory 3756072368
[2011/12/17 02:52:53]Launcher: finish execution
[2011/12/17 02:52:53]Launcher: free memory 3746020968
[2011/12/17 02:52:54]worker-62: done
[2011/12/17 02:52:54]Launcher: finish execution
[2011/12/17 02:52:54]Launcher: free memory 3717941728
[2011/12/17 02:52:55]worker-25: done
[2011/12/17 02:52:55]Launcher: finish execution
[2011/12/17 02:52:55]Launcher: free memory 3712623408
Executing worker-31
[2011/12/17 02:53:13]worker-31: perfortInitialization
[2011/12/17 02:53:13]worker-31: load cache
[2011/12/17 02:53:13]worker-31: finish loading cache
[2011/12/17 02:53:13]worker-31: start receiving message
[2011/12/17 02:53:13]worker-31: performActionNothingPresent
[2011/12/17 02:53:13]worker-31: processed 10000 vertex
Executing worker-43
[2011/12/17 02:53:13]worker-43: perfortInitialization
[2011/12/17 02:53:13]worker-43: load cache
[2011/12/17 02:53:13]worker-43: finish loading cache
[2011/12/17 02:53:13]worker-31: processed 20000 vertex
[2011/12/17 02:53:13]worker-31: processed 30000 vertex
[2011/12/17 02:53:13]worker-31: processed 40000 vertex
[2011/12/17 02:53:13]worker-31: processed 50000 vertex
[2011/12/17 02:53:13]worker-43: start receiving message
[2011/12/17 02:53:13]worker-31: processed 60000 vertex
[2011/12/17 02:53:13]worker-31: processed 70000 vertex
[2011/12/17 02:53:13]worker-31: processed 80000 vertex
[2011/12/17 02:53:13]worker-31: processed 90000 vertex
[2011/12/17 02:53:13]worker-31: processed 100000 vertex
Executing worker-62
[2011/12/17 02:53:13]worker-62: perfortInitialization
[2011/12/17 02:53:13]worker-62: load cache
[2011/12/17 02:53:13]worker-62: finish loading cache
[2011/12/17 02:53:23]worker-31: performTermination
[2011/12/17 02:53:23]worker-43: performActionNothingPresent
[2011/12/17 02:53:23]worker-43: processed 10000 vertex
[2011/12/17 02:53:23]worker-43: processed 20000 vertex
[2011/12/17 02:53:23]worker-43: processed 30000 vertex
[2011/12/17 02:53:23]worker-43: processed 40000 vertex
[2011/12/17 02:53:23]worker-62: start receiving message
[2011/12/17 02:53:23]worker-43: processed 50000 vertex
[2011/12/17 02:53:23]worker-43: processed 60000 vertex
[2011/12/17 02:53:23]worker-43: processed 70000 vertex
[2011/12/17 02:53:23]worker-43: processed 80000 vertex
[2011/12/17 02:53:23]worker-43: processed 90000 vertex
[2011/12/17 02:53:23]worker-43: processed 100000 vertex
[2011/12/17 02:53:33]worker-43: performTermination
[2011/12/17 02:53:33]worker-62: performActionNothingPresent
[2011/12/17 02:53:33]worker-62: processed 10000 vertex
[2011/12/17 02:53:33]worker-62: processed 20000 vertex
[2011/12/17 02:53:33]worker-62: processed 30000 vertex
[2011/12/17 02:53:33]worker-62: processed 40000 vertex
[2011/12/17 02:53:33]worker-62: processed 50000 vertex
Executing worker-25
[2011/12/17 02:53:33]worker-25: perfortInitialization
[2011/12/17 02:53:33]worker-25: load cache
[2011/12/17 02:53:33]worker-25: finish loading cache
[2011/12/17 02:53:34]worker-25: start receiving message
[2011/12/17 02:53:34]worker-62: processed 60000 vertex
[2011/12/17 02:53:34]worker-62: processed 70000 vertex
[2011/12/17 02:53:34]worker-62: processed 80000 vertex
[2011/12/17 02:53:34]worker-62: processed 90000 vertex
[2011/12/17 02:53:34]worker-62: processed 100000 vertex
[2011/12/17 02:53:35]worker-31: done
[2011/12/17 02:53:45]worker-62: performTermination
[2011/12/17 02:53:45]worker-43: done
[2011/12/17 02:53:45]worker-25: performActionNothingPresent
[2011/12/17 02:53:45]Launcher: finish execution
[2011/12/17 02:53:45]Launcher: free memory 3602352944
[2011/12/17 02:53:45]worker-25: processed 10000 vertex
[2011/12/17 02:53:45]worker-25: processed 20000 vertex
[2011/12/17 02:53:45]worker-25: processed 30000 vertex
[2011/12/17 02:53:45]worker-25: processed 40000 vertex
[2011/12/17 02:53:45]worker-25: processed 50000 vertex
[2011/12/17 02:53:45]worker-25: processed 60000 vertex
[2011/12/17 02:53:45]worker-25: processed 70000 vertex
[2011/12/17 02:53:45]worker-25: processed 80000 vertex
[2011/12/17 02:53:45]worker-25: processed 90000 vertex
[2011/12/17 02:53:45]worker-25: processed 100000 vertex
[2011/12/17 02:53:55]worker-25: performTermination
[2011/12/17 02:53:55]Launcher: finish execution
[2011/12/17 02:53:55]Launcher: free memory 3759538672
[2011/12/17 02:53:56]worker-62: done
[2011/12/17 02:53:57]worker-25: done
[2011/12/17 02:53:57]Launcher: finish execution
[2011/12/17 02:53:57]Launcher: free memory 3712268360
[2011/12/17 02:53:57]Launcher: finish execution
[2011/12/17 02:53:57]Launcher: free memory 3712190712
Executing worker-31
[2011/12/17 02:54:15]worker-31: perfortInitialization
[2011/12/17 02:54:15]worker-31: load cache
[2011/12/17 02:54:15]worker-31: finish loading cache
[2011/12/17 02:54:15]worker-31: start receiving message
Executing worker-43
[2011/12/17 02:54:15]worker-43: perfortInitialization
[2011/12/17 02:54:15]worker-43: load cache
[2011/12/17 02:54:15]worker-43: finish loading cache
[2011/12/17 02:54:15]worker-43: start receiving message
Executing worker-62
[2011/12/17 02:54:15]worker-62: perfortInitialization
[2011/12/17 02:54:15]worker-62: load cache
[2011/12/17 02:54:15]worker-62: finish loading cache
[2011/12/17 02:54:15]worker-62: start receiving message
[2011/12/17 02:54:15]worker-31: performActionNothingPresent
[2011/12/17 02:54:15]worker-31: processed 10000 vertex
[2011/12/17 02:54:15]worker-31: processed 20000 vertex
[2011/12/17 02:54:15]worker-31: processed 30000 vertex
[2011/12/17 02:54:15]worker-31: processed 40000 vertex
[2011/12/17 02:54:15]worker-31: processed 50000 vertex
[2011/12/17 02:54:15]worker-31: processed 60000 vertex
[2011/12/17 02:54:15]worker-31: processed 70000 vertex
[2011/12/17 02:54:15]worker-31: processed 80000 vertex
[2011/12/17 02:54:15]worker-31: processed 90000 vertex
[2011/12/17 02:54:15]worker-31: processed 100000 vertex
[2011/12/17 02:54:25]worker-43: performActionNothingPresent
[2011/12/17 02:54:25]worker-31: performTermination
[2011/12/17 02:54:25]worker-62: performActionNothingPresent
[2011/12/17 02:54:25]worker-62: processed 10000 vertex
[2011/12/17 02:54:25]worker-43: processed 10000 vertex
[2011/12/17 02:54:25]worker-62: processed 20000 vertex
[2011/12/17 02:54:25]worker-43: processed 20000 vertex
[2011/12/17 02:54:25]worker-43: processed 30000 vertex
[2011/12/17 02:54:25]worker-62: processed 30000 vertex
[2011/12/17 02:54:25]worker-43: processed 40000 vertex
[2011/12/17 02:54:25]worker-62: processed 40000 vertex
[2011/12/17 02:54:25]worker-62: processed 50000 vertex
[2011/12/17 02:54:25]worker-43: processed 50000 vertex
[2011/12/17 02:54:25]worker-43: processed 60000 vertex
[2011/12/17 02:54:25]worker-62: processed 60000 vertex
[2011/12/17 02:54:25]worker-43: processed 70000 vertex
[2011/12/17 02:54:25]worker-62: processed 70000 vertex
[2011/12/17 02:54:25]worker-43: processed 80000 vertex
[2011/12/17 02:54:25]worker-43: processed 90000 vertex
[2011/12/17 02:54:25]worker-62: processed 80000 vertex
[2011/12/17 02:54:25]worker-62: processed 90000 vertex
[2011/12/17 02:54:25]worker-43: processed 100000 vertex
[2011/12/17 02:54:25]worker-62: processed 100000 vertex
[2011/12/17 02:54:35]worker-43: performTermination
[2011/12/17 02:54:45]worker-62: performTermination
Executing worker-25
[2011/12/17 02:54:45]worker-25: perfortInitialization
[2011/12/17 02:54:45]worker-25: load cache
[2011/12/17 02:54:45]worker-25: finish loading cache
[2011/12/17 02:54:45]worker-25: start receiving message
[2011/12/17 02:54:46]worker-31: done
[2011/12/17 02:54:47]worker-43: done
[2011/12/17 02:54:48]worker-25: performActionNothingPresent
[2011/12/17 02:54:48]worker-25: processed 10000 vertex
[2011/12/17 02:54:48]worker-25: processed 20000 vertex
[2011/12/17 02:54:48]worker-25: processed 30000 vertex
[2011/12/17 02:54:48]worker-25: processed 40000 vertex
[2011/12/17 02:54:48]worker-25: processed 50000 vertex
[2011/12/17 02:54:48]worker-25: processed 60000 vertex
[2011/12/17 02:54:48]worker-25: processed 70000 vertex
[2011/12/17 02:54:48]worker-25: processed 80000 vertex
[2011/12/17 02:54:48]worker-25: processed 90000 vertex
[2011/12/17 02:54:48]worker-25: processed 100000 vertex
[2011/12/17 02:54:57]worker-25: performTermination
[2011/12/17 02:54:58]Launcher: finish execution
[2011/12/17 02:54:58]Launcher: free memory 3754541656
[2011/12/17 02:54:58]Launcher: finish execution
[2011/12/17 02:54:58]Launcher: free memory 3754482520
[2011/12/17 02:54:58]worker-62: done
[2011/12/17 02:54:58]Launcher: finish execution
[2011/12/17 02:54:58]Launcher: free memory 3742122432
[2011/12/17 02:55:00]worker-25: done
[2011/12/17 02:55:00]Launcher: finish execution
[2011/12/17 02:55:00]Launcher: free memory 3724602960
Executing worker-31
[2011/12/17 02:55:17]worker-31: perfortInitialization
[2011/12/17 02:55:17]worker-31: load cache
[2011/12/17 02:55:17]worker-31: finish loading cache
[2011/12/17 02:55:17]worker-31: start receiving message
Executing worker-43
[2011/12/17 02:55:18]worker-43: perfortInitialization
[2011/12/17 02:55:18]worker-43: load cache
[2011/12/17 02:55:18]worker-43: finish loading cache
[2011/12/17 02:55:18]worker-43: start receiving message
Executing worker-62
[2011/12/17 02:55:18]worker-62: perfortInitialization
[2011/12/17 02:55:18]worker-62: load cache
[2011/12/17 02:55:18]worker-62: finish loading cache
[2011/12/17 02:55:18]worker-31: performActionNothingPresent
[2011/12/17 02:55:18]worker-31: processed 10000 vertex
[2011/12/17 02:55:18]worker-62: start receiving message
[2011/12/17 02:55:18]worker-31: processed 20000 vertex
[2011/12/17 02:55:18]worker-31: processed 30000 vertex
[2011/12/17 02:55:18]worker-31: processed 40000 vertex
[2011/12/17 02:55:18]worker-31: processed 50000 vertex
[2011/12/17 02:55:18]worker-31: processed 60000 vertex
[2011/12/17 02:55:18]worker-31: processed 70000 vertex
[2011/12/17 02:55:18]worker-31: processed 80000 vertex
[2011/12/17 02:55:18]worker-31: processed 90000 vertex
[2011/12/17 02:55:18]worker-31: processed 100000 vertex
[2011/12/17 02:55:28]worker-62: performActionNothingPresent
[2011/12/17 02:55:28]worker-31: performTermination
[2011/12/17 02:55:28]worker-62: processed 10000 vertex
[2011/12/17 02:55:28]worker-62: processed 20000 vertex
[2011/12/17 02:55:28]worker-62: processed 30000 vertex
[2011/12/17 02:55:28]worker-62: processed 40000 vertex
[2011/12/17 02:55:28]worker-62: processed 50000 vertex
[2011/12/17 02:55:28]worker-62: processed 60000 vertex
[2011/12/17 02:55:28]worker-62: processed 70000 vertex
Executing worker-25
[2011/12/17 02:55:28]worker-25: perfortInitialization
[2011/12/17 02:55:28]worker-25: load cache
[2011/12/17 02:55:28]worker-25: finish loading cache
[2011/12/17 02:55:28]worker-62: processed 80000 vertex
[2011/12/17 02:55:28]worker-62: processed 90000 vertex
[2011/12/17 02:55:28]worker-25: start receiving message
[2011/12/17 02:55:28]worker-62: processed 100000 vertex
[2011/12/17 02:55:28]worker-43: performActionNothingPresent
[2011/12/17 02:55:28]worker-43: processed 10000 vertex
[2011/12/17 02:55:28]worker-43: processed 20000 vertex
[2011/12/17 02:55:28]worker-43: processed 30000 vertex
[2011/12/17 02:55:28]worker-43: processed 40000 vertex
[2011/12/17 02:55:28]worker-43: processed 50000 vertex
[2011/12/17 02:55:28]worker-43: processed 60000 vertex
[2011/12/17 02:55:28]worker-43: processed 70000 vertex
[2011/12/17 02:55:28]worker-43: processed 80000 vertex
[2011/12/17 02:55:28]worker-43: processed 90000 vertex
[2011/12/17 02:55:28]worker-43: processed 100000 vertex
[2011/12/17 02:55:37]worker-62: performTermination
[2011/12/17 02:55:47]worker-25: performActionNothingPresent
[2011/12/17 02:55:47]worker-25: processed 10000 vertex
[2011/12/17 02:55:47]worker-43: performTermination
[2011/12/17 02:55:47]worker-25: processed 20000 vertex
[2011/12/17 02:55:47]worker-25: processed 30000 vertex
[2011/12/17 02:55:47]worker-25: processed 40000 vertex
[2011/12/17 02:55:47]worker-25: processed 50000 vertex
[2011/12/17 02:55:47]worker-25: processed 60000 vertex
[2011/12/17 02:55:47]worker-25: processed 70000 vertex
[2011/12/17 02:55:47]worker-25: processed 80000 vertex
[2011/12/17 02:55:47]worker-25: processed 90000 vertex
[2011/12/17 02:55:47]worker-25: processed 100000 vertex
[2011/12/17 02:55:58]worker-25: performTermination
[2011/12/17 02:56:00]worker-62: done
[2011/12/17 02:56:01]worker-43: done
[2011/12/17 02:56:01]worker-31: done
[2011/12/17 02:56:01]Launcher: finish execution
[2011/12/17 02:56:01]Launcher: free memory 3677222992
[2011/12/17 02:56:01]Launcher: finish execution
[2011/12/17 02:56:01]Launcher: finish execution
[2011/12/17 02:56:01]Launcher: free memory 3673398632
[2011/12/17 02:56:01]Launcher: free memory 3673398632
[2011/12/17 02:56:02]worker-25: done
[2011/12/17 02:56:02]Launcher: finish execution
[2011/12/17 02:56:02]Launcher: free memory 3669575856
Executing worker-31
[2011/12/17 02:56:19]worker-31: perfortInitialization
[2011/12/17 02:56:19]worker-31: load cache
[2011/12/17 02:56:19]worker-31: finish loading cache
[2011/12/17 02:56:19]worker-31: start receiving message
Executing worker-43
[2011/12/17 02:56:19]worker-43: perfortInitialization
[2011/12/17 02:56:19]worker-43: load cache
[2011/12/17 02:56:19]worker-43: finish loading cache
[2011/12/17 02:56:19]worker-43: start receiving message
[2011/12/17 02:56:19]worker-31: performActionNothingPresent
[2011/12/17 02:56:19]worker-31: processed 10000 vertex
[2011/12/17 02:56:19]worker-31: processed 20000 vertex
[2011/12/17 02:56:19]worker-31: processed 30000 vertex
[2011/12/17 02:56:19]worker-31: processed 40000 vertex
[2011/12/17 02:56:19]worker-31: processed 50000 vertex
[2011/12/17 02:56:19]worker-31: processed 60000 vertex
[2011/12/17 02:56:19]worker-31: processed 70000 vertex
[2011/12/17 02:56:19]worker-31: processed 80000 vertex
Executing worker-62
[2011/12/17 02:56:19]worker-62: perfortInitialization
[2011/12/17 02:56:19]worker-62: load cache
[2011/12/17 02:56:19]worker-62: finish loading cache
[2011/12/17 02:56:19]worker-31: processed 90000 vertex
[2011/12/17 02:56:19]worker-43: performActionNothingPresent
[2011/12/17 02:56:19]worker-43: processed 10000 vertex
[2011/12/17 02:56:19]worker-62: start receiving message
[2011/12/17 02:56:19]worker-31: processed 100000 vertex
[2011/12/17 02:56:20]worker-43: processed 20000 vertex
[2011/12/17 02:56:20]worker-43: processed 30000 vertex
[2011/12/17 02:56:29]worker-62: performActionNothingPresent
[2011/12/17 02:56:29]worker-31: performTermination
[2011/12/17 02:56:29]worker-62: processed 10000 vertex
[2011/12/17 02:56:29]worker-43: processed 40000 vertex
[2011/12/17 02:56:29]worker-43: processed 50000 vertex
[2011/12/17 02:56:29]worker-62: processed 20000 vertex
[2011/12/17 02:56:29]worker-43: processed 60000 vertex
[2011/12/17 02:56:29]worker-62: processed 30000 vertex
[2011/12/17 02:56:29]worker-62: processed 40000 vertex
[2011/12/17 02:56:29]worker-43: processed 70000 vertex
[2011/12/17 02:56:29]worker-62: processed 50000 vertex
[2011/12/17 02:56:29]worker-62: processed 60000 vertex
[2011/12/17 02:56:29]worker-62: processed 70000 vertex
[2011/12/17 02:56:29]worker-43: processed 80000 vertex
[2011/12/17 02:56:29]worker-43: processed 90000 vertex
[2011/12/17 02:56:29]worker-62: processed 80000 vertex
[2011/12/17 02:56:29]worker-62: processed 90000 vertex
[2011/12/17 02:56:29]worker-62: processed 100000 vertex
[2011/12/17 02:56:29]worker-43: processed 100000 vertex
Executing worker-25
[2011/12/17 02:56:29]worker-25: perfortInitialization
[2011/12/17 02:56:29]worker-25: load cache
[2011/12/17 02:56:29]worker-25: finish loading cache
[2011/12/17 02:56:39]worker-43: performTermination
[2011/12/17 02:56:49]worker-62: performTermination
[2011/12/17 02:56:49]worker-25: start receiving message
[2011/12/17 02:56:51]worker-62: done
[2011/12/17 02:56:51]worker-25: performActionNothingPresent
[2011/12/17 02:56:51]worker-25: processed 10000 vertex
[2011/12/17 02:56:51]worker-25: processed 20000 vertex
[2011/12/17 02:56:51]worker-25: processed 30000 vertex
[2011/12/17 02:56:51]worker-25: processed 40000 vertex
[2011/12/17 02:56:51]worker-25: processed 50000 vertex
[2011/12/17 02:56:51]worker-25: processed 60000 vertex
[2011/12/17 02:56:51]worker-25: processed 70000 vertex
[2011/12/17 02:56:51]worker-25: processed 80000 vertex
[2011/12/17 02:56:51]worker-25: processed 90000 vertex
[2011/12/17 02:56:51]worker-25: processed 100000 vertex
[2011/12/17 02:57:01]worker-25: performTermination
[2011/12/17 02:57:01]Launcher: finish execution
[2011/12/17 02:57:01]Launcher: free memory 3756872064
[2011/12/17 02:57:02]worker-31: done
[2011/12/17 02:57:02]worker-43: done
[2011/12/17 02:57:02]Launcher: finish execution
[2011/12/17 02:57:02]Launcher: finish execution
[2011/12/17 02:57:02]Launcher: free memory 3728816920
[2011/12/17 02:57:02]Launcher: free memory 3728816920
[2011/12/17 02:57:03]worker-25: done
[2011/12/17 02:57:04]Launcher: finish execution
[2011/12/17 02:57:04]Launcher: free memory 3715149056
Executing worker-31
[2011/12/17 02:57:20]worker-31: perfortInitialization
[2011/12/17 02:57:20]worker-31: load cache
[2011/12/17 02:57:20]worker-31: finish loading cache
[2011/12/17 02:57:20]worker-31: start receiving message
Executing worker-43
[2011/12/17 02:57:21]worker-43: perfortInitialization
[2011/12/17 02:57:21]worker-43: load cache
[2011/12/17 02:57:21]worker-43: finish loading cache
[2011/12/17 02:57:21]worker-43: start receiving message
[2011/12/17 02:57:21]worker-31: performActionNothingPresent
[2011/12/17 02:57:21]worker-31: processed 10000 vertex
[2011/12/17 02:57:21]worker-31: processed 20000 vertex
[2011/12/17 02:57:21]worker-31: processed 30000 vertex
[2011/12/17 02:57:21]worker-31: processed 40000 vertex
[2011/12/17 02:57:21]worker-31: processed 50000 vertex
[2011/12/17 02:57:21]worker-31: processed 60000 vertex
[2011/12/17 02:57:21]worker-31: processed 70000 vertex
[2011/12/17 02:57:21]worker-31: processed 80000 vertex
[2011/12/17 02:57:21]worker-31: processed 90000 vertex
[2011/12/17 02:57:21]worker-31: processed 100000 vertex
[2011/12/17 02:57:30]worker-31: performTermination
[2011/12/17 02:57:30]worker-43: performActionNothingPresent
[2011/12/17 02:57:30]worker-43: processed 10000 vertex
[2011/12/17 02:57:30]worker-43: processed 20000 vertex
[2011/12/17 02:57:30]worker-43: processed 30000 vertex
[2011/12/17 02:57:30]worker-43: processed 40000 vertex
[2011/12/17 02:57:30]worker-43: processed 50000 vertex
[2011/12/17 02:57:30]worker-43: processed 60000 vertex
[2011/12/17 02:57:30]worker-43: processed 70000 vertex
Executing worker-62
[2011/12/17 02:57:30]worker-62: perfortInitialization
[2011/12/17 02:57:30]worker-62: load cache
[2011/12/17 02:57:30]worker-62: finish loading cache
[2011/12/17 02:57:30]worker-43: processed 80000 vertex
[2011/12/17 02:57:30]worker-43: processed 90000 vertex
[2011/12/17 02:57:30]worker-62: start receiving message
[2011/12/17 02:57:30]worker-43: processed 100000 vertex
[2011/12/17 02:57:40]worker-43: performTermination
[2011/12/17 02:57:41]worker-62: performActionNothingPresent
[2011/12/17 02:57:41]worker-62: processed 10000 vertex
[2011/12/17 02:57:41]worker-62: processed 20000 vertex
[2011/12/17 02:57:41]worker-62: processed 30000 vertex
[2011/12/17 02:57:41]worker-62: processed 40000 vertex
[2011/12/17 02:57:41]worker-62: processed 50000 vertex
[2011/12/17 02:57:41]worker-62: processed 60000 vertex
[2011/12/17 02:57:41]worker-62: processed 70000 vertex
[2011/12/17 02:57:41]worker-62: processed 80000 vertex
[2011/12/17 02:57:41]worker-62: processed 90000 vertex
[2011/12/17 02:57:41]worker-62: processed 100000 vertex
[2011/12/17 02:57:51]worker-62: performTermination
Executing worker-25
[2011/12/17 02:57:51]worker-25: perfortInitialization
[2011/12/17 02:57:51]worker-25: load cache
[2011/12/17 02:57:51]worker-25: finish loading cache
[2011/12/17 02:57:51]worker-25: start receiving message
[2011/12/17 02:57:52]worker-25: performActionNothingPresent
[2011/12/17 02:57:52]worker-25: processed 10000 vertex
[2011/12/17 02:57:52]worker-25: processed 20000 vertex
[2011/12/17 02:57:52]worker-25: processed 30000 vertex
[2011/12/17 02:57:52]worker-25: processed 40000 vertex
[2011/12/17 02:57:52]worker-25: processed 50000 vertex
[2011/12/17 02:57:52]worker-25: processed 60000 vertex
[2011/12/17 02:57:52]worker-25: processed 70000 vertex
[2011/12/17 02:57:52]worker-25: processed 80000 vertex
[2011/12/17 02:57:52]worker-25: processed 90000 vertex
[2011/12/17 02:57:52]worker-25: processed 100000 vertex
[2011/12/17 02:58:02]worker-25: performTermination
[2011/12/17 02:58:04]worker-43: done
[2011/12/17 02:58:04]worker-31: done
[2011/12/17 02:58:04]worker-62: done
[2011/12/17 02:58:04]worker-25: done
[2011/12/17 02:58:04]Launcher: finish execution
[2011/12/17 02:58:04]Launcher: finish execution
[2011/12/17 02:58:04]Launcher: finish execution
[2011/12/17 02:58:04]Launcher: free memory 3701522104
[2011/12/17 02:58:04]Launcher: free memory 3701466176
[2011/12/17 02:58:04]Launcher: free memory 3701466176
[2011/12/17 02:58:04]Launcher: finish execution
[2011/12/17 02:58:04]Launcher: free memory 3701432520
Executing worker-31
[2011/12/17 02:58:22]worker-31: perfortInitialization
[2011/12/17 02:58:22]worker-31: load cache
[2011/12/17 02:58:22]worker-31: finish loading cache
[2011/12/17 02:58:22]worker-31: start receiving message
[2011/12/17 02:58:23]worker-31: performActionNothingPresent
[2011/12/17 02:58:23]worker-31: processed 10000 vertex
[2011/12/17 02:58:23]worker-31: processed 20000 vertex
[2011/12/17 02:58:23]worker-31: processed 30000 vertex
[2011/12/17 02:58:23]worker-31: processed 40000 vertex
[2011/12/17 02:58:23]worker-31: processed 50000 vertex
[2011/12/17 02:58:23]worker-31: processed 60000 vertex
Executing worker-43
[2011/12/17 02:58:23]worker-43: perfortInitialization
[2011/12/17 02:58:23]worker-43: load cache
[2011/12/17 02:58:23]worker-43: finish loading cache
[2011/12/17 02:58:23]worker-31: processed 70000 vertex
[2011/12/17 02:58:23]worker-31: processed 80000 vertex
[2011/12/17 02:58:23]worker-43: start receiving message
[2011/12/17 02:58:23]worker-31: processed 90000 vertex
[2011/12/17 02:58:23]worker-31: processed 100000 vertex
[2011/12/17 02:58:32]worker-43: performActionNothingPresent
[2011/12/17 02:58:32]worker-31: performTermination
[2011/12/17 02:58:32]worker-43: processed 10000 vertex
[2011/12/17 02:58:32]worker-43: processed 20000 vertex
[2011/12/17 02:58:32]worker-43: processed 30000 vertex
[2011/12/17 02:58:32]worker-43: processed 40000 vertex
[2011/12/17 02:58:32]worker-43: processed 50000 vertex
[2011/12/17 02:58:32]worker-43: processed 60000 vertex
[2011/12/17 02:58:32]worker-43: processed 70000 vertex
[2011/12/17 02:58:32]worker-43: processed 80000 vertex
[2011/12/17 02:58:32]worker-43: processed 90000 vertex
[2011/12/17 02:58:32]worker-43: processed 100000 vertex
[2011/12/17 02:58:42]worker-43: performTermination
Executing worker-62
[2011/12/17 02:58:43]worker-62: perfortInitialization
[2011/12/17 02:58:43]worker-62: load cache
[2011/12/17 02:58:43]worker-62: finish loading cache
[2011/12/17 02:58:43]worker-62: start receiving message
[2011/12/17 02:58:44]worker-31: done
Executing worker-25
[2011/12/17 02:58:44]worker-25: perfortInitialization
[2011/12/17 02:58:44]worker-25: load cache
[2011/12/17 02:58:44]worker-25: finish loading cache
[2011/12/17 02:58:44]worker-25: start receiving message
[2011/12/17 02:58:44]worker-43: done
[2011/12/17 02:58:44]worker-62: performActionNothingPresent
[2011/12/17 02:58:44]worker-62: processed 10000 vertex
[2011/12/17 02:58:44]worker-25: performActionNothingPresent
[2011/12/17 02:58:44]worker-62: processed 20000 vertex
[2011/12/17 02:58:44]worker-25: processed 10000 vertex
[2011/12/17 02:58:44]worker-25: processed 20000 vertex
[2011/12/17 02:58:44]worker-62: processed 30000 vertex
[2011/12/17 02:58:44]worker-25: processed 30000 vertex
[2011/12/17 02:58:44]worker-62: processed 40000 vertex
[2011/12/17 02:58:44]worker-25: processed 40000 vertex
[2011/12/17 02:58:44]worker-62: processed 50000 vertex
[2011/12/17 02:58:44]worker-25: processed 50000 vertex
[2011/12/17 02:58:44]worker-62: processed 60000 vertex
[2011/12/17 02:58:44]worker-25: processed 60000 vertex
[2011/12/17 02:58:44]worker-25: processed 70000 vertex
[2011/12/17 02:58:44]worker-62: processed 70000 vertex
[2011/12/17 02:58:44]worker-25: processed 80000 vertex
[2011/12/17 02:58:44]worker-62: processed 80000 vertex
[2011/12/17 02:58:44]worker-25: processed 90000 vertex
[2011/12/17 02:58:44]worker-62: processed 90000 vertex
[2011/12/17 02:58:44]worker-25: processed 100000 vertex
[2011/12/17 02:58:44]worker-62: processed 100000 vertex
[2011/12/17 02:58:54]worker-25: performTermination
[2011/12/17 02:59:04]worker-62: performTermination
[2011/12/17 02:59:04]Launcher: finish execution
[2011/12/17 02:59:04]Launcher: free memory 3758976360
[2011/12/17 02:59:04]Launcher: finish execution
[2011/12/17 02:59:05]Launcher: free memory 3745434552
[2011/12/17 02:59:06]worker-25: done
[2011/12/17 02:59:06]worker-62: done
[2011/12/17 02:59:06]Launcher: finish execution
[2011/12/17 02:59:06]Launcher: free memory 3707322304
[2011/12/17 02:59:06]Launcher: finish execution
[2011/12/17 02:59:06]Launcher: free memory 3707302192
Executing worker-31
[2011/12/17 02:59:25]worker-31: perfortInitialization
[2011/12/17 02:59:25]worker-31: load cache
[2011/12/17 02:59:25]worker-31: finish loading cache
[2011/12/17 02:59:25]worker-31: start receiving message
Executing worker-43
[2011/12/17 02:59:25]worker-43: perfortInitialization
[2011/12/17 02:59:25]worker-43: load cache
[2011/12/17 02:59:25]worker-43: finish loading cache
Executing worker-62
[2011/12/17 02:59:25]worker-62: perfortInitialization
[2011/12/17 02:59:25]worker-62: load cache
[2011/12/17 02:59:25]worker-62: finish loading cache
[2011/12/17 02:59:25]worker-43: start receiving message
[2011/12/17 02:59:25]worker-62: start receiving message
[2011/12/17 02:59:25]worker-31: performActionNothingPresent
[2011/12/17 02:59:25]worker-31: processed 10000 vertex
[2011/12/17 02:59:25]worker-31: processed 20000 vertex
[2011/12/17 02:59:25]worker-31: processed 30000 vertex
[2011/12/17 02:59:25]worker-31: processed 40000 vertex
[2011/12/17 02:59:25]worker-31: processed 50000 vertex
[2011/12/17 02:59:25]worker-31: processed 60000 vertex
[2011/12/17 02:59:25]worker-31: processed 70000 vertex
[2011/12/17 02:59:26]worker-31: processed 80000 vertex
[2011/12/17 02:59:26]worker-31: processed 90000 vertex
[2011/12/17 02:59:26]worker-31: processed 100000 vertex
[2011/12/17 02:59:35]worker-62: performActionNothingPresent
[2011/12/17 02:59:35]worker-43: performActionNothingPresent
[2011/12/17 02:59:35]worker-43: processed 10000 vertex
[2011/12/17 02:59:35]worker-31: performTermination
[2011/12/17 02:59:35]worker-62: processed 10000 vertex
[2011/12/17 02:59:35]worker-43: processed 20000 vertex
[2011/12/17 02:59:35]worker-62: processed 20000 vertex
[2011/12/17 02:59:35]worker-62: processed 30000 vertex
[2011/12/17 02:59:35]worker-62: processed 40000 vertex
[2011/12/17 02:59:35]worker-62: processed 50000 vertex
[2011/12/17 02:59:35]worker-62: processed 60000 vertex
[2011/12/17 02:59:35]worker-62: processed 70000 vertex
[2011/12/17 02:59:35]worker-62: processed 80000 vertex
[2011/12/17 02:59:35]worker-62: processed 90000 vertex
[2011/12/17 02:59:35]worker-62: processed 100000 vertex
[2011/12/17 02:59:35]worker-43: processed 30000 vertex
Executing worker-25
[2011/12/17 02:59:35]worker-25: perfortInitialization
[2011/12/17 02:59:35]worker-25: load cache
[2011/12/17 02:59:35]worker-25: finish loading cache
[2011/12/17 02:59:35]worker-43: processed 40000 vertex
[2011/12/17 02:59:35]worker-43: processed 50000 vertex
[2011/12/17 02:59:35]worker-43: processed 60000 vertex
[2011/12/17 02:59:45]worker-62: performTermination
[2011/12/17 02:59:45]worker-43: processed 70000 vertex
[2011/12/17 02:59:45]worker-43: processed 80000 vertex
[2011/12/17 02:59:45]worker-43: processed 90000 vertex
[2011/12/17 02:59:45]worker-43: processed 100000 vertex
[2011/12/17 02:59:45]worker-25: start receiving message
[2011/12/17 02:59:47]worker-31: done
[2011/12/17 02:59:57]worker-43: performTermination
[2011/12/17 02:59:57]worker-62: done
[2011/12/17 02:59:57]worker-25: performActionNothingPresent
[2011/12/17 02:59:57]worker-25: processed 10000 vertex
[2011/12/17 02:59:57]worker-25: processed 20000 vertex
[2011/12/17 02:59:57]worker-25: processed 30000 vertex
[2011/12/17 02:59:57]worker-25: processed 40000 vertex
[2011/12/17 02:59:57]worker-25: processed 50000 vertex
[2011/12/17 02:59:57]worker-25: processed 60000 vertex
[2011/12/17 02:59:57]worker-25: processed 70000 vertex
[2011/12/17 02:59:57]worker-25: processed 80000 vertex
[2011/12/17 02:59:57]worker-25: processed 90000 vertex
[2011/12/17 02:59:57]worker-25: processed 100000 vertex
[2011/12/17 03:00:07]worker-25: performTermination
[2011/12/17 03:00:07]Launcher: finish execution
[2011/12/17 03:00:07]Launcher: finish execution
[2011/12/17 03:00:07]Launcher: free memory 3761049504
[2011/12/17 03:00:07]Launcher: free memory 3761033088
[2011/12/17 03:00:09]worker-43: done
[2011/12/17 03:00:09]Launcher: finish execution
[2011/12/17 03:00:09]Launcher: free memory 3710228608
[2011/12/17 03:00:09]worker-25: done
[2011/12/17 03:00:09]Launcher: finish execution
[2011/12/17 03:00:09]Launcher: free memory 3706459488
Executing worker-31
[2011/12/17 03:00:27]worker-31: perfortInitialization
[2011/12/17 03:00:27]worker-31: load cache
[2011/12/17 03:00:27]worker-31: finish loading cache
[2011/12/17 03:00:27]worker-31: start receiving message
Executing worker-43
[2011/12/17 03:00:27]worker-43: perfortInitialization
[2011/12/17 03:00:27]worker-43: load cache
[2011/12/17 03:00:27]worker-43: finish loading cache
[2011/12/17 03:00:27]worker-43: start receiving message
[2011/12/17 03:00:27]worker-31: performActionNothingPresent
[2011/12/17 03:00:27]worker-31: processed 10000 vertex
[2011/12/17 03:00:27]worker-31: processed 20000 vertex
[2011/12/17 03:00:27]worker-31: processed 30000 vertex
[2011/12/17 03:00:27]worker-31: processed 40000 vertex
[2011/12/17 03:00:28]worker-31: processed 50000 vertex
[2011/12/17 03:00:28]worker-31: processed 60000 vertex
Executing worker-62
[2011/12/17 03:00:28]worker-31: processed 70000 vertex
[2011/12/17 03:00:28]worker-62: perfortInitialization
[2011/12/17 03:00:28]worker-62: load cache
[2011/12/17 03:00:28]worker-62: finish loading cache
[2011/12/17 03:00:28]worker-31: processed 80000 vertex
[2011/12/17 03:00:28]worker-31: processed 90000 vertex
[2011/12/17 03:00:28]worker-31: processed 100000 vertex
[2011/12/17 03:00:28]worker-62: start receiving message
[2011/12/17 03:00:37]worker-31: performTermination
[2011/12/17 03:00:37]worker-43: performActionNothingPresent
[2011/12/17 03:00:37]worker-43: processed 10000 vertex
[2011/12/17 03:00:37]worker-43: processed 20000 vertex
[2011/12/17 03:00:37]worker-43: processed 30000 vertex
[2011/12/17 03:00:37]worker-43: processed 40000 vertex
[2011/12/17 03:00:37]worker-43: processed 50000 vertex
[2011/12/17 03:00:37]worker-43: processed 60000 vertex
[2011/12/17 03:00:37]worker-43: processed 70000 vertex
[2011/12/17 03:00:37]worker-43: processed 80000 vertex
[2011/12/17 03:00:37]worker-43: processed 90000 vertex
[2011/12/17 03:00:37]worker-43: processed 100000 vertex
[2011/12/17 03:00:47]worker-43: performTermination
[2011/12/17 03:00:47]worker-62: performActionNothingPresent
[2011/12/17 03:00:47]worker-62: processed 10000 vertex
[2011/12/17 03:00:47]worker-62: processed 20000 vertex
[2011/12/17 03:00:47]worker-62: processed 30000 vertex
[2011/12/17 03:00:47]worker-62: processed 40000 vertex
[2011/12/17 03:00:47]worker-62: processed 50000 vertex
[2011/12/17 03:00:47]worker-62: processed 60000 vertex
[2011/12/17 03:00:47]worker-62: processed 70000 vertex
[2011/12/17 03:00:47]worker-62: processed 80000 vertex
[2011/12/17 03:00:47]worker-62: processed 90000 vertex
[2011/12/17 03:00:47]worker-62: processed 100000 vertex
[2011/12/17 03:00:57]worker-62: performTermination
[2011/12/17 03:00:59]worker-31: done
[2011/12/17 03:01:00]worker-43: done
Executing worker-25
[2011/12/17 03:01:00]worker-25: perfortInitialization
[2011/12/17 03:01:00]worker-25: load cache
[2011/12/17 03:01:00]worker-25: finish loading cache
[2011/12/17 03:01:00]worker-25: start receiving message
[2011/12/17 03:01:00]worker-25: performActionNothingPresent
[2011/12/17 03:01:00]worker-25: processed 10000 vertex
[2011/12/17 03:01:00]worker-25: processed 20000 vertex
[2011/12/17 03:01:00]worker-25: processed 30000 vertex
[2011/12/17 03:01:00]worker-25: processed 40000 vertex
[2011/12/17 03:01:00]worker-25: processed 50000 vertex
[2011/12/17 03:01:00]worker-25: processed 60000 vertex
[2011/12/17 03:01:00]worker-25: processed 70000 vertex
[2011/12/17 03:01:00]worker-25: processed 80000 vertex
[2011/12/17 03:01:00]worker-25: processed 90000 vertex
[2011/12/17 03:01:00]worker-25: processed 100000 vertex
[2011/12/17 03:01:10]worker-25: performTermination
[2011/12/17 03:01:10]worker-62: done
[2011/12/17 03:01:10]Launcher: finish execution
[2011/12/17 03:01:10]Launcher: free memory 3755581072
[2011/12/17 03:01:10]Launcher: finish execution
[2011/12/17 03:01:10]Launcher: free memory 3752943784
[2011/12/17 03:01:10]Launcher: finish execution
[2011/12/17 03:01:10]Launcher: free memory 3752926312
[2011/12/17 03:01:12]worker-25: done
[2011/12/17 03:01:12]Launcher: finish execution
[2011/12/17 03:01:12]Launcher: free memory 3726427648
Executing worker-31
[2011/12/17 03:01:29]worker-31: perfortInitialization
[2011/12/17 03:01:29]worker-31: load cache
[2011/12/17 03:01:29]worker-31: finish loading cache
[2011/12/17 03:01:29]worker-31: start receiving message
[2011/12/17 03:01:29]worker-31: performActionNothingPresent
[2011/12/17 03:01:29]worker-31: processed 10000 vertex
[2011/12/17 03:01:29]worker-31: processed 20000 vertex
[2011/12/17 03:01:29]worker-31: processed 30000 vertex
[2011/12/17 03:01:29]worker-31: processed 40000 vertex
[2011/12/17 03:01:29]worker-31: processed 50000 vertex
[2011/12/17 03:01:29]worker-31: processed 60000 vertex
[2011/12/17 03:01:29]worker-31: processed 70000 vertex
[2011/12/17 03:01:29]worker-31: processed 80000 vertex
[2011/12/17 03:01:29]worker-31: processed 90000 vertex
[2011/12/17 03:01:29]worker-31: processed 100000 vertex
[2011/12/17 03:01:39]worker-31: performTermination
Executing worker-43
[2011/12/17 03:01:39]worker-43: perfortInitialization
[2011/12/17 03:01:39]worker-43: load cache
[2011/12/17 03:01:39]worker-43: finish loading cache
[2011/12/17 03:01:39]worker-43: start receiving message
Executing worker-62
[2011/12/17 03:01:39]worker-62: perfortInitialization
[2011/12/17 03:01:39]worker-62: load cache
[2011/12/17 03:01:39]worker-62: finish loading cache
[2011/12/17 03:01:39]worker-62: start receiving message
[2011/12/17 03:01:39]worker-43: performActionNothingPresent
[2011/12/17 03:01:39]worker-43: processed 10000 vertex
[2011/12/17 03:01:39]worker-43: processed 20000 vertex
[2011/12/17 03:01:39]worker-43: processed 30000 vertex
[2011/12/17 03:01:39]worker-43: processed 40000 vertex
[2011/12/17 03:01:39]worker-43: processed 50000 vertex
[2011/12/17 03:01:39]worker-43: processed 60000 vertex
[2011/12/17 03:01:39]worker-43: processed 70000 vertex
[2011/12/17 03:01:39]worker-43: processed 80000 vertex
[2011/12/17 03:01:39]worker-43: processed 90000 vertex
[2011/12/17 03:01:39]worker-43: processed 100000 vertex
[2011/12/17 03:01:49]worker-43: performTermination
[2011/12/17 03:01:49]worker-62: performActionNothingPresent
[2011/12/17 03:01:49]worker-62: processed 10000 vertex
[2011/12/17 03:01:49]worker-62: processed 20000 vertex
[2011/12/17 03:01:49]worker-62: processed 30000 vertex
[2011/12/17 03:01:49]worker-62: processed 40000 vertex
[2011/12/17 03:01:49]worker-62: processed 50000 vertex
[2011/12/17 03:01:49]worker-62: processed 60000 vertex
[2011/12/17 03:01:49]worker-62: processed 70000 vertex
Executing worker-25
[2011/12/17 03:01:49]worker-25: perfortInitialization
[2011/12/17 03:01:49]worker-25: load cache
[2011/12/17 03:01:49]worker-25: finish loading cache
[2011/12/17 03:01:49]worker-25: start receiving message
[2011/12/17 03:01:49]worker-62: processed 80000 vertex
[2011/12/17 03:01:50]worker-62: processed 90000 vertex
[2011/12/17 03:01:50]worker-62: processed 100000 vertex
[2011/12/17 03:01:51]worker-31: done
[2011/12/17 03:02:01]worker-62: performTermination
[2011/12/17 03:02:01]worker-43: done
[2011/12/17 03:02:01]Launcher: finish execution
[2011/12/17 03:02:01]worker-25: performActionNothingPresent
[2011/12/17 03:02:01]Launcher: free memory 3760746832
[2011/12/17 03:02:01]worker-25: processed 10000 vertex
[2011/12/17 03:02:01]worker-25: processed 20000 vertex
[2011/12/17 03:02:01]worker-25: processed 30000 vertex
[2011/12/17 03:02:01]worker-25: processed 40000 vertex
[2011/12/17 03:02:01]worker-25: processed 50000 vertex
[2011/12/17 03:02:01]worker-25: processed 60000 vertex
[2011/12/17 03:02:01]worker-25: processed 70000 vertex
[2011/12/17 03:02:01]worker-25: processed 80000 vertex
[2011/12/17 03:02:01]worker-25: processed 90000 vertex
[2011/12/17 03:02:01]worker-25: processed 100000 vertex
[2011/12/17 03:02:11]worker-25: performTermination
[2011/12/17 03:02:11]Launcher: finish execution
[2011/12/17 03:02:11]Launcher: free memory 3749141752
[2011/12/17 03:02:13]worker-62: done
[2011/12/17 03:02:13]Launcher: finish execution
[2011/12/17 03:02:13]Launcher: free memory 3711203096
[2011/12/17 03:02:13]worker-25: done
[2011/12/17 03:02:13]Launcher: finish execution
[2011/12/17 03:02:13]Launcher: free memory 3710554736
